[ 2017-03-01T09:38:44+08:00 ] 127.0.0.1 /index.php?c=index&a=build_html
INFO: [ app_begin ] --START--
INFO: Run Behavior\ReadHtmlCacheBehavior [ RunTime:0.001000s ]
INFO: [ app_begin ] --END-- [ RunTime:0.001000s ]
NOTIC: [2048] Declaration of Home\Controller\CommonController::error() should be compatible with Think\Controller::error($message = '', $jumpUrl = '', $ajax = false) D:\wamp64\www\muke\Application\Home\Controller\CommonController.class.php 第 26 行.
NOTIC: [2048] Declaration of Common\Model\NewsModel::select() should be compatible with Think\Model::select($options = Array) D:\wamp64\www\muke\Application\Common\Model\NewsModel.class.php 第 6 行.
NOTIC: [2048] Declaration of Common\Model\NewsModel::find() should be compatible with Think\Model::find($options = Array) D:\wamp64\www\muke\Application\Common\Model\NewsModel.class.php 第 6 行.
SQL: SELECT * FROM `cms_news` WHERE `status` = 1 ORDER BY count desc,news_id desc  [ RunTime:0.0010s ]
NOTIC: [2048] Declaration of Common\Model\PositionContentModel::select() should be compatible with Think\Model::select($options = Array) D:\wamp64\www\muke\Application\Common\Model\PositionContentModel.class.php 第 99 行.
NOTIC: [2048] Declaration of Common\Model\PositionContentModel::find() should be compatible with Think\Model::find($options = Array) D:\wamp64\www\muke\Application\Common\Model\PositionContentModel.class.php 第 99 行.
SQL: SELECT * FROM `cms_position_content` WHERE `status` = 1 AND `position_id` = 1 LIMIT 1   [ RunTime:0.0010s ]
SQL: SELECT * FROM `cms_position_content` WHERE `status` = 1 AND `position_id` = 3 LIMIT 3   [ RunTime:0.0000s ]
SQL: SELECT * FROM `cms_position_content` WHERE `status` = 1 AND `position_id` = 5 LIMIT 2   [ RunTime:0.0000s ]
SQL: SELECT * FROM `cms_news` WHERE `status` = 1 AND `thumb` <> '' LIMIT 30   [ RunTime:0.0000s ]
INFO: [ view_parse ] --START--
INFO: [ template_filter ] --START--
INFO: Run Behavior\ContentReplaceBehavior [ RunTime:0.000000s ]
INFO: [ template_filter ] --END-- [ RunTime:0.001000s ]
NOTIC: [2048] Declaration of Common\Model\BasicModel::save() should be compatible with Think\Model::save($data = '', $options = Array) D:\wamp64\www\muke\Application\Common\Model\BasicModel.class.php 第 24 行.
NOTIC: [2048] Declaration of Common\Model\BasicModel::select() should be compatible with Think\Model::select($options = Array) D:\wamp64\www\muke\Application\Common\Model\BasicModel.class.php 第 24 行.
NOTIC: [2048] Declaration of Common\Model\MenuModel::find() should be compatible with Think\Model::find($options = Array) D:\wamp64\www\muke\Application\Common\Model\MenuModel.class.php 第 106 行.
SQL: SELECT `menu_id`,`name` FROM `cms_menu` WHERE `status` <> -1 AND `type` = 0 ORDER BY listorder desc,menu_id desc  [ RunTime:0.0000s ]
NOTIC: [8] Undefined offset: 0 D:\wamp64\www\muke\Application\Runtime\Cache\Home\2a94b8bda04ff446dcedd42276fc99ee.php 第 35 行.
NOTIC: [8] Undefined offset: 0 D:\wamp64\www\muke\Application\Runtime\Cache\Home\2a94b8bda04ff446dcedd42276fc99ee.php 第 35 行.
INFO: Run Behavior\ParseTemplateBehavior [ RunTime:0.027001s ]
INFO: [ view_parse ] --END-- [ RunTime:0.027001s ]
INFO: [ view_filter ] --START--
INFO: Run Behavior\WriteHtmlCacheBehavior [ RunTime:0.001000s ]
INFO: [ view_filter ] --END-- [ RunTime:0.001000s ]

[ 2017-03-01T09:44:05+08:00 ] 127.0.0.1 /index.php?c=index&a=build_html
INFO: [ app_begin ] --START--
INFO: Run Behavior\ReadHtmlCacheBehavior [ RunTime:0.001000s ]
INFO: [ app_begin ] --END-- [ RunTime:0.001000s ]
NOTIC: [2048] Declaration of Home\Controller\CommonController::error() should be compatible with Think\Controller::error($message = '', $jumpUrl = '', $ajax = false) D:\wamp64\www\muke\Application\Home\Controller\CommonController.class.php 第 26 行.
NOTIC: [2048] Declaration of Common\Model\NewsModel::select() should be compatible with Think\Model::select($options = Array) D:\wamp64\www\muke\Application\Common\Model\NewsModel.class.php 第 6 行.
NOTIC: [2048] Declaration of Common\Model\NewsModel::find() should be compatible with Think\Model::find($options = Array) D:\wamp64\www\muke\Application\Common\Model\NewsModel.class.php 第 6 行.
SQL: SELECT * FROM `cms_news` WHERE `status` = 1 ORDER BY count desc,news_id desc  [ RunTime:0.0000s ]
NOTIC: [2048] Declaration of Common\Model\PositionContentModel::select() should be compatible with Think\Model::select($options = Array) D:\wamp64\www\muke\Application\Common\Model\PositionContentModel.class.php 第 99 行.
NOTIC: [2048] Declaration of Common\Model\PositionContentModel::find() should be compatible with Think\Model::find($options = Array) D:\wamp64\www\muke\Application\Common\Model\PositionContentModel.class.php 第 99 行.
SQL: SELECT * FROM `cms_position_content` WHERE `status` = 1 AND `position_id` = 1 LIMIT 1   [ RunTime:0.0000s ]
SQL: SELECT * FROM `cms_position_content` WHERE `status` = 1 AND `position_id` = 3 LIMIT 3   [ RunTime:0.0000s ]
SQL: SELECT * FROM `cms_position_content` WHERE `status` = 1 AND `position_id` = 5 LIMIT 2   [ RunTime:0.0000s ]
SQL: SELECT * FROM `cms_news` WHERE `status` = 1 AND `thumb` <> '' LIMIT 30   [ RunTime:0.0000s ]
INFO: [ view_parse ] --START--
INFO: [ template_filter ] --START--
INFO: Run Behavior\ContentReplaceBehavior [ RunTime:0.000000s ]
INFO: [ template_filter ] --END-- [ RunTime:0.000000s ]
NOTIC: [2048] Declaration of Common\Model\BasicModel::save() should be compatible with Think\Model::save($data = '', $options = Array) D:\wamp64\www\muke\Application\Common\Model\BasicModel.class.php 第 24 行.
NOTIC: [2048] Declaration of Common\Model\BasicModel::select() should be compatible with Think\Model::select($options = Array) D:\wamp64\www\muke\Application\Common\Model\BasicModel.class.php 第 24 行.
NOTIC: [2048] Declaration of Common\Model\MenuModel::find() should be compatible with Think\Model::find($options = Array) D:\wamp64\www\muke\Application\Common\Model\MenuModel.class.php 第 106 行.
SQL: SELECT `menu_id`,`name` FROM `cms_menu` WHERE `status` <> -1 AND `type` = 0 ORDER BY listorder desc,menu_id desc  [ RunTime:0.0010s ]
NOTIC: [8] Undefined offset: 0 D:\wamp64\www\muke\Application\Runtime\Cache\Home\2a94b8bda04ff446dcedd42276fc99ee.php 第 35 行.
NOTIC: [8] Undefined offset: 0 D:\wamp64\www\muke\Application\Runtime\Cache\Home\2a94b8bda04ff446dcedd42276fc99ee.php 第 35 行.
INFO: Run Behavior\ParseTemplateBehavior [ RunTime:0.018001s ]
INFO: [ view_parse ] --END-- [ RunTime:0.018001s ]
INFO: [ view_filter ] --START--
INFO: Run Behavior\WriteHtmlCacheBehavior [ RunTime:0.000000s ]
INFO: [ view_filter ] --END-- [ RunTime:0.000000s ]

[ 2017-03-01T09:47:30+08:00 ] 127.0.0.1 /index.php?c=index&a=build_html
INFO: [ app_begin ] --START--
INFO: Run Behavior\ReadHtmlCacheBehavior [ RunTime:0.001000s ]
INFO: [ app_begin ] --END-- [ RunTime:0.001000s ]
NOTIC: [2048] Declaration of Home\Controller\CommonController::error() should be compatible with Think\Controller::error($message = '', $jumpUrl = '', $ajax = false) D:\wamp64\www\muke\Application\Home\Controller\CommonController.class.php 第 26 行.
NOTIC: [2048] Declaration of Common\Model\NewsModel::select() should be compatible with Think\Model::select($options = Array) D:\wamp64\www\muke\Application\Common\Model\NewsModel.class.php 第 6 行.
NOTIC: [2048] Declaration of Common\Model\NewsModel::find() should be compatible with Think\Model::find($options = Array) D:\wamp64\www\muke\Application\Common\Model\NewsModel.class.php 第 6 行.
SQL: SELECT * FROM `cms_news` WHERE `status` = 1 ORDER BY count desc,news_id desc  [ RunTime:0.0010s ]
NOTIC: [2048] Declaration of Common\Model\PositionContentModel::select() should be compatible with Think\Model::select($options = Array) D:\wamp64\www\muke\Application\Common\Model\PositionContentModel.class.php 第 99 行.
NOTIC: [2048] Declaration of Common\Model\PositionContentModel::find() should be compatible with Think\Model::find($options = Array) D:\wamp64\www\muke\Application\Common\Model\PositionContentModel.class.php 第 99 行.
SQL: SELECT * FROM `cms_position_content` WHERE `status` = 1 AND `position_id` = 1 LIMIT 1   [ RunTime:0.0000s ]
SQL: SELECT * FROM `cms_position_content` WHERE `status` = 1 AND `position_id` = 3 LIMIT 3   [ RunTime:0.0010s ]
SQL: SELECT * FROM `cms_position_content` WHERE `status` = 1 AND `position_id` = 5 LIMIT 2   [ RunTime:0.0000s ]
SQL: SELECT * FROM `cms_news` WHERE `status` = 1 AND `thumb` <> '' LIMIT 30   [ RunTime:0.0000s ]
INFO: [ view_parse ] --START--
INFO: [ template_filter ] --START--
INFO: Run Behavior\ContentReplaceBehavior [ RunTime:0.000000s ]
INFO: [ template_filter ] --END-- [ RunTime:0.000000s ]
NOTIC: [2048] Declaration of Common\Model\BasicModel::save() should be compatible with Think\Model::save($data = '', $options = Array) D:\wamp64\www\muke\Application\Common\Model\BasicModel.class.php 第 24 行.
NOTIC: [2048] Declaration of Common\Model\BasicModel::select() should be compatible with Think\Model::select($options = Array) D:\wamp64\www\muke\Application\Common\Model\BasicModel.class.php 第 24 行.
NOTIC: [2048] Declaration of Common\Model\MenuModel::find() should be compatible with Think\Model::find($options = Array) D:\wamp64\www\muke\Application\Common\Model\MenuModel.class.php 第 106 行.
SQL: SELECT `menu_id`,`name` FROM `cms_menu` WHERE `status` <> -1 AND `type` = 0 ORDER BY listorder desc,menu_id desc  [ RunTime:0.0000s ]
NOTIC: [8] Undefined offset: 0 D:\wamp64\www\muke\Application\Runtime\Cache\Home\2a94b8bda04ff446dcedd42276fc99ee.php 第 35 行.
NOTIC: [8] Undefined offset: 0 D:\wamp64\www\muke\Application\Runtime\Cache\Home\2a94b8bda04ff446dcedd42276fc99ee.php 第 35 行.
INFO: Run Behavior\ParseTemplateBehavior [ RunTime:0.017001s ]
INFO: [ view_parse ] --END-- [ RunTime:0.017001s ]
INFO: [ view_filter ] --START--
INFO: Run Behavior\WriteHtmlCacheBehavior [ RunTime:0.001000s ]
INFO: [ view_filter ] --END-- [ RunTime:0.001000s ]

[ 2017-03-01T09:47:40+08:00 ] 127.0.0.1 /index.php?c=index&a=build_html
INFO: [ app_begin ] --START--
INFO: Run Behavior\ReadHtmlCacheBehavior [ RunTime:0.001000s ]
INFO: [ app_begin ] --END-- [ RunTime:0.001000s ]
NOTIC: [2048] Declaration of Home\Controller\CommonController::error() should be compatible with Think\Controller::error($message = '', $jumpUrl = '', $ajax = false) D:\wamp64\www\muke\Application\Home\Controller\CommonController.class.php 第 26 行.
NOTIC: [2048] Declaration of Common\Model\NewsModel::select() should be compatible with Think\Model::select($options = Array) D:\wamp64\www\muke\Application\Common\Model\NewsModel.class.php 第 6 行.
NOTIC: [2048] Declaration of Common\Model\NewsModel::find() should be compatible with Think\Model::find($options = Array) D:\wamp64\www\muke\Application\Common\Model\NewsModel.class.php 第 6 行.
SQL: SELECT * FROM `cms_news` WHERE `status` = 1 ORDER BY count desc,news_id desc  [ RunTime:0.0000s ]
NOTIC: [2048] Declaration of Common\Model\PositionContentModel::select() should be compatible with Think\Model::select($options = Array) D:\wamp64\www\muke\Application\Common\Model\PositionContentModel.class.php 第 99 行.
NOTIC: [2048] Declaration of Common\Model\PositionContentModel::find() should be compatible with Think\Model::find($options = Array) D:\wamp64\www\muke\Application\Common\Model\PositionContentModel.class.php 第 99 行.
SQL: SELECT * FROM `cms_position_content` WHERE `status` = 1 AND `position_id` = 1 LIMIT 1   [ RunTime:0.0010s ]
SQL: SELECT * FROM `cms_position_content` WHERE `status` = 1 AND `position_id` = 3 LIMIT 3   [ RunTime:0.0010s ]
SQL: SELECT * FROM `cms_position_content` WHERE `status` = 1 AND `position_id` = 5 LIMIT 2   [ RunTime:0.0010s ]
SQL: SELECT * FROM `cms_news` WHERE `status` = 1 AND `thumb` <> '' LIMIT 30   [ RunTime:0.0010s ]
INFO: [ view_parse ] --START--
INFO: [ template_filter ] --START--
INFO: Run Behavior\ContentReplaceBehavior [ RunTime:0.000000s ]
INFO: [ template_filter ] --END-- [ RunTime:0.001001s ]
NOTIC: [2048] Declaration of Common\Model\BasicModel::save() should be compatible with Think\Model::save($data = '', $options = Array) D:\wamp64\www\muke\Application\Common\Model\BasicModel.class.php 第 24 行.
NOTIC: [2048] Declaration of Common\Model\BasicModel::select() should be compatible with Think\Model::select($options = Array) D:\wamp64\www\muke\Application\Common\Model\BasicModel.class.php 第 24 行.
NOTIC: [2048] Declaration of Common\Model\MenuModel::find() should be compatible with Think\Model::find($options = Array) D:\wamp64\www\muke\Application\Common\Model\MenuModel.class.php 第 106 行.
SQL: SELECT `menu_id`,`name` FROM `cms_menu` WHERE `status` <> -1 AND `type` = 0 ORDER BY listorder desc,menu_id desc  [ RunTime:0.0010s ]
NOTIC: [8] Undefined offset: 0 D:\wamp64\www\muke\Application\Runtime\Cache\Home\2a94b8bda04ff446dcedd42276fc99ee.php 第 35 行.
NOTIC: [8] Undefined offset: 0 D:\wamp64\www\muke\Application\Runtime\Cache\Home\2a94b8bda04ff446dcedd42276fc99ee.php 第 35 行.
INFO: Run Behavior\ParseTemplateBehavior [ RunTime:0.028002s ]
INFO: [ view_parse ] --END-- [ RunTime:0.028002s ]
INFO: [ view_filter ] --START--
INFO: Run Behavior\WriteHtmlCacheBehavior [ RunTime:0.000000s ]
INFO: [ view_filter ] --END-- [ RunTime:0.000000s ]

[ 2017-03-01T10:13:58+08:00 ] 127.0.0.1 /index.php?c=index&a=build_html
INFO: [ app_begin ] --START--
INFO: Run Behavior\ReadHtmlCacheBehavior [ RunTime:0.000000s ]
INFO: [ app_begin ] --END-- [ RunTime:0.001000s ]
NOTIC: [2048] Declaration of Home\Controller\CommonController::error() should be compatible with Think\Controller::error($message = '', $jumpUrl = '', $ajax = false) D:\wamp64\www\muke\Application\Home\Controller\CommonController.class.php 第 26 行.
NOTIC: [2048] Declaration of Common\Model\NewsModel::select() should be compatible with Think\Model::select($options = Array) D:\wamp64\www\muke\Application\Common\Model\NewsModel.class.php 第 6 行.
NOTIC: [2048] Declaration of Common\Model\NewsModel::find() should be compatible with Think\Model::find($options = Array) D:\wamp64\www\muke\Application\Common\Model\NewsModel.class.php 第 6 行.
SQL: SELECT * FROM `cms_news` WHERE `status` = 1 ORDER BY count desc,news_id desc  [ RunTime:0.0000s ]
NOTIC: [2048] Declaration of Common\Model\PositionContentModel::select() should be compatible with Think\Model::select($options = Array) D:\wamp64\www\muke\Application\Common\Model\PositionContentModel.class.php 第 99 行.
NOTIC: [2048] Declaration of Common\Model\PositionContentModel::find() should be compatible with Think\Model::find($options = Array) D:\wamp64\www\muke\Application\Common\Model\PositionContentModel.class.php 第 99 行.
SQL: SELECT * FROM `cms_position_content` WHERE `status` = 1 AND `position_id` = 1 LIMIT 1   [ RunTime:0.0000s ]
SQL: SELECT * FROM `cms_position_content` WHERE `status` = 1 AND `position_id` = 3 LIMIT 3   [ RunTime:0.0000s ]
SQL: SELECT * FROM `cms_position_content` WHERE `status` = 1 AND `position_id` = 5 LIMIT 2   [ RunTime:0.0000s ]
SQL: SELECT * FROM `cms_news` WHERE `status` = 1 AND `thumb` <> '' LIMIT 30   [ RunTime:0.0000s ]
INFO: [ view_parse ] --START--
INFO: [ template_filter ] --START--
INFO: Run Behavior\ContentReplaceBehavior [ RunTime:0.000000s ]
INFO: [ template_filter ] --END-- [ RunTime:0.000000s ]
NOTIC: [2048] Declaration of Common\Model\BasicModel::save() should be compatible with Think\Model::save($data = '', $options = Array) D:\wamp64\www\muke\Application\Common\Model\BasicModel.class.php 第 24 行.
NOTIC: [2048] Declaration of Common\Model\BasicModel::select() should be compatible with Think\Model::select($options = Array) D:\wamp64\www\muke\Application\Common\Model\BasicModel.class.php 第 24 行.
NOTIC: [2048] Declaration of Common\Model\MenuModel::find() should be compatible with Think\Model::find($options = Array) D:\wamp64\www\muke\Application\Common\Model\MenuModel.class.php 第 106 行.
SQL: SELECT `menu_id`,`name` FROM `cms_menu` WHERE `status` <> -1 AND `type` = 0 ORDER BY listorder desc,menu_id desc  [ RunTime:0.0000s ]
NOTIC: [8] Undefined offset: 0 D:\wamp64\www\muke\Application\Runtime\Cache\Home\2a94b8bda04ff446dcedd42276fc99ee.php 第 35 行.
NOTIC: [8] Undefined offset: 0 D:\wamp64\www\muke\Application\Runtime\Cache\Home\2a94b8bda04ff446dcedd42276fc99ee.php 第 35 行.
INFO: Run Behavior\ParseTemplateBehavior [ RunTime:0.017001s ]
INFO: [ view_parse ] --END-- [ RunTime:0.017001s ]
INFO: [ view_filter ] --START--
INFO: Run Behavior\WriteHtmlCacheBehavior [ RunTime:0.001000s ]
INFO: [ view_filter ] --END-- [ RunTime:0.001000s ]

[ 2017-03-01T19:21:28+08:00 ] 127.0.0.1 /index.php?c=index&a=getCount
INFO: [ app_begin ] --START--
INFO: Run Behavior\ReadHtmlCacheBehavior [ RunTime:0.001000s ]
INFO: [ app_begin ] --END-- [ RunTime:0.002000s ]
NOTIC: [2048] Declaration of Home\Controller\CommonController::error() should be compatible with Think\Controller::error($message = '', $jumpUrl = '', $ajax = false) E:\wamp64\www\muke\Application\Home\Controller\CommonController.class.php 第 26 行.
NOTIC: [2048] Declaration of Common\Model\NewsModel::select() should be compatible with Think\Model::select($options = Array) E:\wamp64\www\muke\Application\Common\Model\NewsModel.class.php 第 6 行.
NOTIC: [2048] Declaration of Common\Model\NewsModel::find() should be compatible with Think\Model::find($options = Array) E:\wamp64\www\muke\Application\Common\Model\NewsModel.class.php 第 6 行.
SQL: SELECT * FROM `cms_news` WHERE `news_id` IN ('21','17','18','23','24','26','27','20','22')  [ RunTime:0.0010s ]
NOTIC: [8] Array to string conversion E:\wamp64\www\muke\Application\Home\Controller\IndexController.class.php 第 78 行.
NOTIC: [8] Undefined variable: Array E:\wamp64\www\muke\Application\Home\Controller\IndexController.class.php 第 78 行.
NOTIC: [2] Invalid argument supplied for foreach() E:\wamp64\www\muke\Application\Home\Controller\IndexController.class.php 第 78 行.

[ 2017-03-01T19:22:31+08:00 ] 127.0.0.1 /index.php?c=index&a=getCount
INFO: [ app_begin ] --START--
INFO: Run Behavior\ReadHtmlCacheBehavior [ RunTime:0.001000s ]
INFO: [ app_begin ] --END-- [ RunTime:0.002000s ]
NOTIC: [2048] Declaration of Home\Controller\CommonController::error() should be compatible with Think\Controller::error($message = '', $jumpUrl = '', $ajax = false) E:\wamp64\www\muke\Application\Home\Controller\CommonController.class.php 第 26 行.
NOTIC: [2048] Declaration of Common\Model\NewsModel::select() should be compatible with Think\Model::select($options = Array) E:\wamp64\www\muke\Application\Common\Model\NewsModel.class.php 第 6 行.
NOTIC: [2048] Declaration of Common\Model\NewsModel::find() should be compatible with Think\Model::find($options = Array) E:\wamp64\www\muke\Application\Common\Model\NewsModel.class.php 第 6 行.
SQL: SELECT * FROM `cms_news` WHERE `news_id` IN ('21','17','18','23','24','26','27','20','22')  [ RunTime:0.0010s ]

[ 2017-03-01T19:25:24+08:00 ] 127.0.0.1 /index.php?c=index&a=getCount
INFO: [ app_begin ] --START--
INFO: Run Behavior\ReadHtmlCacheBehavior [ RunTime:0.000000s ]
INFO: [ app_begin ] --END-- [ RunTime:0.000000s ]
NOTIC: [2048] Declaration of Home\Controller\CommonController::error() should be compatible with Think\Controller::error($message = '', $jumpUrl = '', $ajax = false) E:\wamp64\www\muke\Application\Home\Controller\CommonController.class.php 第 26 行.
NOTIC: [2048] Declaration of Common\Model\NewsModel::select() should be compatible with Think\Model::select($options = Array) E:\wamp64\www\muke\Application\Common\Model\NewsModel.class.php 第 6 行.
NOTIC: [2048] Declaration of Common\Model\NewsModel::find() should be compatible with Think\Model::find($options = Array) E:\wamp64\www\muke\Application\Common\Model\NewsModel.class.php 第 6 行.
SQL: SELECT * FROM `cms_news` WHERE `news_id` IN ('21','17','18','23','24','26','27','20','22')  [ RunTime:0.0000s ]

[ 2017-03-01T19:26:21+08:00 ] 127.0.0.1 /index.php?c=index&a=getCount
INFO: [ app_begin ] --START--
INFO: Run Behavior\ReadHtmlCacheBehavior [ RunTime:0.001000s ]
INFO: [ app_begin ] --END-- [ RunTime:0.002001s ]
NOTIC: [2048] Declaration of Home\Controller\CommonController::error() should be compatible with Think\Controller::error($message = '', $jumpUrl = '', $ajax = false) E:\wamp64\www\muke\Application\Home\Controller\CommonController.class.php 第 26 行.
NOTIC: [2048] Declaration of Common\Model\NewsModel::select() should be compatible with Think\Model::select($options = Array) E:\wamp64\www\muke\Application\Common\Model\NewsModel.class.php 第 6 行.
NOTIC: [2048] Declaration of Common\Model\NewsModel::find() should be compatible with Think\Model::find($options = Array) E:\wamp64\www\muke\Application\Common\Model\NewsModel.class.php 第 6 行.
SQL: SELECT * FROM `cms_news` WHERE `news_id` IN ('21','17','18','23','24','26','27','20','22')  [ RunTime:0.0010s ]

[ 2017-03-01T19:28:00+08:00 ] 127.0.0.1 /index.php?c=index&a=getCount
INFO: [ app_begin ] --START--
INFO: Run Behavior\ReadHtmlCacheBehavior [ RunTime:0.001000s ]
INFO: [ app_begin ] --END-- [ RunTime:0.001000s ]
NOTIC: [2048] Declaration of Home\Controller\CommonController::error() should be compatible with Think\Controller::error($message = '', $jumpUrl = '', $ajax = false) E:\wamp64\www\muke\Application\Home\Controller\CommonController.class.php 第 26 行.
NOTIC: [2048] Declaration of Common\Model\NewsModel::select() should be compatible with Think\Model::select($options = Array) E:\wamp64\www\muke\Application\Common\Model\NewsModel.class.php 第 6 行.
NOTIC: [2048] Declaration of Common\Model\NewsModel::find() should be compatible with Think\Model::find($options = Array) E:\wamp64\www\muke\Application\Common\Model\NewsModel.class.php 第 6 行.
SQL: SELECT * FROM `cms_news` WHERE `news_id` IN ('21','17','18','23','24','26','27','20','22')  [ RunTime:0.0000s ]

[ 2017-03-01T19:28:29+08:00 ] 127.0.0.1 /index.php?c=index&a=getCount
INFO: [ app_begin ] --START--
INFO: Run Behavior\ReadHtmlCacheBehavior [ RunTime:0.000000s ]
INFO: [ app_begin ] --END-- [ RunTime:0.002000s ]
NOTIC: [2048] Declaration of Home\Controller\CommonController::error() should be compatible with Think\Controller::error($message = '', $jumpUrl = '', $ajax = false) E:\wamp64\www\muke\Application\Home\Controller\CommonController.class.php 第 26 行.
NOTIC: [2048] Declaration of Common\Model\NewsModel::select() should be compatible with Think\Model::select($options = Array) E:\wamp64\www\muke\Application\Common\Model\NewsModel.class.php 第 6 行.
NOTIC: [2048] Declaration of Common\Model\NewsModel::find() should be compatible with Think\Model::find($options = Array) E:\wamp64\www\muke\Application\Common\Model\NewsModel.class.php 第 6 行.
SQL: SELECT * FROM `cms_news` WHERE `news_id` IN ('21','17','18','23','24','26','27','20','22')  [ RunTime:0.0010s ]

[ 2017-03-01T19:28:41+08:00 ] 127.0.0.1 /index.php?c=index&a=getCount
INFO: [ app_begin ] --START--
INFO: Run Behavior\ReadHtmlCacheBehavior [ RunTime:0.000000s ]
INFO: [ app_begin ] --END-- [ RunTime:0.001000s ]
NOTIC: [2048] Declaration of Home\Controller\CommonController::error() should be compatible with Think\Controller::error($message = '', $jumpUrl = '', $ajax = false) E:\wamp64\www\muke\Application\Home\Controller\CommonController.class.php 第 26 行.
NOTIC: [2048] Declaration of Common\Model\NewsModel::select() should be compatible with Think\Model::select($options = Array) E:\wamp64\www\muke\Application\Common\Model\NewsModel.class.php 第 6 行.
NOTIC: [2048] Declaration of Common\Model\NewsModel::find() should be compatible with Think\Model::find($options = Array) E:\wamp64\www\muke\Application\Common\Model\NewsModel.class.php 第 6 行.
SQL: SELECT * FROM `cms_news` WHERE `news_id` IN ('21','17','18','23','24','26','27','20','22')  [ RunTime:0.0010s ]

[ 2017-03-01T19:29:22+08:00 ] 127.0.0.1 /index.php?c=index&a=getCount
INFO: [ app_begin ] --START--
INFO: Run Behavior\ReadHtmlCacheBehavior [ RunTime:0.001000s ]
INFO: [ app_begin ] --END-- [ RunTime:0.002000s ]
NOTIC: [2048] Declaration of Home\Controller\CommonController::error() should be compatible with Think\Controller::error($message = '', $jumpUrl = '', $ajax = false) E:\wamp64\www\muke\Application\Home\Controller\CommonController.class.php 第 26 行.
NOTIC: [2048] Declaration of Common\Model\NewsModel::select() should be compatible with Think\Model::select($options = Array) E:\wamp64\www\muke\Application\Common\Model\NewsModel.class.php 第 6 行.
NOTIC: [2048] Declaration of Common\Model\NewsModel::find() should be compatible with Think\Model::find($options = Array) E:\wamp64\www\muke\Application\Common\Model\NewsModel.class.php 第 6 行.
SQL: SELECT * FROM `cms_news` WHERE `news_id` IN ('21','17','18','23','24','26','27','20','22')  [ RunTime:0.0010s ]

[ 2017-03-01T19:30:01+08:00 ] 127.0.0.1 /index.php?c=index&a=build_html
INFO: [ app_begin ] --START--
INFO: Run Behavior\ReadHtmlCacheBehavior [ RunTime:0.002001s ]
INFO: [ app_begin ] --END-- [ RunTime:0.004001s ]
NOTIC: [2048] Declaration of Home\Controller\CommonController::error() should be compatible with Think\Controller::error($message = '', $jumpUrl = '', $ajax = false) E:\wamp64\www\muke\Application\Home\Controller\CommonController.class.php 第 26 行.
NOTIC: [2048] Declaration of Common\Model\NewsModel::select() should be compatible with Think\Model::select($options = Array) E:\wamp64\www\muke\Application\Common\Model\NewsModel.class.php 第 6 行.
NOTIC: [2048] Declaration of Common\Model\NewsModel::find() should be compatible with Think\Model::find($options = Array) E:\wamp64\www\muke\Application\Common\Model\NewsModel.class.php 第 6 行.
SQL: SELECT * FROM `cms_news` WHERE `status` = 1 ORDER BY count desc,news_id desc  [ RunTime:0.0020s ]
NOTIC: [2048] Declaration of Common\Model\PositionContentModel::select() should be compatible with Think\Model::select($options = Array) E:\wamp64\www\muke\Application\Common\Model\PositionContentModel.class.php 第 99 行.
NOTIC: [2048] Declaration of Common\Model\PositionContentModel::find() should be compatible with Think\Model::find($options = Array) E:\wamp64\www\muke\Application\Common\Model\PositionContentModel.class.php 第 99 行.
SQL: SELECT * FROM `cms_position_content` WHERE `status` = 1 AND `position_id` = 1 LIMIT 1   [ RunTime:0.0010s ]
SQL: SELECT * FROM `cms_position_content` WHERE `status` = 1 AND `position_id` = 3 LIMIT 3   [ RunTime:0.0000s ]
SQL: SELECT * FROM `cms_position_content` WHERE `status` = 1 AND `position_id` = 5 LIMIT 2   [ RunTime:0.0010s ]
SQL: SELECT * FROM `cms_news` WHERE `status` = 1 AND `thumb` <> '' LIMIT 30   [ RunTime:0.0010s ]
INFO: [ view_parse ] --START--
INFO: [ template_filter ] --START--
INFO: Run Behavior\ContentReplaceBehavior [ RunTime:0.000000s ]
INFO: [ template_filter ] --END-- [ RunTime:0.000000s ]
NOTIC: [2048] Declaration of Common\Model\BasicModel::save() should be compatible with Think\Model::save($data = '', $options = Array) E:\wamp64\www\muke\Application\Common\Model\BasicModel.class.php 第 24 行.
NOTIC: [2048] Declaration of Common\Model\BasicModel::select() should be compatible with Think\Model::select($options = Array) E:\wamp64\www\muke\Application\Common\Model\BasicModel.class.php 第 24 行.
NOTIC: [2048] Declaration of Common\Model\MenuModel::find() should be compatible with Think\Model::find($options = Array) E:\wamp64\www\muke\Application\Common\Model\MenuModel.class.php 第 106 行.
SQL: SELECT `menu_id`,`name` FROM `cms_menu` WHERE `status` <> -1 AND `type` = 0 ORDER BY listorder desc,menu_id desc  [ RunTime:0.0010s ]
INFO: Run Behavior\ParseTemplateBehavior [ RunTime:0.048002s ]
INFO: [ view_parse ] --END-- [ RunTime:0.048002s ]
INFO: [ view_filter ] --START--
INFO: Run Behavior\WriteHtmlCacheBehavior [ RunTime:0.001000s ]
INFO: [ view_filter ] --END-- [ RunTime:0.001000s ]

[ 2017-03-01T19:30:28+08:00 ] 127.0.0.1 /index.php?c=index&a=getCount
INFO: [ app_begin ] --START--
INFO: Run Behavior\ReadHtmlCacheBehavior [ RunTime:0.001000s ]
INFO: [ app_begin ] --END-- [ RunTime:0.002000s ]
NOTIC: [2048] Declaration of Home\Controller\CommonController::error() should be compatible with Think\Controller::error($message = '', $jumpUrl = '', $ajax = false) E:\wamp64\www\muke\Application\Home\Controller\CommonController.class.php 第 26 行.
NOTIC: [2048] Declaration of Common\Model\NewsModel::select() should be compatible with Think\Model::select($options = Array) E:\wamp64\www\muke\Application\Common\Model\NewsModel.class.php 第 6 行.
NOTIC: [2048] Declaration of Common\Model\NewsModel::find() should be compatible with Think\Model::find($options = Array) E:\wamp64\www\muke\Application\Common\Model\NewsModel.class.php 第 6 行.
SQL: SELECT * FROM `cms_news` WHERE `news_id` IN ('21','17','18','23','24','26','27','20','22')  [ RunTime:0.0000s ]

[ 2017-03-01T19:31:44+08:00 ] 127.0.0.1 /index.php?c=index&a=getCount
INFO: [ app_begin ] --START--
INFO: Run Behavior\ReadHtmlCacheBehavior [ RunTime:0.000000s ]
INFO: [ app_begin ] --END-- [ RunTime:0.000000s ]
NOTIC: [2048] Declaration of Home\Controller\CommonController::error() should be compatible with Think\Controller::error($message = '', $jumpUrl = '', $ajax = false) E:\wamp64\www\muke\Application\Home\Controller\CommonController.class.php 第 26 行.
NOTIC: [2048] Declaration of Common\Model\NewsModel::select() should be compatible with Think\Model::select($options = Array) E:\wamp64\www\muke\Application\Common\Model\NewsModel.class.php 第 6 行.
NOTIC: [2048] Declaration of Common\Model\NewsModel::find() should be compatible with Think\Model::find($options = Array) E:\wamp64\www\muke\Application\Common\Model\NewsModel.class.php 第 6 行.
SQL: SELECT * FROM `cms_news` WHERE `news_id` IN ('21','17','18','23','24','26','27','20','22')  [ RunTime:0.0025s ]

[ 2017-03-01T19:31:50+08:00 ] 127.0.0.1 /index.php?c=index&a=getCount
INFO: [ app_begin ] --START--
INFO: Run Behavior\ReadHtmlCacheBehavior [ RunTime:0.001000s ]
INFO: [ app_begin ] --END-- [ RunTime:0.002000s ]
NOTIC: [2048] Declaration of Home\Controller\CommonController::error() should be compatible with Think\Controller::error($message = '', $jumpUrl = '', $ajax = false) E:\wamp64\www\muke\Application\Home\Controller\CommonController.class.php 第 26 行.
NOTIC: [2048] Declaration of Common\Model\NewsModel::select() should be compatible with Think\Model::select($options = Array) E:\wamp64\www\muke\Application\Common\Model\NewsModel.class.php 第 6 行.
NOTIC: [2048] Declaration of Common\Model\NewsModel::find() should be compatible with Think\Model::find($options = Array) E:\wamp64\www\muke\Application\Common\Model\NewsModel.class.php 第 6 行.
SQL: SELECT * FROM `cms_news` WHERE `news_id` IN ('21','17','18','23','24','26','27','20','22')  [ RunTime:0.0000s ]

[ 2017-03-01T19:32:14+08:00 ] 127.0.0.1 /index.php?c=index&a=getCount
INFO: [ app_begin ] --START--
INFO: Run Behavior\ReadHtmlCacheBehavior [ RunTime:0.002500s ]
INFO: [ app_begin ] --END-- [ RunTime:0.002500s ]
NOTIC: [2048] Declaration of Home\Controller\CommonController::error() should be compatible with Think\Controller::error($message = '', $jumpUrl = '', $ajax = false) E:\wamp64\www\muke\Application\Home\Controller\CommonController.class.php 第 26 行.
NOTIC: [2048] Declaration of Common\Model\NewsModel::select() should be compatible with Think\Model::select($options = Array) E:\wamp64\www\muke\Application\Common\Model\NewsModel.class.php 第 6 行.
NOTIC: [2048] Declaration of Common\Model\NewsModel::find() should be compatible with Think\Model::find($options = Array) E:\wamp64\www\muke\Application\Common\Model\NewsModel.class.php 第 6 行.
SQL: SELECT * FROM `cms_news` WHERE `news_id` IN ('21','17','18','23','24','26','27','20','22')  [ RunTime:0.0025s ]

[ 2017-03-01T19:32:53+08:00 ] 127.0.0.1 /index.php?c=index&a=getCount
INFO: [ app_begin ] --START--
INFO: Run Behavior\ReadHtmlCacheBehavior [ RunTime:0.002000s ]
INFO: [ app_begin ] --END-- [ RunTime:0.003000s ]
NOTIC: [2048] Declaration of Home\Controller\CommonController::error() should be compatible with Think\Controller::error($message = '', $jumpUrl = '', $ajax = false) E:\wamp64\www\muke\Application\Home\Controller\CommonController.class.php 第 26 行.
NOTIC: [2048] Declaration of Common\Model\NewsModel::select() should be compatible with Think\Model::select($options = Array) E:\wamp64\www\muke\Application\Common\Model\NewsModel.class.php 第 6 行.
NOTIC: [2048] Declaration of Common\Model\NewsModel::find() should be compatible with Think\Model::find($options = Array) E:\wamp64\www\muke\Application\Common\Model\NewsModel.class.php 第 6 行.
SQL: SELECT * FROM `cms_news` WHERE `news_id` IN ('21','17','18','23','24','26','27','20','22')  [ RunTime:0.0010s ]

[ 2017-03-01T20:56:55+08:00 ] 127.0.0.1 /index.php?c=index&a=getCount
INFO: [ app_begin ] --START--
INFO: Run Behavior\ReadHtmlCacheBehavior [ RunTime:0.001000s ]
INFO: [ app_begin ] --END-- [ RunTime:0.003000s ]
NOTIC: [2048] Declaration of Home\Controller\CommonController::error() should be compatible with Think\Controller::error($message = '', $jumpUrl = '', $ajax = false) E:\wamp64\www\muke\Application\Home\Controller\CommonController.class.php 第 26 行.
NOTIC: [2048] Declaration of Common\Model\NewsModel::select() should be compatible with Think\Model::select($options = Array) E:\wamp64\www\muke\Application\Common\Model\NewsModel.class.php 第 6 行.
NOTIC: [2048] Declaration of Common\Model\NewsModel::find() should be compatible with Think\Model::find($options = Array) E:\wamp64\www\muke\Application\Common\Model\NewsModel.class.php 第 6 行.
SQL: SELECT * FROM `cms_news` WHERE `news_id` IN ('21','17','18','23','24','26','27','20','22')  [ RunTime:0.0010s ]

[ 2017-03-01T20:59:23+08:00 ] 127.0.0.1 /index.php?c=index&a=getCount
INFO: [ app_begin ] --START--
INFO: Run Behavior\ReadHtmlCacheBehavior [ RunTime:0.001000s ]
INFO: [ app_begin ] --END-- [ RunTime:0.001000s ]
NOTIC: [2048] Declaration of Home\Controller\CommonController::error() should be compatible with Think\Controller::error($message = '', $jumpUrl = '', $ajax = false) E:\wamp64\www\muke\Application\Home\Controller\CommonController.class.php 第 26 行.
NOTIC: [2048] Declaration of Common\Model\NewsModel::select() should be compatible with Think\Model::select($options = Array) E:\wamp64\www\muke\Application\Common\Model\NewsModel.class.php 第 6 行.
NOTIC: [2048] Declaration of Common\Model\NewsModel::find() should be compatible with Think\Model::find($options = Array) E:\wamp64\www\muke\Application\Common\Model\NewsModel.class.php 第 6 行.
SQL: SELECT * FROM `cms_news` WHERE `news_id` IN ('21','17','18','23','24','26','27','20','22')  [ RunTime:0.0010s ]

