[ 2017-03-02T09:08:47+08:00 ] 127.0.0.1 /index.php?m=admin&c=login&a=check
INFO: [ app_begin ] --START--
INFO: Run Behavior\ReadHtmlCacheBehavior [ RunTime:0.000000s ]
INFO: [ app_begin ] --END-- [ RunTime:0.001000s ]
NOTIC: [2048] Declaration of Common\Model\AdminModel::select() should be compatible with Think\Model::select($options = Array) D:\wamp64\www\muke\Application\Common\Model\AdminModel.class.php 第 4 行.
SQL: SELECT * FROM `cms_admin` WHERE ( username="admin" ) LIMIT 1   [ RunTime:0.0010s ]

[ 2017-03-02T09:08:52+08:00 ] 127.0.0.1 /admin.php?c=cron&a=dumpmysql
ERR: 1064:You have an error in your SQL syntax; check the manual that corresponds to your MySQL server version for the right syntax to use near 'mysqldump -uroot muke>E:/sql/cms20170302sql' at line 1
 [ SQL语句 ] : mysqldump -uroot muke>E:/sql/cms20170302sql

[ 2017-03-02T11:49:23+08:00 ] 127.0.0.1 /index.php?m=admin&c=login&a=check
INFO: [ app_begin ] --START--
INFO: Run Behavior\ReadHtmlCacheBehavior [ RunTime:0.001000s ]
INFO: [ app_begin ] --END-- [ RunTime:0.001000s ]
NOTIC: [2048] Declaration of Common\Model\AdminModel::select() should be compatible with Think\Model::select($options = Array) D:\wamp64\www\muke\Application\Common\Model\AdminModel.class.php 第 4 行.
SQL: SELECT * FROM `cms_admin` WHERE ( username="admin" ) LIMIT 1   [ RunTime:0.0010s ]

[ 2017-03-02T16:15:43+08:00 ] 127.0.0.1 /admin.php?c=admin&a=save
INFO: [ app_begin ] --START--
INFO: Run Behavior\ReadHtmlCacheBehavior [ RunTime:0.000000s ]
INFO: [ app_begin ] --END-- [ RunTime:0.001000s ]
ERR: 非法操作:save

[ 2017-03-02T16:15:45+08:00 ] 127.0.0.1 /admin.php?c=admin&a=save
INFO: [ app_begin ] --START--
INFO: Run Behavior\ReadHtmlCacheBehavior [ RunTime:0.001000s ]
INFO: [ app_begin ] --END-- [ RunTime:0.001000s ]
ERR: 非法操作:save

[ 2017-03-02T16:15:48+08:00 ] 127.0.0.1 /admin.php?c=admin&a=save
INFO: [ app_begin ] --START--
INFO: Run Behavior\ReadHtmlCacheBehavior [ RunTime:0.001000s ]
INFO: [ app_begin ] --END-- [ RunTime:0.001000s ]
ERR: 非法操作:save

[ 2017-03-02T16:15:52+08:00 ] 127.0.0.1 /admin.php?c=admin&a=save
INFO: [ app_begin ] --START--
INFO: Run Behavior\ReadHtmlCacheBehavior [ RunTime:0.001000s ]
INFO: [ app_begin ] --END-- [ RunTime:0.002000s ]
ERR: 非法操作:save

[ 2017-03-02T16:16:19+08:00 ] 127.0.0.1 /index.php?m=admin&c=login&a=check
INFO: [ app_begin ] --START--
INFO: Run Behavior\ReadHtmlCacheBehavior [ RunTime:0.000000s ]
INFO: [ app_begin ] --END-- [ RunTime:0.000000s ]
NOTIC: [2048] Declaration of Common\Model\AdminModel::select() should be compatible with Think\Model::select($options = Array) D:\wamp64\www\muke\Application\Common\Model\AdminModel.class.php 第 4 行.
SQL: SELECT * FROM `cms_admin` WHERE ( username="admin" ) LIMIT 1   [ RunTime:0.0010s ]

[ 2017-03-02T16:16:31+08:00 ] 127.0.0.1 /admin.php?c=admin&a=save
INFO: [ app_begin ] --START--
INFO: Run Behavior\ReadHtmlCacheBehavior [ RunTime:0.001000s ]
INFO: [ app_begin ] --END-- [ RunTime:0.001000s ]
ERR: 非法操作:save

[ 2017-03-02T16:43:22+08:00 ] 127.0.0.1 /admin.php?c=content&a=push
INFO: [ app_begin ] --START--
INFO: Run Behavior\ReadHtmlCacheBehavior [ RunTime:0.001000s ]
INFO: [ app_begin ] --END-- [ RunTime:0.002000s ]
NOTIC: [2048] Declaration of Admin\Controller\ContentController::setStatus() should be compatible with Admin\Controller\CommonController::setStatus($data, $models) D:\wamp64\www\muke\Application\Admin\Controller\ContentController.class.php 第 7 行.
NOTIC: [2048] Declaration of Admin\Controller\ContentController::listorder() should be compatible with Admin\Controller\CommonController::listorder($model = '') D:\wamp64\www\muke\Application\Admin\Controller\ContentController.class.php 第 7 行.
NOTIC: [8] Undefined index: push D:\wamp64\www\muke\Application\Admin\Controller\ContentController.class.php 第 179 行.

[ 2017-03-02T16:43:25+08:00 ] 127.0.0.1 /admin.php?c=content&a=push
INFO: [ app_begin ] --START--
INFO: Run Behavior\ReadHtmlCacheBehavior [ RunTime:0.001000s ]
INFO: [ app_begin ] --END-- [ RunTime:0.002000s ]
NOTIC: [2048] Declaration of Admin\Controller\ContentController::setStatus() should be compatible with Admin\Controller\CommonController::setStatus($data, $models) D:\wamp64\www\muke\Application\Admin\Controller\ContentController.class.php 第 7 行.
NOTIC: [2048] Declaration of Admin\Controller\ContentController::listorder() should be compatible with Admin\Controller\CommonController::listorder($model = '') D:\wamp64\www\muke\Application\Admin\Controller\ContentController.class.php 第 7 行.
NOTIC: [8] Undefined index: push D:\wamp64\www\muke\Application\Admin\Controller\ContentController.class.php 第 179 行.

