[ 2017-03-03T10:22:02+08:00 ] 127.0.0.1 /index.php?m=admin&c=login&a=check
INFO: [ app_begin ] --START--
INFO: Run Behavior\ReadHtmlCacheBehavior [ RunTime:0.001000s ]
INFO: [ app_begin ] --END-- [ RunTime:0.001000s ]
NOTIC: [2048] Declaration of Common\Model\AdminModel::select() should be compatible with Think\Model::select($options = Array) D:\wamp64\www\muke\Application\Common\Model\AdminModel.class.php 第 4 行.
SQL: SELECT * FROM `cms_admin` WHERE ( username="admin" ) LIMIT 1   [ RunTime:0.0260s ]

[ 2017-03-03T10:37:48+08:00 ] 127.0.0.1 /admin.php?c=content&a=setStatus
INFO: [ app_begin ] --START--
INFO: Run Behavior\ReadHtmlCacheBehavior [ RunTime:0.001000s ]
INFO: [ app_begin ] --END-- [ RunTime:0.001000s ]
NOTIC: [2048] Declaration of Admin\Controller\ContentController::setStatus() should be compatible with Admin\Controller\CommonController::setStatus($data, $models) D:\wamp64\www\muke\Application\Admin\Controller\ContentController.class.php 第 7 行.
NOTIC: [2048] Declaration of Admin\Controller\ContentController::listorder() should be compatible with Admin\Controller\CommonController::listorder($model = '') D:\wamp64\www\muke\Application\Admin\Controller\ContentController.class.php 第 7 行.
NOTIC: [2048] Declaration of Common\Model\NewsModel::select() should be compatible with Think\Model::select($options = Array) D:\wamp64\www\muke\Application\Common\Model\NewsModel.class.php 第 6 行.
NOTIC: [2048] Declaration of Common\Model\NewsModel::find() should be compatible with Think\Model::find($options = Array) D:\wamp64\www\muke\Application\Common\Model\NewsModel.class.php 第 6 行.
SQL: UPDATE `cms_news` SET `status`='0' WHERE ( news_id=22 ) [ RunTime:0.0000s ]

[ 2017-03-03T10:37:51+08:00 ] 127.0.0.1 /admin.php?c=content&a=setStatus
INFO: [ app_begin ] --START--
INFO: Run Behavior\ReadHtmlCacheBehavior [ RunTime:0.001000s ]
INFO: [ app_begin ] --END-- [ RunTime:0.002000s ]
NOTIC: [2048] Declaration of Admin\Controller\ContentController::setStatus() should be compatible with Admin\Controller\CommonController::setStatus($data, $models) D:\wamp64\www\muke\Application\Admin\Controller\ContentController.class.php 第 7 行.
NOTIC: [2048] Declaration of Admin\Controller\ContentController::listorder() should be compatible with Admin\Controller\CommonController::listorder($model = '') D:\wamp64\www\muke\Application\Admin\Controller\ContentController.class.php 第 7 行.
NOTIC: [2048] Declaration of Common\Model\NewsModel::select() should be compatible with Think\Model::select($options = Array) D:\wamp64\www\muke\Application\Common\Model\NewsModel.class.php 第 6 行.
NOTIC: [2048] Declaration of Common\Model\NewsModel::find() should be compatible with Think\Model::find($options = Array) D:\wamp64\www\muke\Application\Common\Model\NewsModel.class.php 第 6 行.
SQL: UPDATE `cms_news` SET `status`='1' WHERE ( news_id=22 ) [ RunTime:0.0000s ]

[ 2017-03-03T11:27:30+08:00 ] 127.0.0.1 /admin.php?c=content&a=push
INFO: [ app_begin ] --START--
INFO: Run Behavior\ReadHtmlCacheBehavior [ RunTime:0.000000s ]
INFO: [ app_begin ] --END-- [ RunTime:0.002000s ]
NOTIC: [2048] Declaration of Admin\Controller\ContentController::setStatus() should be compatible with Admin\Controller\CommonController::setStatus($data, $models) D:\wamp64\www\muke\Application\Admin\Controller\ContentController.class.php 第 7 行.
NOTIC: [2048] Declaration of Admin\Controller\ContentController::listorder() should be compatible with Admin\Controller\CommonController::listorder($model = '') D:\wamp64\www\muke\Application\Admin\Controller\ContentController.class.php 第 7 行.
NOTIC: [2048] Declaration of Common\Model\NewsModel::select() should be compatible with Think\Model::select($options = Array) D:\wamp64\www\muke\Application\Common\Model\NewsModel.class.php 第 6 行.
NOTIC: [2048] Declaration of Common\Model\NewsModel::find() should be compatible with Think\Model::find($options = Array) D:\wamp64\www\muke\Application\Common\Model\NewsModel.class.php 第 6 行.
SQL: SELECT * FROM `cms_news` WHERE `news_id` IN ('465','464','463')  [ RunTime:0.0000s ]
NOTIC: [2048] Declaration of Common\Model\PositionContentModel::select() should be compatible with Think\Model::select($options = Array) D:\wamp64\www\muke\Application\Common\Model\PositionContentModel.class.php 第 99 行.
NOTIC: [2048] Declaration of Common\Model\PositionContentModel::find() should be compatible with Think\Model::find($options = Array) D:\wamp64\www\muke\Application\Common\Model\PositionContentModel.class.php 第 99 行.
ERR: 1406:Data too long for column 'title' at row 1
 [ SQL语句 ] : INSERT INTO `cms_position_content` (`position_id`,`title`,`thumb`,`news_id`,`status`,`create_time`) VALUES ('5','距离微软放弃Windows Vista已不到60天时间_IT新闻_博客园','https:','463','1','1488510806')
ERR: 1406:Data too long for column 'title' at row 1
 [ SQL语句 ] : INSERT INTO `cms_position_content` (`position_id`,`title`,`thumb`,`news_id`,`status`,`create_time`) VALUES ('5','距离微软放弃Windows Vista已不到60天时间_IT新闻_博客园','https:','463','1','1488510806')

[ 2017-03-03T11:27:34+08:00 ] 127.0.0.1 /admin.php?c=content&a=push
INFO: [ app_begin ] --START--
INFO: Run Behavior\ReadHtmlCacheBehavior [ RunTime:0.000000s ]
INFO: [ app_begin ] --END-- [ RunTime:0.002000s ]
NOTIC: [2048] Declaration of Admin\Controller\ContentController::setStatus() should be compatible with Admin\Controller\CommonController::setStatus($data, $models) D:\wamp64\www\muke\Application\Admin\Controller\ContentController.class.php 第 7 行.
NOTIC: [2048] Declaration of Admin\Controller\ContentController::listorder() should be compatible with Admin\Controller\CommonController::listorder($model = '') D:\wamp64\www\muke\Application\Admin\Controller\ContentController.class.php 第 7 行.
NOTIC: [2048] Declaration of Common\Model\NewsModel::select() should be compatible with Think\Model::select($options = Array) D:\wamp64\www\muke\Application\Common\Model\NewsModel.class.php 第 6 行.
NOTIC: [2048] Declaration of Common\Model\NewsModel::find() should be compatible with Think\Model::find($options = Array) D:\wamp64\www\muke\Application\Common\Model\NewsModel.class.php 第 6 行.
SQL: SELECT * FROM `cms_news` WHERE `news_id` IN ('465','464','463')  [ RunTime:0.0000s ]
NOTIC: [2048] Declaration of Common\Model\PositionContentModel::select() should be compatible with Think\Model::select($options = Array) D:\wamp64\www\muke\Application\Common\Model\PositionContentModel.class.php 第 99 行.
NOTIC: [2048] Declaration of Common\Model\PositionContentModel::find() should be compatible with Think\Model::find($options = Array) D:\wamp64\www\muke\Application\Common\Model\PositionContentModel.class.php 第 99 行.
ERR: 1406:Data too long for column 'title' at row 1
 [ SQL语句 ] : INSERT INTO `cms_position_content` (`position_id`,`title`,`thumb`,`news_id`,`status`,`create_time`) VALUES ('5','距离微软放弃Windows Vista已不到60天时间_IT新闻_博客园','https:','463','1','1488510806')
ERR: 1406:Data too long for column 'title' at row 1
 [ SQL语句 ] : INSERT INTO `cms_position_content` (`position_id`,`title`,`thumb`,`news_id`,`status`,`create_time`) VALUES ('5','距离微软放弃Windows Vista已不到60天时间_IT新闻_博客园','https:','463','1','1488510806')

[ 2017-03-03T11:27:43+08:00 ] 127.0.0.1 /admin.php?c=content&a=push
INFO: [ app_begin ] --START--
INFO: Run Behavior\ReadHtmlCacheBehavior [ RunTime:0.001001s ]
INFO: [ app_begin ] --END-- [ RunTime:0.002001s ]
NOTIC: [2048] Declaration of Admin\Controller\ContentController::setStatus() should be compatible with Admin\Controller\CommonController::setStatus($data, $models) D:\wamp64\www\muke\Application\Admin\Controller\ContentController.class.php 第 7 行.
NOTIC: [2048] Declaration of Admin\Controller\ContentController::listorder() should be compatible with Admin\Controller\CommonController::listorder($model = '') D:\wamp64\www\muke\Application\Admin\Controller\ContentController.class.php 第 7 行.
NOTIC: [2048] Declaration of Common\Model\NewsModel::select() should be compatible with Think\Model::select($options = Array) D:\wamp64\www\muke\Application\Common\Model\NewsModel.class.php 第 6 行.
NOTIC: [2048] Declaration of Common\Model\NewsModel::find() should be compatible with Think\Model::find($options = Array) D:\wamp64\www\muke\Application\Common\Model\NewsModel.class.php 第 6 行.
SQL: SELECT * FROM `cms_news` WHERE `news_id` IN ('465','464','463')  [ RunTime:0.0000s ]
NOTIC: [2048] Declaration of Common\Model\PositionContentModel::select() should be compatible with Think\Model::select($options = Array) D:\wamp64\www\muke\Application\Common\Model\PositionContentModel.class.php 第 99 行.
NOTIC: [2048] Declaration of Common\Model\PositionContentModel::find() should be compatible with Think\Model::find($options = Array) D:\wamp64\www\muke\Application\Common\Model\PositionContentModel.class.php 第 99 行.
ERR: 1406:Data too long for column 'title' at row 1
 [ SQL语句 ] : INSERT INTO `cms_position_content` (`position_id`,`title`,`thumb`,`news_id`,`status`,`create_time`) VALUES ('5','距离微软放弃Windows Vista已不到60天时间_IT新闻_博客园','https:','463','1','1488510806')
ERR: 1406:Data too long for column 'title' at row 1
 [ SQL语句 ] : INSERT INTO `cms_position_content` (`position_id`,`title`,`thumb`,`news_id`,`status`,`create_time`) VALUES ('5','距离微软放弃Windows Vista已不到60天时间_IT新闻_博客园','https:','463','1','1488510806')

[ 2017-03-03T11:27:55+08:00 ] 127.0.0.1 /admin.php?c=content&a=push
INFO: [ app_begin ] --START--
INFO: Run Behavior\ReadHtmlCacheBehavior [ RunTime:0.001000s ]
INFO: [ app_begin ] --END-- [ RunTime:0.001000s ]
NOTIC: [2048] Declaration of Admin\Controller\ContentController::setStatus() should be compatible with Admin\Controller\CommonController::setStatus($data, $models) D:\wamp64\www\muke\Application\Admin\Controller\ContentController.class.php 第 7 行.
NOTIC: [2048] Declaration of Admin\Controller\ContentController::listorder() should be compatible with Admin\Controller\CommonController::listorder($model = '') D:\wamp64\www\muke\Application\Admin\Controller\ContentController.class.php 第 7 行.
NOTIC: [2048] Declaration of Common\Model\NewsModel::select() should be compatible with Think\Model::select($options = Array) D:\wamp64\www\muke\Application\Common\Model\NewsModel.class.php 第 6 行.
NOTIC: [2048] Declaration of Common\Model\NewsModel::find() should be compatible with Think\Model::find($options = Array) D:\wamp64\www\muke\Application\Common\Model\NewsModel.class.php 第 6 行.
SQL: SELECT * FROM `cms_news` WHERE `news_id` IN ('465','464','463')  [ RunTime:0.0000s ]
NOTIC: [2048] Declaration of Common\Model\PositionContentModel::select() should be compatible with Think\Model::select($options = Array) D:\wamp64\www\muke\Application\Common\Model\PositionContentModel.class.php 第 99 行.
NOTIC: [2048] Declaration of Common\Model\PositionContentModel::find() should be compatible with Think\Model::find($options = Array) D:\wamp64\www\muke\Application\Common\Model\PositionContentModel.class.php 第 99 行.
ERR: 1406:Data too long for column 'title' at row 1
 [ SQL语句 ] : INSERT INTO `cms_position_content` (`position_id`,`title`,`thumb`,`news_id`,`status`,`create_time`) VALUES ('5','距离微软放弃Windows Vista已不到60天时间_IT新闻_博客园','https:','463','1','1488510806')
ERR: 1406:Data too long for column 'title' at row 1
 [ SQL语句 ] : INSERT INTO `cms_position_content` (`position_id`,`title`,`thumb`,`news_id`,`status`,`create_time`) VALUES ('5','距离微软放弃Windows Vista已不到60天时间_IT新闻_博客园','https:','463','1','1488510806')

[ 2017-03-03T11:28:08+08:00 ] 127.0.0.1 /index.php?m=admin&c=login&a=check
INFO: [ app_begin ] --START--
INFO: Run Behavior\ReadHtmlCacheBehavior [ RunTime:0.001000s ]
INFO: [ app_begin ] --END-- [ RunTime:0.001000s ]
NOTIC: [2048] Declaration of Common\Model\AdminModel::select() should be compatible with Think\Model::select($options = Array) D:\wamp64\www\muke\Application\Common\Model\AdminModel.class.php 第 4 行.
SQL: SELECT * FROM `cms_admin` WHERE ( username="admin" ) LIMIT 1   [ RunTime:0.0000s ]

[ 2017-03-03T11:28:49+08:00 ] 127.0.0.1 /admin.php?c=content&a=push
INFO: [ app_begin ] --START--
INFO: Run Behavior\ReadHtmlCacheBehavior [ RunTime:0.001000s ]
INFO: [ app_begin ] --END-- [ RunTime:0.001000s ]
NOTIC: [2048] Declaration of Admin\Controller\ContentController::setStatus() should be compatible with Admin\Controller\CommonController::setStatus($data, $models) D:\wamp64\www\muke\Application\Admin\Controller\ContentController.class.php 第 7 行.
NOTIC: [2048] Declaration of Admin\Controller\ContentController::listorder() should be compatible with Admin\Controller\CommonController::listorder($model = '') D:\wamp64\www\muke\Application\Admin\Controller\ContentController.class.php 第 7 行.
NOTIC: [2048] Declaration of Common\Model\NewsModel::select() should be compatible with Think\Model::select($options = Array) D:\wamp64\www\muke\Application\Common\Model\NewsModel.class.php 第 6 行.
NOTIC: [2048] Declaration of Common\Model\NewsModel::find() should be compatible with Think\Model::find($options = Array) D:\wamp64\www\muke\Application\Common\Model\NewsModel.class.php 第 6 行.
SQL: SELECT * FROM `cms_news` WHERE `news_id` IN ('511','510')  [ RunTime:0.0000s ]
NOTIC: [2048] Declaration of Common\Model\PositionContentModel::select() should be compatible with Think\Model::select($options = Array) D:\wamp64\www\muke\Application\Common\Model\PositionContentModel.class.php 第 99 行.
NOTIC: [2048] Declaration of Common\Model\PositionContentModel::find() should be compatible with Think\Model::find($options = Array) D:\wamp64\www\muke\Application\Common\Model\PositionContentModel.class.php 第 99 行.
SQL: INSERT INTO `cms_position_content` (`position_id`,`title`,`thumb`,`news_id`,`status`,`create_time`) VALUES ('5','Linux系统默默改变了人类世界的生活方式_IT新闻_博客园','https://images0.cnblogs.com/news_topic/linux.gif\" class=\"topic_img','510','1','1488510815') [ RunTime:0.0000s ]
SQL: INSERT INTO `cms_position_content` (`position_id`,`title`,`thumb`,`news_id`,`status`,`create_time`) VALUES ('5','暴雪对韩国玩家亮绝招：一朝用挂终身拉黑_IT新闻_博客园','https://images2015.cnblogs.com/news/66372/201702/66372-20170215223218160-1155024280.jpg','511','1','1488510816') [ RunTime:0.0000s ]

[ 2017-03-03T11:29:26+08:00 ] 127.0.0.1 /admin.php?c=content&a=push
INFO: [ app_begin ] --START--
INFO: Run Behavior\ReadHtmlCacheBehavior [ RunTime:0.000000s ]
INFO: [ app_begin ] --END-- [ RunTime:0.002000s ]
NOTIC: [2048] Declaration of Admin\Controller\ContentController::setStatus() should be compatible with Admin\Controller\CommonController::setStatus($data, $models) D:\wamp64\www\muke\Application\Admin\Controller\ContentController.class.php 第 7 行.
NOTIC: [2048] Declaration of Admin\Controller\ContentController::listorder() should be compatible with Admin\Controller\CommonController::listorder($model = '') D:\wamp64\www\muke\Application\Admin\Controller\ContentController.class.php 第 7 行.
NOTIC: [2048] Declaration of Common\Model\NewsModel::select() should be compatible with Think\Model::select($options = Array) D:\wamp64\www\muke\Application\Common\Model\NewsModel.class.php 第 6 行.
NOTIC: [2048] Declaration of Common\Model\NewsModel::find() should be compatible with Think\Model::find($options = Array) D:\wamp64\www\muke\Application\Common\Model\NewsModel.class.php 第 6 行.
SQL: SELECT * FROM `cms_news` WHERE `news_id` IN ('501','500','499')  [ RunTime:0.0000s ]
NOTIC: [2048] Declaration of Common\Model\PositionContentModel::select() should be compatible with Think\Model::select($options = Array) D:\wamp64\www\muke\Application\Common\Model\PositionContentModel.class.php 第 99 行.
NOTIC: [2048] Declaration of Common\Model\PositionContentModel::find() should be compatible with Think\Model::find($options = Array) D:\wamp64\www\muke\Application\Common\Model\PositionContentModel.class.php 第 99 行.
SQL: INSERT INTO `cms_position_content` (`position_id`,`title`,`thumb`,`news_id`,`status`,`create_time`) VALUES ('4','更经济更环保 韩国科学家研发出一种海水电池_IT新闻_博客园','https://images2015.cnblogs.com/news/66372/201702/66372-20170216082445800-1990970582.jpg','499','1','1488510814') [ RunTime:0.0000s ]
ERR: 1406:Data too long for column 'title' at row 1
 [ SQL语句 ] : INSERT INTO `cms_position_content` (`position_id`,`title`,`thumb`,`news_id`,`status`,`create_time`) VALUES ('4','愈来愈多科学证据显示，“意志力”可能会影响癌细胞生长_IT新闻_博客园','https://images2015.cnblogs.com/news/66372/201702/66372-20170216082355082-172372260.png','500','1','1488510814')
ERR: 1406:Data too long for column 'title' at row 1
 [ SQL语句 ] : INSERT INTO `cms_position_content` (`position_id`,`title`,`thumb`,`news_id`,`status`,`create_time`) VALUES ('4','愈来愈多科学证据显示，“意志力”可能会影响癌细胞生长_IT新闻_博客园','https://images2015.cnblogs.com/news/66372/201702/66372-20170216082355082-172372260.png','500','1','1488510814')

[ 2017-03-03T11:29:28+08:00 ] 127.0.0.1 /admin.php?c=content&a=push
INFO: [ app_begin ] --START--
INFO: Run Behavior\ReadHtmlCacheBehavior [ RunTime:0.001000s ]
INFO: [ app_begin ] --END-- [ RunTime:0.001000s ]
NOTIC: [2048] Declaration of Admin\Controller\ContentController::setStatus() should be compatible with Admin\Controller\CommonController::setStatus($data, $models) D:\wamp64\www\muke\Application\Admin\Controller\ContentController.class.php 第 7 行.
NOTIC: [2048] Declaration of Admin\Controller\ContentController::listorder() should be compatible with Admin\Controller\CommonController::listorder($model = '') D:\wamp64\www\muke\Application\Admin\Controller\ContentController.class.php 第 7 行.
NOTIC: [2048] Declaration of Common\Model\NewsModel::select() should be compatible with Think\Model::select($options = Array) D:\wamp64\www\muke\Application\Common\Model\NewsModel.class.php 第 6 行.
NOTIC: [2048] Declaration of Common\Model\NewsModel::find() should be compatible with Think\Model::find($options = Array) D:\wamp64\www\muke\Application\Common\Model\NewsModel.class.php 第 6 行.
SQL: SELECT * FROM `cms_news` WHERE `news_id` IN ('501','500','499')  [ RunTime:0.0000s ]
NOTIC: [2048] Declaration of Common\Model\PositionContentModel::select() should be compatible with Think\Model::select($options = Array) D:\wamp64\www\muke\Application\Common\Model\PositionContentModel.class.php 第 99 行.
NOTIC: [2048] Declaration of Common\Model\PositionContentModel::find() should be compatible with Think\Model::find($options = Array) D:\wamp64\www\muke\Application\Common\Model\PositionContentModel.class.php 第 99 行.
SQL: INSERT INTO `cms_position_content` (`position_id`,`title`,`thumb`,`news_id`,`status`,`create_time`) VALUES ('4','更经济更环保 韩国科学家研发出一种海水电池_IT新闻_博客园','https://images2015.cnblogs.com/news/66372/201702/66372-20170216082445800-1990970582.jpg','499','1','1488510814') [ RunTime:0.0000s ]
ERR: 1406:Data too long for column 'title' at row 1
 [ SQL语句 ] : INSERT INTO `cms_position_content` (`position_id`,`title`,`thumb`,`news_id`,`status`,`create_time`) VALUES ('4','愈来愈多科学证据显示，“意志力”可能会影响癌细胞生长_IT新闻_博客园','https://images2015.cnblogs.com/news/66372/201702/66372-20170216082355082-172372260.png','500','1','1488510814')
ERR: 1406:Data too long for column 'title' at row 1
 [ SQL语句 ] : INSERT INTO `cms_position_content` (`position_id`,`title`,`thumb`,`news_id`,`status`,`create_time`) VALUES ('4','愈来愈多科学证据显示，“意志力”可能会影响癌细胞生长_IT新闻_博客园','https://images2015.cnblogs.com/news/66372/201702/66372-20170216082355082-172372260.png','500','1','1488510814')

[ 2017-03-03T11:29:46+08:00 ] 127.0.0.1 /admin.php?c=content&a=push
INFO: [ app_begin ] --START--
INFO: Run Behavior\ReadHtmlCacheBehavior [ RunTime:0.001001s ]
INFO: [ app_begin ] --END-- [ RunTime:0.001001s ]
NOTIC: [2048] Declaration of Admin\Controller\ContentController::setStatus() should be compatible with Admin\Controller\CommonController::setStatus($data, $models) D:\wamp64\www\muke\Application\Admin\Controller\ContentController.class.php 第 7 行.
NOTIC: [2048] Declaration of Admin\Controller\ContentController::listorder() should be compatible with Admin\Controller\CommonController::listorder($model = '') D:\wamp64\www\muke\Application\Admin\Controller\ContentController.class.php 第 7 行.
NOTIC: [2048] Declaration of Common\Model\NewsModel::select() should be compatible with Think\Model::select($options = Array) D:\wamp64\www\muke\Application\Common\Model\NewsModel.class.php 第 6 行.
NOTIC: [2048] Declaration of Common\Model\NewsModel::find() should be compatible with Think\Model::find($options = Array) D:\wamp64\www\muke\Application\Common\Model\NewsModel.class.php 第 6 行.
SQL: SELECT * FROM `cms_news` WHERE `news_id` IN ('482','481')  [ RunTime:0.0000s ]
NOTIC: [2048] Declaration of Common\Model\PositionContentModel::select() should be compatible with Think\Model::select($options = Array) D:\wamp64\www\muke\Application\Common\Model\PositionContentModel.class.php 第 99 行.
NOTIC: [2048] Declaration of Common\Model\PositionContentModel::find() should be compatible with Think\Model::find($options = Array) D:\wamp64\www\muke\Application\Common\Model\PositionContentModel.class.php 第 99 行.
ERR: 1406:Data too long for column 'title' at row 1
 [ SQL语句 ] : INSERT INTO `cms_position_content` (`position_id`,`title`,`thumb`,`news_id`,`status`,`create_time`) VALUES ('4','VR行业遭遇阵痛：高端设备昂贵普及慢 开发商赚不到钱_IT新闻_博客园','https://images2015.cnblogs.com/news/66372/201702/66372-20170215222755254-1903782776.jpg','481','1','1488510810')
ERR: 1406:Data too long for column 'title' at row 1
 [ SQL语句 ] : INSERT INTO `cms_position_content` (`position_id`,`title`,`thumb`,`news_id`,`status`,`create_time`) VALUES ('4','VR行业遭遇阵痛：高端设备昂贵普及慢 开发商赚不到钱_IT新闻_博客园','https://images2015.cnblogs.com/news/66372/201702/66372-20170215222755254-1903782776.jpg','481','1','1488510810')

[ 2017-03-03T11:29:50+08:00 ] 127.0.0.1 /admin.php?c=content&a=push
INFO: [ app_begin ] --START--
INFO: Run Behavior\ReadHtmlCacheBehavior [ RunTime:0.000000s ]
INFO: [ app_begin ] --END-- [ RunTime:0.000000s ]
NOTIC: [2048] Declaration of Admin\Controller\ContentController::setStatus() should be compatible with Admin\Controller\CommonController::setStatus($data, $models) D:\wamp64\www\muke\Application\Admin\Controller\ContentController.class.php 第 7 行.
NOTIC: [2048] Declaration of Admin\Controller\ContentController::listorder() should be compatible with Admin\Controller\CommonController::listorder($model = '') D:\wamp64\www\muke\Application\Admin\Controller\ContentController.class.php 第 7 行.
NOTIC: [2048] Declaration of Common\Model\NewsModel::select() should be compatible with Think\Model::select($options = Array) D:\wamp64\www\muke\Application\Common\Model\NewsModel.class.php 第 6 行.
NOTIC: [2048] Declaration of Common\Model\NewsModel::find() should be compatible with Think\Model::find($options = Array) D:\wamp64\www\muke\Application\Common\Model\NewsModel.class.php 第 6 行.
SQL: SELECT * FROM `cms_news` WHERE `news_id` IN ('482','481')  [ RunTime:0.0000s ]
NOTIC: [2048] Declaration of Common\Model\PositionContentModel::select() should be compatible with Think\Model::select($options = Array) D:\wamp64\www\muke\Application\Common\Model\PositionContentModel.class.php 第 99 行.
NOTIC: [2048] Declaration of Common\Model\PositionContentModel::find() should be compatible with Think\Model::find($options = Array) D:\wamp64\www\muke\Application\Common\Model\PositionContentModel.class.php 第 99 行.
ERR: 1406:Data too long for column 'title' at row 1
 [ SQL语句 ] : INSERT INTO `cms_position_content` (`position_id`,`title`,`thumb`,`news_id`,`status`,`create_time`) VALUES ('4','VR行业遭遇阵痛：高端设备昂贵普及慢 开发商赚不到钱_IT新闻_博客园','https://images2015.cnblogs.com/news/66372/201702/66372-20170215222755254-1903782776.jpg','481','1','1488510810')
ERR: 1406:Data too long for column 'title' at row 1
 [ SQL语句 ] : INSERT INTO `cms_position_content` (`position_id`,`title`,`thumb`,`news_id`,`status`,`create_time`) VALUES ('4','VR行业遭遇阵痛：高端设备昂贵普及慢 开发商赚不到钱_IT新闻_博客园','https://images2015.cnblogs.com/news/66372/201702/66372-20170215222755254-1903782776.jpg','481','1','1488510810')

[ 2017-03-03T11:30:10+08:00 ] 127.0.0.1 /admin.php?c=content&a=push
INFO: [ app_begin ] --START--
INFO: Run Behavior\ReadHtmlCacheBehavior [ RunTime:0.000000s ]
INFO: [ app_begin ] --END-- [ RunTime:0.000000s ]
NOTIC: [2048] Declaration of Admin\Controller\ContentController::setStatus() should be compatible with Admin\Controller\CommonController::setStatus($data, $models) D:\wamp64\www\muke\Application\Admin\Controller\ContentController.class.php 第 7 行.
NOTIC: [2048] Declaration of Admin\Controller\ContentController::listorder() should be compatible with Admin\Controller\CommonController::listorder($model = '') D:\wamp64\www\muke\Application\Admin\Controller\ContentController.class.php 第 7 行.
NOTIC: [2048] Declaration of Common\Model\NewsModel::select() should be compatible with Think\Model::select($options = Array) D:\wamp64\www\muke\Application\Common\Model\NewsModel.class.php 第 6 行.
NOTIC: [2048] Declaration of Common\Model\NewsModel::find() should be compatible with Think\Model::find($options = Array) D:\wamp64\www\muke\Application\Common\Model\NewsModel.class.php 第 6 行.
SQL: SELECT * FROM `cms_news` WHERE `news_id` IN ('458')  [ RunTime:0.0000s ]
NOTIC: [2048] Declaration of Common\Model\PositionContentModel::select() should be compatible with Think\Model::select($options = Array) D:\wamp64\www\muke\Application\Common\Model\PositionContentModel.class.php 第 99 行.
NOTIC: [2048] Declaration of Common\Model\PositionContentModel::find() should be compatible with Think\Model::find($options = Array) D:\wamp64\www\muke\Application\Common\Model\PositionContentModel.class.php 第 99 行.
ERR: 1406:Data too long for column 'title' at row 1
 [ SQL语句 ] : INSERT INTO `cms_position_content` (`position_id`,`title`,`thumb`,`news_id`,`status`,`create_time`) VALUES ('4','受《口袋妖怪GO》冲击 腾讯旗下Supercell去年营收遭遇下滑_IT新闻_博客园','https:','458','1','1488510804')
ERR: 1406:Data too long for column 'title' at row 1
 [ SQL语句 ] : INSERT INTO `cms_position_content` (`position_id`,`title`,`thumb`,`news_id`,`status`,`create_time`) VALUES ('4','受《口袋妖怪GO》冲击 腾讯旗下Supercell去年营收遭遇下滑_IT新闻_博客园','https:','458','1','1488510804')

[ 2017-03-03T11:30:13+08:00 ] 127.0.0.1 /admin.php?c=content&a=push
INFO: [ app_begin ] --START--
INFO: Run Behavior\ReadHtmlCacheBehavior [ RunTime:0.000000s ]
INFO: [ app_begin ] --END-- [ RunTime:0.001000s ]
NOTIC: [2048] Declaration of Admin\Controller\ContentController::setStatus() should be compatible with Admin\Controller\CommonController::setStatus($data, $models) D:\wamp64\www\muke\Application\Admin\Controller\ContentController.class.php 第 7 行.
NOTIC: [2048] Declaration of Admin\Controller\ContentController::listorder() should be compatible with Admin\Controller\CommonController::listorder($model = '') D:\wamp64\www\muke\Application\Admin\Controller\ContentController.class.php 第 7 行.
NOTIC: [2048] Declaration of Common\Model\NewsModel::select() should be compatible with Think\Model::select($options = Array) D:\wamp64\www\muke\Application\Common\Model\NewsModel.class.php 第 6 行.
NOTIC: [2048] Declaration of Common\Model\NewsModel::find() should be compatible with Think\Model::find($options = Array) D:\wamp64\www\muke\Application\Common\Model\NewsModel.class.php 第 6 行.
SQL: SELECT * FROM `cms_news` WHERE `news_id` IN ('459')  [ RunTime:0.0000s ]
NOTIC: [2048] Declaration of Common\Model\PositionContentModel::select() should be compatible with Think\Model::select($options = Array) D:\wamp64\www\muke\Application\Common\Model\PositionContentModel.class.php 第 99 行.
NOTIC: [2048] Declaration of Common\Model\PositionContentModel::find() should be compatible with Think\Model::find($options = Array) D:\wamp64\www\muke\Application\Common\Model\PositionContentModel.class.php 第 99 行.
ERR: 1406:Data too long for column 'title' at row 1
 [ SQL语句 ] : INSERT INTO `cms_position_content` (`position_id`,`title`,`thumb`,`news_id`,`status`,`create_time`) VALUES ('4','下一代iPad Pro智能键盘亮相：有专用分享、Emoji按键_IT新闻_博客园','https://images0.cnblogs.com/news_topic/iPad.gif\" class=\"topic_img','459','1','1488510804')
ERR: 1406:Data too long for column 'title' at row 1
 [ SQL语句 ] : INSERT INTO `cms_position_content` (`position_id`,`title`,`thumb`,`news_id`,`status`,`create_time`) VALUES ('4','下一代iPad Pro智能键盘亮相：有专用分享、Emoji按键_IT新闻_博客园','https://images0.cnblogs.com/news_topic/iPad.gif\" class=\"topic_img','459','1','1488510804')

[ 2017-03-03T11:30:21+08:00 ] 127.0.0.1 /admin.php?c=content&a=push
INFO: [ app_begin ] --START--
INFO: Run Behavior\ReadHtmlCacheBehavior [ RunTime:0.000000s ]
INFO: [ app_begin ] --END-- [ RunTime:0.001000s ]
NOTIC: [2048] Declaration of Admin\Controller\ContentController::setStatus() should be compatible with Admin\Controller\CommonController::setStatus($data, $models) D:\wamp64\www\muke\Application\Admin\Controller\ContentController.class.php 第 7 行.
NOTIC: [2048] Declaration of Admin\Controller\ContentController::listorder() should be compatible with Admin\Controller\CommonController::listorder($model = '') D:\wamp64\www\muke\Application\Admin\Controller\ContentController.class.php 第 7 行.
NOTIC: [2048] Declaration of Common\Model\NewsModel::select() should be compatible with Think\Model::select($options = Array) D:\wamp64\www\muke\Application\Common\Model\NewsModel.class.php 第 6 行.
NOTIC: [2048] Declaration of Common\Model\NewsModel::find() should be compatible with Think\Model::find($options = Array) D:\wamp64\www\muke\Application\Common\Model\NewsModel.class.php 第 6 行.
SQL: SELECT * FROM `cms_news` WHERE `news_id` IN ('440')  [ RunTime:0.0000s ]
NOTIC: [2048] Declaration of Common\Model\PositionContentModel::select() should be compatible with Think\Model::select($options = Array) D:\wamp64\www\muke\Application\Common\Model\PositionContentModel.class.php 第 99 行.
NOTIC: [2048] Declaration of Common\Model\PositionContentModel::find() should be compatible with Think\Model::find($options = Array) D:\wamp64\www\muke\Application\Common\Model\PositionContentModel.class.php 第 99 行.
ERR: 1406:Data too long for column 'title' at row 1
 [ SQL语句 ] : INSERT INTO `cms_position_content` (`position_id`,`title`,`thumb`,`news_id`,`status`,`create_time`) VALUES ('4','iPhone 8设屏幕功能区 5.8英寸屏使用面积或为5.2_IT新闻_博客园','https://images2015.cnblogs.com/news/66372/201702/66372-20170216131957832-63750625.jpg','440','1','1488510679')
ERR: 1406:Data too long for column 'title' at row 1
 [ SQL语句 ] : INSERT INTO `cms_position_content` (`position_id`,`title`,`thumb`,`news_id`,`status`,`create_time`) VALUES ('4','iPhone 8设屏幕功能区 5.8英寸屏使用面积或为5.2_IT新闻_博客园','https://images2015.cnblogs.com/news/66372/201702/66372-20170216131957832-63750625.jpg','440','1','1488510679')

[ 2017-03-03T11:30:36+08:00 ] 127.0.0.1 /admin.php?c=content&a=push
INFO: [ app_begin ] --START--
INFO: Run Behavior\ReadHtmlCacheBehavior [ RunTime:0.001000s ]
INFO: [ app_begin ] --END-- [ RunTime:0.001000s ]
NOTIC: [2048] Declaration of Admin\Controller\ContentController::setStatus() should be compatible with Admin\Controller\CommonController::setStatus($data, $models) D:\wamp64\www\muke\Application\Admin\Controller\ContentController.class.php 第 7 行.
NOTIC: [2048] Declaration of Admin\Controller\ContentController::listorder() should be compatible with Admin\Controller\CommonController::listorder($model = '') D:\wamp64\www\muke\Application\Admin\Controller\ContentController.class.php 第 7 行.
NOTIC: [2048] Declaration of Common\Model\NewsModel::select() should be compatible with Think\Model::select($options = Array) D:\wamp64\www\muke\Application\Common\Model\NewsModel.class.php 第 6 行.
NOTIC: [2048] Declaration of Common\Model\NewsModel::find() should be compatible with Think\Model::find($options = Array) D:\wamp64\www\muke\Application\Common\Model\NewsModel.class.php 第 6 行.
SQL: SELECT * FROM `cms_news` WHERE `news_id` IN ('405')  [ RunTime:0.0010s ]
NOTIC: [2048] Declaration of Common\Model\PositionContentModel::select() should be compatible with Think\Model::select($options = Array) D:\wamp64\www\muke\Application\Common\Model\PositionContentModel.class.php 第 99 行.
NOTIC: [2048] Declaration of Common\Model\PositionContentModel::find() should be compatible with Think\Model::find($options = Array) D:\wamp64\www\muke\Application\Common\Model\PositionContentModel.class.php 第 99 行.
SQL: INSERT INTO `cms_position_content` (`position_id`,`title`,`thumb`,`news_id`,`status`,`create_time`) VALUES ('4','30年前的Mac：苹果天才吧员工还会修理吗_IT新闻_博客园','https://images2015.cnblogs.com/news/66372/201702/66372-20170216170038004-355908539.jpg','405','1','1488510600') [ RunTime:0.0000s ]

[ 2017-03-03T11:35:22+08:00 ] 127.0.0.1 /admin.php?c=content&a=push
INFO: [ app_begin ] --START--
INFO: Run Behavior\ReadHtmlCacheBehavior [ RunTime:0.000000s ]
INFO: [ app_begin ] --END-- [ RunTime:0.001000s ]
NOTIC: [2048] Declaration of Admin\Controller\ContentController::setStatus() should be compatible with Admin\Controller\CommonController::setStatus($data, $models) D:\wamp64\www\muke\Application\Admin\Controller\ContentController.class.php 第 7 行.
NOTIC: [2048] Declaration of Admin\Controller\ContentController::listorder() should be compatible with Admin\Controller\CommonController::listorder($model = '') D:\wamp64\www\muke\Application\Admin\Controller\ContentController.class.php 第 7 行.
NOTIC: [2048] Declaration of Common\Model\NewsModel::select() should be compatible with Think\Model::select($options = Array) D:\wamp64\www\muke\Application\Common\Model\NewsModel.class.php 第 6 行.
NOTIC: [2048] Declaration of Common\Model\NewsModel::find() should be compatible with Think\Model::find($options = Array) D:\wamp64\www\muke\Application\Common\Model\NewsModel.class.php 第 6 行.
SQL: SELECT * FROM `cms_news` WHERE `news_id` IN ('401')  [ RunTime:0.0010s ]
NOTIC: [2048] Declaration of Common\Model\PositionContentModel::select() should be compatible with Think\Model::select($options = Array) D:\wamp64\www\muke\Application\Common\Model\PositionContentModel.class.php 第 99 行.
NOTIC: [2048] Declaration of Common\Model\PositionContentModel::find() should be compatible with Think\Model::find($options = Array) D:\wamp64\www\muke\Application\Common\Model\PositionContentModel.class.php 第 99 行.
ERR: 1406:Data too long for column 'title' at row 1
 [ SQL语句 ] : INSERT INTO `cms_position_content` (`position_id`,`title`,`thumb`,`news_id`,`status`,`create_time`) VALUES ('1','星巴克中国的数字化元年已到，但还请多给一些耐心_IT新闻_博客园','https://images2015.cnblogs.com/news/66372/201702/66372-20170216170906379-1820062401.jpg','401','1','1488510599')
ERR: 1406:Data too long for column 'title' at row 1
 [ SQL语句 ] : INSERT INTO `cms_position_content` (`position_id`,`title`,`thumb`,`news_id`,`status`,`create_time`) VALUES ('1','星巴克中国的数字化元年已到，但还请多给一些耐心_IT新闻_博客园','https://images2015.cnblogs.com/news/66372/201702/66372-20170216170906379-1820062401.jpg','401','1','1488510599')

[ 2017-03-03T11:35:26+08:00 ] 127.0.0.1 /admin.php?c=content&a=push
INFO: [ app_begin ] --START--
INFO: Run Behavior\ReadHtmlCacheBehavior [ RunTime:0.001000s ]
INFO: [ app_begin ] --END-- [ RunTime:0.001000s ]
NOTIC: [2048] Declaration of Admin\Controller\ContentController::setStatus() should be compatible with Admin\Controller\CommonController::setStatus($data, $models) D:\wamp64\www\muke\Application\Admin\Controller\ContentController.class.php 第 7 行.
NOTIC: [2048] Declaration of Admin\Controller\ContentController::listorder() should be compatible with Admin\Controller\CommonController::listorder($model = '') D:\wamp64\www\muke\Application\Admin\Controller\ContentController.class.php 第 7 行.
NOTIC: [2048] Declaration of Common\Model\NewsModel::select() should be compatible with Think\Model::select($options = Array) D:\wamp64\www\muke\Application\Common\Model\NewsModel.class.php 第 6 行.
NOTIC: [2048] Declaration of Common\Model\NewsModel::find() should be compatible with Think\Model::find($options = Array) D:\wamp64\www\muke\Application\Common\Model\NewsModel.class.php 第 6 行.
SQL: SELECT * FROM `cms_news` WHERE `news_id` IN ('402')  [ RunTime:0.0000s ]
NOTIC: [2048] Declaration of Common\Model\PositionContentModel::select() should be compatible with Think\Model::select($options = Array) D:\wamp64\www\muke\Application\Common\Model\PositionContentModel.class.php 第 99 行.
NOTIC: [2048] Declaration of Common\Model\PositionContentModel::find() should be compatible with Think\Model::find($options = Array) D:\wamp64\www\muke\Application\Common\Model\PositionContentModel.class.php 第 99 行.
ERR: 1406:Data too long for column 'title' at row 1
 [ SQL语句 ] : INSERT INTO `cms_position_content` (`position_id`,`title`,`thumb`,`news_id`,`status`,`create_time`) VALUES ('1','“糖尿病”的降血糖药物metformin，可望用于治疗“癌症”_IT新闻_博客园','https://images2015.cnblogs.com/news/66372/201702/66372-20170216170615879-1392143582.jpg','402','1','1488510600')
ERR: 1406:Data too long for column 'title' at row 1
 [ SQL语句 ] : INSERT INTO `cms_position_content` (`position_id`,`title`,`thumb`,`news_id`,`status`,`create_time`) VALUES ('1','“糖尿病”的降血糖药物metformin，可望用于治疗“癌症”_IT新闻_博客园','https://images2015.cnblogs.com/news/66372/201702/66372-20170216170615879-1392143582.jpg','402','1','1488510600')

[ 2017-03-03T11:35:29+08:00 ] 127.0.0.1 /admin.php?c=content&a=push
INFO: [ app_begin ] --START--
INFO: Run Behavior\ReadHtmlCacheBehavior [ RunTime:0.001000s ]
INFO: [ app_begin ] --END-- [ RunTime:0.001000s ]
NOTIC: [2048] Declaration of Admin\Controller\ContentController::setStatus() should be compatible with Admin\Controller\CommonController::setStatus($data, $models) D:\wamp64\www\muke\Application\Admin\Controller\ContentController.class.php 第 7 行.
NOTIC: [2048] Declaration of Admin\Controller\ContentController::listorder() should be compatible with Admin\Controller\CommonController::listorder($model = '') D:\wamp64\www\muke\Application\Admin\Controller\ContentController.class.php 第 7 行.
NOTIC: [2048] Declaration of Common\Model\NewsModel::select() should be compatible with Think\Model::select($options = Array) D:\wamp64\www\muke\Application\Common\Model\NewsModel.class.php 第 6 行.
NOTIC: [2048] Declaration of Common\Model\NewsModel::find() should be compatible with Think\Model::find($options = Array) D:\wamp64\www\muke\Application\Common\Model\NewsModel.class.php 第 6 行.
SQL: SELECT * FROM `cms_news` WHERE `news_id` IN ('403')  [ RunTime:0.0010s ]
NOTIC: [2048] Declaration of Common\Model\PositionContentModel::select() should be compatible with Think\Model::select($options = Array) D:\wamp64\www\muke\Application\Common\Model\PositionContentModel.class.php 第 99 行.
NOTIC: [2048] Declaration of Common\Model\PositionContentModel::find() should be compatible with Think\Model::find($options = Array) D:\wamp64\www\muke\Application\Common\Model\PositionContentModel.class.php 第 99 行.
ERR: 1406:Data too long for column 'title' at row 1
 [ SQL语句 ] : INSERT INTO `cms_position_content` (`position_id`,`title`,`thumb`,`news_id`,`status`,`create_time`) VALUES ('1','真没开玩笑！麦当劳请Google团队设计了一根吸管_IT新闻_博客园','https://images2015.cnblogs.com/news/66372/201702/66372-20170216170421300-1499309221.jpg','403','1','1488510600')
ERR: 1406:Data too long for column 'title' at row 1
 [ SQL语句 ] : INSERT INTO `cms_position_content` (`position_id`,`title`,`thumb`,`news_id`,`status`,`create_time`) VALUES ('1','真没开玩笑！麦当劳请Google团队设计了一根吸管_IT新闻_博客园','https://images2015.cnblogs.com/news/66372/201702/66372-20170216170421300-1499309221.jpg','403','1','1488510600')

[ 2017-03-03T11:35:31+08:00 ] 127.0.0.1 /admin.php?c=content&a=push
INFO: [ app_begin ] --START--
INFO: Run Behavior\ReadHtmlCacheBehavior [ RunTime:0.001000s ]
INFO: [ app_begin ] --END-- [ RunTime:0.001000s ]
NOTIC: [2048] Declaration of Admin\Controller\ContentController::setStatus() should be compatible with Admin\Controller\CommonController::setStatus($data, $models) D:\wamp64\www\muke\Application\Admin\Controller\ContentController.class.php 第 7 行.
NOTIC: [2048] Declaration of Admin\Controller\ContentController::listorder() should be compatible with Admin\Controller\CommonController::listorder($model = '') D:\wamp64\www\muke\Application\Admin\Controller\ContentController.class.php 第 7 行.
NOTIC: [2048] Declaration of Common\Model\NewsModel::select() should be compatible with Think\Model::select($options = Array) D:\wamp64\www\muke\Application\Common\Model\NewsModel.class.php 第 6 行.
NOTIC: [2048] Declaration of Common\Model\NewsModel::find() should be compatible with Think\Model::find($options = Array) D:\wamp64\www\muke\Application\Common\Model\NewsModel.class.php 第 6 行.
SQL: SELECT * FROM `cms_news` WHERE `news_id` IN ('404')  [ RunTime:0.0000s ]
NOTIC: [2048] Declaration of Common\Model\PositionContentModel::select() should be compatible with Think\Model::select($options = Array) D:\wamp64\www\muke\Application\Common\Model\PositionContentModel.class.php 第 99 行.
NOTIC: [2048] Declaration of Common\Model\PositionContentModel::find() should be compatible with Think\Model::find($options = Array) D:\wamp64\www\muke\Application\Common\Model\PositionContentModel.class.php 第 99 行.
SQL: INSERT INTO `cms_position_content` (`position_id`,`title`,`thumb`,`news_id`,`status`,`create_time`) VALUES ('1','甲骨文预测：2017年大数据的变化趋势_IT新闻_博客园','https://images2015.cnblogs.com/news/66372/201702/66372-20170216170250519-547042495.png','404','1','1488510600') [ RunTime:0.0000s ]

[ 2017-03-03T11:36:52+08:00 ] 127.0.0.1 /admin.php?c=content&a=push
INFO: [ app_begin ] --START--
INFO: Run Behavior\ReadHtmlCacheBehavior [ RunTime:0.000000s ]
INFO: [ app_begin ] --END-- [ RunTime:0.001000s ]
NOTIC: [2048] Declaration of Admin\Controller\ContentController::setStatus() should be compatible with Admin\Controller\CommonController::setStatus($data, $models) D:\wamp64\www\muke\Application\Admin\Controller\ContentController.class.php 第 7 行.
NOTIC: [2048] Declaration of Admin\Controller\ContentController::listorder() should be compatible with Admin\Controller\CommonController::listorder($model = '') D:\wamp64\www\muke\Application\Admin\Controller\ContentController.class.php 第 7 行.
NOTIC: [2048] Declaration of Common\Model\NewsModel::select() should be compatible with Think\Model::select($options = Array) D:\wamp64\www\muke\Application\Common\Model\NewsModel.class.php 第 6 行.
NOTIC: [2048] Declaration of Common\Model\NewsModel::find() should be compatible with Think\Model::find($options = Array) D:\wamp64\www\muke\Application\Common\Model\NewsModel.class.php 第 6 行.
SQL: SELECT * FROM `cms_news` WHERE `news_id` IN ('510')  [ RunTime:0.0000s ]
NOTIC: [2048] Declaration of Common\Model\PositionContentModel::select() should be compatible with Think\Model::select($options = Array) D:\wamp64\www\muke\Application\Common\Model\PositionContentModel.class.php 第 99 行.
NOTIC: [2048] Declaration of Common\Model\PositionContentModel::find() should be compatible with Think\Model::find($options = Array) D:\wamp64\www\muke\Application\Common\Model\PositionContentModel.class.php 第 99 行.
SQL: INSERT INTO `cms_position_content` (`position_id`,`title`,`thumb`,`news_id`,`status`,`create_time`) VALUES ('1','Linux系统默默改变了人类世界的生活方式_IT新闻_博客园','https://images0.cnblogs.com/news_topic/linux.gif\" class=\"topic_img','510','1','1488510815') [ RunTime:0.0000s ]

[ 2017-03-03T11:36:59+08:00 ] 127.0.0.1 /admin.php?c=content&a=push
INFO: [ app_begin ] --START--
INFO: Run Behavior\ReadHtmlCacheBehavior [ RunTime:0.001000s ]
INFO: [ app_begin ] --END-- [ RunTime:0.001000s ]
NOTIC: [2048] Declaration of Admin\Controller\ContentController::setStatus() should be compatible with Admin\Controller\CommonController::setStatus($data, $models) D:\wamp64\www\muke\Application\Admin\Controller\ContentController.class.php 第 7 行.
NOTIC: [2048] Declaration of Admin\Controller\ContentController::listorder() should be compatible with Admin\Controller\CommonController::listorder($model = '') D:\wamp64\www\muke\Application\Admin\Controller\ContentController.class.php 第 7 行.
NOTIC: [2048] Declaration of Common\Model\NewsModel::select() should be compatible with Think\Model::select($options = Array) D:\wamp64\www\muke\Application\Common\Model\NewsModel.class.php 第 6 行.
NOTIC: [2048] Declaration of Common\Model\NewsModel::find() should be compatible with Think\Model::find($options = Array) D:\wamp64\www\muke\Application\Common\Model\NewsModel.class.php 第 6 行.
SQL: SELECT * FROM `cms_news` WHERE `news_id` IN ('508')  [ RunTime:0.0000s ]
NOTIC: [2048] Declaration of Common\Model\PositionContentModel::select() should be compatible with Think\Model::select($options = Array) D:\wamp64\www\muke\Application\Common\Model\PositionContentModel.class.php 第 99 行.
NOTIC: [2048] Declaration of Common\Model\PositionContentModel::find() should be compatible with Think\Model::find($options = Array) D:\wamp64\www\muke\Application\Common\Model\PositionContentModel.class.php 第 99 行.
ERR: 1406:Data too long for column 'title' at row 1
 [ SQL语句 ] : INSERT INTO `cms_position_content` (`position_id`,`title`,`thumb`,`news_id`,`status`,`create_time`) VALUES ('1','如何揪出论坛里的骂街党？维基百科和谷歌联合开发机器学习算法_IT新闻_博客园','https://images2015.cnblogs.com/news/66372/201702/66372-20170215224628316-221970120.jpg','508','1','1488510815')
ERR: 1406:Data too long for column 'title' at row 1
 [ SQL语句 ] : INSERT INTO `cms_position_content` (`position_id`,`title`,`thumb`,`news_id`,`status`,`create_time`) VALUES ('1','如何揪出论坛里的骂街党？维基百科和谷歌联合开发机器学习算法_IT新闻_博客园','https://images2015.cnblogs.com/news/66372/201702/66372-20170215224628316-221970120.jpg','508','1','1488510815')

[ 2017-03-03T11:38:04+08:00 ] 127.0.0.1 /admin.php?c=positionContent&a=setStatus
INFO: [ app_begin ] --START--
INFO: Run Behavior\ReadHtmlCacheBehavior [ RunTime:0.001000s ]
INFO: [ app_begin ] --END-- [ RunTime:0.002000s ]
NOTIC: [2048] Declaration of Admin\Controller\PositionContentController::setStatus() should be compatible with Admin\Controller\CommonController::setStatus($data, $models) D:\wamp64\www\muke\Application\Admin\Controller\PositionContentController.class.php 第 7 行.
NOTIC: [2048] Declaration of Admin\Controller\PositionContentController::listorder() should be compatible with Admin\Controller\CommonController::listorder($model = '') D:\wamp64\www\muke\Application\Admin\Controller\PositionContentController.class.php 第 7 行.
NOTIC: [2048] Declaration of Common\Model\PositionContentModel::select() should be compatible with Think\Model::select($options = Array) D:\wamp64\www\muke\Application\Common\Model\PositionContentModel.class.php 第 6 行.
NOTIC: [2048] Declaration of Common\Model\PositionContentModel::find() should be compatible with Think\Model::find($options = Array) D:\wamp64\www\muke\Application\Common\Model\PositionContentModel.class.php 第 6 行.
SQL: UPDATE `cms_position_content` SET `status`='-1' WHERE ( id=73 ) [ RunTime:0.0000s ]

[ 2017-03-03T11:38:27+08:00 ] 127.0.0.1 /admin.php?c=content&a=push
INFO: [ app_begin ] --START--
INFO: Run Behavior\ReadHtmlCacheBehavior [ RunTime:0.001000s ]
INFO: [ app_begin ] --END-- [ RunTime:0.001000s ]
NOTIC: [2048] Declaration of Admin\Controller\ContentController::setStatus() should be compatible with Admin\Controller\CommonController::setStatus($data, $models) D:\wamp64\www\muke\Application\Admin\Controller\ContentController.class.php 第 7 行.
NOTIC: [2048] Declaration of Admin\Controller\ContentController::listorder() should be compatible with Admin\Controller\CommonController::listorder($model = '') D:\wamp64\www\muke\Application\Admin\Controller\ContentController.class.php 第 7 行.
NOTIC: [2048] Declaration of Common\Model\NewsModel::select() should be compatible with Think\Model::select($options = Array) D:\wamp64\www\muke\Application\Common\Model\NewsModel.class.php 第 6 行.
NOTIC: [2048] Declaration of Common\Model\NewsModel::find() should be compatible with Think\Model::find($options = Array) D:\wamp64\www\muke\Application\Common\Model\NewsModel.class.php 第 6 行.
SQL: SELECT * FROM `cms_news` WHERE `news_id` IN ('452')  [ RunTime:0.0000s ]
NOTIC: [2048] Declaration of Common\Model\PositionContentModel::select() should be compatible with Think\Model::select($options = Array) D:\wamp64\www\muke\Application\Common\Model\PositionContentModel.class.php 第 99 行.
NOTIC: [2048] Declaration of Common\Model\PositionContentModel::find() should be compatible with Think\Model::find($options = Array) D:\wamp64\www\muke\Application\Common\Model\PositionContentModel.class.php 第 99 行.
SQL: INSERT INTO `cms_position_content` (`position_id`,`title`,`thumb`,`news_id`,`status`,`create_time`) VALUES ('1','华为清理老员工：真的是兔死狗烹？_IT新闻_博客园','https:','452','1','1488510803') [ RunTime:0.0000s ]

[ 2017-03-03T11:38:45+08:00 ] 127.0.0.1 /admin.php?c=positionContent&a=setStatus
INFO: [ app_begin ] --START--
INFO: Run Behavior\ReadHtmlCacheBehavior [ RunTime:0.001001s ]
INFO: [ app_begin ] --END-- [ RunTime:0.002001s ]
NOTIC: [2048] Declaration of Admin\Controller\PositionContentController::setStatus() should be compatible with Admin\Controller\CommonController::setStatus($data, $models) D:\wamp64\www\muke\Application\Admin\Controller\PositionContentController.class.php 第 7 行.
NOTIC: [2048] Declaration of Admin\Controller\PositionContentController::listorder() should be compatible with Admin\Controller\CommonController::listorder($model = '') D:\wamp64\www\muke\Application\Admin\Controller\PositionContentController.class.php 第 7 行.
NOTIC: [2048] Declaration of Common\Model\PositionContentModel::select() should be compatible with Think\Model::select($options = Array) D:\wamp64\www\muke\Application\Common\Model\PositionContentModel.class.php 第 6 行.
NOTIC: [2048] Declaration of Common\Model\PositionContentModel::find() should be compatible with Think\Model::find($options = Array) D:\wamp64\www\muke\Application\Common\Model\PositionContentModel.class.php 第 6 行.
SQL: UPDATE `cms_position_content` SET `status`='-1' WHERE ( id=74 ) [ RunTime:0.0000s ]

[ 2017-03-03T11:39:34+08:00 ] 127.0.0.1 /admin.php?c=content&a=push
INFO: [ app_begin ] --START--
INFO: Run Behavior\ReadHtmlCacheBehavior [ RunTime:0.000000s ]
INFO: [ app_begin ] --END-- [ RunTime:0.001000s ]
NOTIC: [2048] Declaration of Admin\Controller\ContentController::setStatus() should be compatible with Admin\Controller\CommonController::setStatus($data, $models) D:\wamp64\www\muke\Application\Admin\Controller\ContentController.class.php 第 7 行.
NOTIC: [2048] Declaration of Admin\Controller\ContentController::listorder() should be compatible with Admin\Controller\CommonController::listorder($model = '') D:\wamp64\www\muke\Application\Admin\Controller\ContentController.class.php 第 7 行.
NOTIC: [2048] Declaration of Common\Model\NewsModel::select() should be compatible with Think\Model::select($options = Array) D:\wamp64\www\muke\Application\Common\Model\NewsModel.class.php 第 6 行.
NOTIC: [2048] Declaration of Common\Model\NewsModel::find() should be compatible with Think\Model::find($options = Array) D:\wamp64\www\muke\Application\Common\Model\NewsModel.class.php 第 6 行.
SQL: SELECT * FROM `cms_news` WHERE `news_id` IN ('508')  [ RunTime:0.0000s ]
NOTIC: [2048] Declaration of Common\Model\PositionContentModel::select() should be compatible with Think\Model::select($options = Array) D:\wamp64\www\muke\Application\Common\Model\PositionContentModel.class.php 第 99 行.
NOTIC: [2048] Declaration of Common\Model\PositionContentModel::find() should be compatible with Think\Model::find($options = Array) D:\wamp64\www\muke\Application\Common\Model\PositionContentModel.class.php 第 99 行.
SQL: INSERT INTO `cms_position_content` (`position_id`,`title`,`thumb`,`news_id`,`status`,`create_time`) VALUES ('1','如何揪出论坛里的骂街党？维基百科和谷歌联合开发机器学习算法_IT新闻_博客园','https://images2015.cnblogs.com/news/66372/201702/66372-20170215224628316-221970120.jpg','508','1','1488510815') [ RunTime:0.0000s ]

[ 2017-03-03T11:39:51+08:00 ] 127.0.0.1 /admin.php?c=positionContent&a=setStatus
INFO: [ app_begin ] --START--
INFO: Run Behavior\ReadHtmlCacheBehavior [ RunTime:0.001000s ]
INFO: [ app_begin ] --END-- [ RunTime:0.002000s ]
NOTIC: [2048] Declaration of Admin\Controller\PositionContentController::setStatus() should be compatible with Admin\Controller\CommonController::setStatus($data, $models) D:\wamp64\www\muke\Application\Admin\Controller\PositionContentController.class.php 第 7 行.
NOTIC: [2048] Declaration of Admin\Controller\PositionContentController::listorder() should be compatible with Admin\Controller\CommonController::listorder($model = '') D:\wamp64\www\muke\Application\Admin\Controller\PositionContentController.class.php 第 7 行.
NOTIC: [2048] Declaration of Common\Model\PositionContentModel::select() should be compatible with Think\Model::select($options = Array) D:\wamp64\www\muke\Application\Common\Model\PositionContentModel.class.php 第 6 行.
NOTIC: [2048] Declaration of Common\Model\PositionContentModel::find() should be compatible with Think\Model::find($options = Array) D:\wamp64\www\muke\Application\Common\Model\PositionContentModel.class.php 第 6 行.
SQL: UPDATE `cms_position_content` SET `status`='-1' WHERE ( id=75 ) [ RunTime:0.0000s ]

[ 2017-03-03T11:45:53+08:00 ] 127.0.0.1 /admin.php?c=positionContent&a=setStatus
INFO: [ app_begin ] --START--
INFO: Run Behavior\ReadHtmlCacheBehavior [ RunTime:0.001000s ]
INFO: [ app_begin ] --END-- [ RunTime:0.001000s ]
NOTIC: [2048] Declaration of Admin\Controller\PositionContentController::setStatus() should be compatible with Admin\Controller\CommonController::setStatus($data, $models) D:\wamp64\www\muke\Application\Admin\Controller\PositionContentController.class.php 第 7 行.
NOTIC: [2048] Declaration of Admin\Controller\PositionContentController::listorder() should be compatible with Admin\Controller\CommonController::listorder($model = '') D:\wamp64\www\muke\Application\Admin\Controller\PositionContentController.class.php 第 7 行.
NOTIC: [2048] Declaration of Common\Model\PositionContentModel::select() should be compatible with Think\Model::select($options = Array) D:\wamp64\www\muke\Application\Common\Model\PositionContentModel.class.php 第 6 行.
NOTIC: [2048] Declaration of Common\Model\PositionContentModel::find() should be compatible with Think\Model::find($options = Array) D:\wamp64\www\muke\Application\Common\Model\PositionContentModel.class.php 第 6 行.
SQL: UPDATE `cms_position_content` SET `status`='-1' WHERE ( id=68 ) [ RunTime:0.0000s ]

[ 2017-03-03T11:46:06+08:00 ] 127.0.0.1 /admin.php?c=content&a=push
INFO: [ app_begin ] --START--
INFO: Run Behavior\ReadHtmlCacheBehavior [ RunTime:0.001000s ]
INFO: [ app_begin ] --END-- [ RunTime:0.001000s ]
NOTIC: [2048] Declaration of Admin\Controller\ContentController::setStatus() should be compatible with Admin\Controller\CommonController::setStatus($data, $models) D:\wamp64\www\muke\Application\Admin\Controller\ContentController.class.php 第 7 行.
NOTIC: [2048] Declaration of Admin\Controller\ContentController::listorder() should be compatible with Admin\Controller\CommonController::listorder($model = '') D:\wamp64\www\muke\Application\Admin\Controller\ContentController.class.php 第 7 行.
NOTIC: [2048] Declaration of Common\Model\NewsModel::select() should be compatible with Think\Model::select($options = Array) D:\wamp64\www\muke\Application\Common\Model\NewsModel.class.php 第 6 行.
NOTIC: [2048] Declaration of Common\Model\NewsModel::find() should be compatible with Think\Model::find($options = Array) D:\wamp64\www\muke\Application\Common\Model\NewsModel.class.php 第 6 行.
SQL: SELECT * FROM `cms_news` WHERE `news_id` IN ('473','472')  [ RunTime:0.0000s ]
NOTIC: [2048] Declaration of Common\Model\PositionContentModel::select() should be compatible with Think\Model::select($options = Array) D:\wamp64\www\muke\Application\Common\Model\PositionContentModel.class.php 第 99 行.
NOTIC: [2048] Declaration of Common\Model\PositionContentModel::find() should be compatible with Think\Model::find($options = Array) D:\wamp64\www\muke\Application\Common\Model\PositionContentModel.class.php 第 99 行.
SQL: INSERT INTO `cms_position_content` (`position_id`,`title`,`thumb`,`news_id`,`status`,`create_time`) VALUES ('5','版本帝GitLab连发五版，应对XSS漏洞_IT新闻_博客园','https://images0.cnblogs.com/news_topic/20150705220132279.png\" class=\"topic_img','472','1','1488510807') [ RunTime:0.0010s ]
SQL: INSERT INTO `cms_position_content` (`position_id`,`title`,`thumb`,`news_id`,`status`,`create_time`) VALUES ('5','特朗普哭晕！苹果回流本土资金先回报股东_IT新闻_博客园','https://images2015.cnblogs.com/news/66372/201702/66372-20170215225529191-35447596.jpg','473','1','1488510808') [ RunTime:0.0000s ]

[ 2017-03-03T13:41:41+08:00 ] 127.0.0.1 /index.php?m=admin&c=login&a=check
INFO: [ app_begin ] --START--
INFO: Run Behavior\ReadHtmlCacheBehavior [ RunTime:0.000000s ]
INFO: [ app_begin ] --END-- [ RunTime:0.001000s ]
NOTIC: [2048] Declaration of Common\Model\AdminModel::select() should be compatible with Think\Model::select($options = Array) D:\wamp64\www\muke\Application\Common\Model\AdminModel.class.php 第 4 行.
SQL: SELECT * FROM `cms_admin` WHERE ( username="admin" ) LIMIT 1   [ RunTime:0.0000s ]

[ 2017-03-03T13:43:25+08:00 ] 127.0.0.1 /admin.php?c=content&a=push
INFO: [ app_begin ] --START--
INFO: Run Behavior\ReadHtmlCacheBehavior [ RunTime:0.001000s ]
INFO: [ app_begin ] --END-- [ RunTime:0.002000s ]
NOTIC: [2048] Declaration of Admin\Controller\ContentController::setStatus() should be compatible with Admin\Controller\CommonController::setStatus($data, $models) D:\wamp64\www\muke\Application\Admin\Controller\ContentController.class.php 第 7 行.
NOTIC: [2048] Declaration of Admin\Controller\ContentController::listorder() should be compatible with Admin\Controller\CommonController::listorder($model = '') D:\wamp64\www\muke\Application\Admin\Controller\ContentController.class.php 第 7 行.
NOTIC: [8] Undefined index: push D:\wamp64\www\muke\Application\Admin\Controller\ContentController.class.php 第 179 行.

[ 2017-03-03T13:51:08+08:00 ] 127.0.0.1 /index.php?m=admin&c=login&a=check
INFO: [ app_begin ] --START--
INFO: Run Behavior\ReadHtmlCacheBehavior [ RunTime:0.000000s ]
INFO: [ app_begin ] --END-- [ RunTime:0.001000s ]
NOTIC: [2048] Declaration of Common\Model\AdminModel::select() should be compatible with Think\Model::select($options = Array) D:\wamp64\www\muke\Application\Common\Model\AdminModel.class.php 第 4 行.
SQL: SELECT * FROM `cms_admin` WHERE ( username="admin" ) LIMIT 1   [ RunTime:0.0000s ]
NOTIC: [8] Undefined variable: res D:\wamp64\www\muke\Application\Admin\Controller\LoginController.class.php 第 36 行.

[ 2017-03-03T13:51:12+08:00 ] 127.0.0.1 /index.php?m=admin&c=login&a=check
INFO: [ app_begin ] --START--
INFO: Run Behavior\ReadHtmlCacheBehavior [ RunTime:0.001000s ]
INFO: [ app_begin ] --END-- [ RunTime:0.002000s ]
NOTIC: [2048] Declaration of Common\Model\AdminModel::select() should be compatible with Think\Model::select($options = Array) D:\wamp64\www\muke\Application\Common\Model\AdminModel.class.php 第 4 行.
SQL: SELECT * FROM `cms_admin` WHERE ( username="admin" ) LIMIT 1   [ RunTime:0.0010s ]
NOTIC: [8] Undefined variable: res D:\wamp64\www\muke\Application\Admin\Controller\LoginController.class.php 第 36 行.

[ 2017-03-03T13:51:30+08:00 ] 127.0.0.1 /index.php?m=admin&c=login&a=check
INFO: [ app_begin ] --START--
INFO: Run Behavior\ReadHtmlCacheBehavior [ RunTime:0.000000s ]
INFO: [ app_begin ] --END-- [ RunTime:0.002000s ]
NOTIC: [2048] Declaration of Common\Model\AdminModel::select() should be compatible with Think\Model::select($options = Array) D:\wamp64\www\muke\Application\Common\Model\AdminModel.class.php 第 4 行.
SQL: SELECT * FROM `cms_admin` WHERE ( username="admin" ) LIMIT 1   [ RunTime:0.0000s ]
NOTIC: [8] Undefined variable: res D:\wamp64\www\muke\Application\Admin\Controller\LoginController.class.php 第 36 行.

[ 2017-03-03T13:52:05+08:00 ] 127.0.0.1 /index.php?m=admin&c=login&a=check
INFO: [ app_begin ] --START--
INFO: Run Behavior\ReadHtmlCacheBehavior [ RunTime:0.000000s ]
INFO: [ app_begin ] --END-- [ RunTime:0.002000s ]
NOTIC: [2048] Declaration of Common\Model\AdminModel::select() should be compatible with Think\Model::select($options = Array) D:\wamp64\www\muke\Application\Common\Model\AdminModel.class.php 第 4 行.
SQL: SELECT * FROM `cms_admin` WHERE ( username="admin" ) LIMIT 1   [ RunTime:0.0000s ]
NOTIC: [8] Undefined variable: res D:\wamp64\www\muke\Application\Admin\Controller\LoginController.class.php 第 36 行.
NOTIC: [8] Undefined variable: res D:\wamp64\www\muke\Application\Admin\Controller\LoginController.class.php 第 37 行.

[ 2017-03-03T13:52:30+08:00 ] 127.0.0.1 /index.php?m=admin&c=login&a=check
INFO: [ app_begin ] --START--
INFO: Run Behavior\ReadHtmlCacheBehavior [ RunTime:0.001000s ]
INFO: [ app_begin ] --END-- [ RunTime:0.001000s ]
NOTIC: [2048] Declaration of Common\Model\AdminModel::select() should be compatible with Think\Model::select($options = Array) D:\wamp64\www\muke\Application\Common\Model\AdminModel.class.php 第 4 行.
SQL: SELECT * FROM `cms_admin` WHERE ( username="admin" ) LIMIT 1   [ RunTime:0.0010s ]
NOTIC: [8] Undefined variable: res D:\wamp64\www\muke\Application\Admin\Controller\LoginController.class.php 第 36 行.

[ 2017-03-03T13:52:51+08:00 ] 127.0.0.1 /index.php?m=admin&c=login&a=check
INFO: [ app_begin ] --START--
INFO: Run Behavior\ReadHtmlCacheBehavior [ RunTime:0.001000s ]
INFO: [ app_begin ] --END-- [ RunTime:0.001000s ]
NOTIC: [2048] Declaration of Common\Model\AdminModel::select() should be compatible with Think\Model::select($options = Array) D:\wamp64\www\muke\Application\Common\Model\AdminModel.class.php 第 4 行.
SQL: SELECT * FROM `cms_admin` WHERE ( username="admin" ) LIMIT 1   [ RunTime:0.0010s ]

[ 2017-03-03T14:00:20+08:00 ] 127.0.0.1 /index.php?m=admin&c=login&a=check
INFO: [ app_begin ] --START--
INFO: Run Behavior\ReadHtmlCacheBehavior [ RunTime:0.001000s ]
INFO: [ app_begin ] --END-- [ RunTime:0.002001s ]
NOTIC: [2048] Declaration of Common\Model\AdminModel::select() should be compatible with Think\Model::select($options = Array) D:\wamp64\www\muke\Application\Common\Model\AdminModel.class.php 第 4 行.
SQL: SELECT * FROM `cms_admin` WHERE ( username="admin" ) LIMIT 1   [ RunTime:0.0000s ]
SQL: UPDATE `cms_admin` SET `lastlogintime`='1488520820' WHERE ( admin_id=1 ) [ RunTime:0.0000s ]

[ 2017-03-03T14:00:45+08:00 ] 127.0.0.1 /index.php?m=admin&c=login&a=check
INFO: [ app_begin ] --START--
INFO: Run Behavior\ReadHtmlCacheBehavior [ RunTime:0.001000s ]
INFO: [ app_begin ] --END-- [ RunTime:0.001000s ]
NOTIC: [2048] Declaration of Common\Model\AdminModel::select() should be compatible with Think\Model::select($options = Array) D:\wamp64\www\muke\Application\Common\Model\AdminModel.class.php 第 4 行.
SQL: SELECT * FROM `cms_admin` WHERE ( username="暗影" ) LIMIT 1   [ RunTime:0.0000s ]
SQL: UPDATE `cms_admin` SET `lastlogintime`='1488520845' WHERE ( admin_id=6 ) [ RunTime:0.0010s ]

[ 2017-03-03T14:00:53+08:00 ] 127.0.0.1 /index.php?m=admin&c=login&a=check
INFO: [ app_begin ] --START--
INFO: Run Behavior\ReadHtmlCacheBehavior [ RunTime:0.001000s ]
INFO: [ app_begin ] --END-- [ RunTime:0.001000s ]
NOTIC: [2048] Declaration of Common\Model\AdminModel::select() should be compatible with Think\Model::select($options = Array) D:\wamp64\www\muke\Application\Common\Model\AdminModel.class.php 第 4 行.
SQL: SELECT * FROM `cms_admin` WHERE ( username="天堂" ) LIMIT 1   [ RunTime:0.0000s ]

[ 2017-03-03T14:00:58+08:00 ] 127.0.0.1 /index.php?m=admin&c=login&a=check
INFO: [ app_begin ] --START--
INFO: Run Behavior\ReadHtmlCacheBehavior [ RunTime:0.001000s ]
INFO: [ app_begin ] --END-- [ RunTime:0.002000s ]
NOTIC: [2048] Declaration of Common\Model\AdminModel::select() should be compatible with Think\Model::select($options = Array) D:\wamp64\www\muke\Application\Common\Model\AdminModel.class.php 第 4 行.
SQL: SELECT * FROM `cms_admin` WHERE ( username="天堂" ) LIMIT 1   [ RunTime:0.0010s ]

[ 2017-03-03T14:01:02+08:00 ] 127.0.0.1 /index.php?m=admin&c=login&a=check
INFO: [ app_begin ] --START--
INFO: Run Behavior\ReadHtmlCacheBehavior [ RunTime:0.000000s ]
INFO: [ app_begin ] --END-- [ RunTime:0.001000s ]
NOTIC: [2048] Declaration of Common\Model\AdminModel::select() should be compatible with Think\Model::select($options = Array) D:\wamp64\www\muke\Application\Common\Model\AdminModel.class.php 第 4 行.
SQL: SELECT * FROM `cms_admin` WHERE ( username="天堂" ) LIMIT 1   [ RunTime:0.0000s ]

[ 2017-03-03T14:01:09+08:00 ] 127.0.0.1 /index.php?m=admin&c=login&a=check
INFO: [ app_begin ] --START--
INFO: Run Behavior\ReadHtmlCacheBehavior [ RunTime:0.001000s ]
INFO: [ app_begin ] --END-- [ RunTime:0.001000s ]
NOTIC: [2048] Declaration of Common\Model\AdminModel::select() should be compatible with Think\Model::select($options = Array) D:\wamp64\www\muke\Application\Common\Model\AdminModel.class.php 第 4 行.
SQL: SELECT * FROM `cms_admin` WHERE ( username="天堂" ) LIMIT 1   [ RunTime:0.0000s ]

[ 2017-03-03T14:01:14+08:00 ] 127.0.0.1 /index.php?m=admin&c=login&a=check
INFO: [ app_begin ] --START--
INFO: Run Behavior\ReadHtmlCacheBehavior [ RunTime:0.001000s ]
INFO: [ app_begin ] --END-- [ RunTime:0.002000s ]
NOTIC: [2048] Declaration of Common\Model\AdminModel::select() should be compatible with Think\Model::select($options = Array) D:\wamp64\www\muke\Application\Common\Model\AdminModel.class.php 第 4 行.
SQL: SELECT * FROM `cms_admin` WHERE ( username="天堂" ) LIMIT 1   [ RunTime:0.0000s ]
SQL: UPDATE `cms_admin` SET `lastlogintime`='1488520874' WHERE ( admin_id=5 ) [ RunTime:0.0000s ]

[ 2017-03-03T14:02:04+08:00 ] 127.0.0.1 /index.php?m=admin&c=login&a=check
INFO: [ app_begin ] --START--
INFO: Run Behavior\ReadHtmlCacheBehavior [ RunTime:0.001000s ]
INFO: [ app_begin ] --END-- [ RunTime:0.001000s ]
NOTIC: [2048] Declaration of Common\Model\AdminModel::select() should be compatible with Think\Model::select($options = Array) D:\wamp64\www\muke\Application\Common\Model\AdminModel.class.php 第 4 行.
SQL: SELECT * FROM `cms_admin` WHERE ( username="admin" ) LIMIT 1   [ RunTime:0.0000s ]
SQL: UPDATE `cms_admin` SET `lastlogintime`='1488520924' WHERE ( admin_id=1 ) [ RunTime:0.0000s ]

[ 2017-03-03T14:17:44+08:00 ] 127.0.0.1 /admin.php?c=admin&a=add
INFO: [ app_begin ] --START--
INFO: Run Behavior\ReadHtmlCacheBehavior [ RunTime:0.000000s ]
INFO: [ app_begin ] --END-- [ RunTime:0.001000s ]
NOTIC: [2048] Declaration of Common\Model\AdminModel::select() should be compatible with Think\Model::select($options = Array) D:\wamp64\www\muke\Application\Common\Model\AdminModel.class.php 第 4 行.
SQL: SELECT * FROM `cms_admin` WHERE ( username="啦啦" ) LIMIT 1   [ RunTime:0.0000s ]
NOTIC: [8] Undefined index: validate D:\wamp64\www\muke\ThinkPHP\Library\Think\Model.class.php 第 1185 行.
NOTIC: [8] Undefined index: auto D:\wamp64\www\muke\ThinkPHP\Library\Think\Model.class.php 第 1128 行.
SQL: INSERT INTO `cms_admin` (`username`,`password`,`realname`) VALUES ('啦啦','3b774df4e728776b3195355531a27996','lala') [ RunTime:0.0010s ]

[ 2017-03-03T14:17:55+08:00 ] 127.0.0.1 /index.php?m=admin&c=login&a=check
INFO: [ app_begin ] --START--
INFO: Run Behavior\ReadHtmlCacheBehavior [ RunTime:0.001000s ]
INFO: [ app_begin ] --END-- [ RunTime:0.002000s ]
NOTIC: [2048] Declaration of Common\Model\AdminModel::select() should be compatible with Think\Model::select($options = Array) D:\wamp64\www\muke\Application\Common\Model\AdminModel.class.php 第 4 行.
SQL: SELECT * FROM `cms_admin` WHERE ( username="拉拉" ) LIMIT 1   [ RunTime:0.0000s ]

[ 2017-03-03T14:18:00+08:00 ] 127.0.0.1 /index.php?m=admin&c=login&a=check
INFO: [ app_begin ] --START--
INFO: Run Behavior\ReadHtmlCacheBehavior [ RunTime:0.001000s ]
INFO: [ app_begin ] --END-- [ RunTime:0.002000s ]
NOTIC: [2048] Declaration of Common\Model\AdminModel::select() should be compatible with Think\Model::select($options = Array) D:\wamp64\www\muke\Application\Common\Model\AdminModel.class.php 第 4 行.
SQL: SELECT * FROM `cms_admin` WHERE ( username="啦啦" ) LIMIT 1   [ RunTime:0.0000s ]
SQL: UPDATE `cms_admin` SET `lastlogintime`='1488521880' WHERE ( admin_id=7 ) [ RunTime:0.0010s ]

[ 2017-03-03T14:31:57+08:00 ] 127.0.0.1 /admin.php
ERR: Think\Model:filed方法不存在！

[ 2017-03-03T14:37:12+08:00 ] 127.0.0.1 /admin.php?c=cron&a=dumpmysql
ERR: 1064:You have an error in your SQL syntax; check the manual that corresponds to your MySQL server version for the right syntax to use near 'mysqldump -uroot muke>E:/sql/cms20170303sql' at line 1
 [ SQL语句 ] : mysqldump -uroot muke>E:/sql/cms20170303sql

[ 2017-03-03T16:48:13+08:00 ] 127.0.0.1 /index.php?m=admin&c=login&a=check
INFO: [ app_begin ] --START--
INFO: Run Behavior\ReadHtmlCacheBehavior [ RunTime:0.001000s ]
INFO: [ app_begin ] --END-- [ RunTime:0.002000s ]
NOTIC: [2048] Declaration of Common\Model\AdminModel::select() should be compatible with Think\Model::select($options = Array) D:\wamp64\www\muke\Application\Common\Model\AdminModel.class.php 第 4 行.
SQL: SELECT * FROM `cms_admin` WHERE ( username="admin" ) LIMIT 1   [ RunTime:0.0010s ]
SQL: UPDATE `cms_admin` SET `lastlogintime`='1488530893' WHERE ( admin_id=1 ) [ RunTime:0.0010s ]

[ 2017-03-03T16:52:52+08:00 ] 127.0.0.1 /index.php?m=admin&c=login&a=check
INFO: [ app_begin ] --START--
INFO: Run Behavior\ReadHtmlCacheBehavior [ RunTime:0.000000s ]
INFO: [ app_begin ] --END-- [ RunTime:0.001000s ]
NOTIC: [2048] Declaration of Common\Model\AdminModel::select() should be compatible with Think\Model::select($options = Array) D:\wamp64\www\muke\Application\Common\Model\AdminModel.class.php 第 4 行.
SQL: SELECT * FROM `cms_admin` WHERE ( username="admin" ) LIMIT 1   [ RunTime:0.0010s ]
SQL: UPDATE `cms_admin` SET `lastlogintime`='1488531172' WHERE ( admin_id=1 ) [ RunTime:0.0000s ]

[ 2017-03-03T16:57:05+08:00 ] 127.0.0.1 /admin.php?c=content&a=push
INFO: [ app_begin ] --START--
INFO: Run Behavior\ReadHtmlCacheBehavior [ RunTime:0.001000s ]
INFO: [ app_begin ] --END-- [ RunTime:0.002000s ]
NOTIC: [2048] Declaration of Admin\Controller\ContentController::setStatus() should be compatible with Admin\Controller\CommonController::setStatus($data, $models) D:\wamp64\www\muke\Application\Admin\Controller\ContentController.class.php 第 7 行.
NOTIC: [2048] Declaration of Admin\Controller\ContentController::listorder() should be compatible with Admin\Controller\CommonController::listorder($model = '') D:\wamp64\www\muke\Application\Admin\Controller\ContentController.class.php 第 7 行.
NOTIC: [8] Undefined index: push D:\wamp64\www\muke\Application\Admin\Controller\ContentController.class.php 第 179 行.

