[ 2017-01-09T14:04:28+08:00 ] 127.0.0.1 /admin
INFO: [ app_init ] --START--
INFO: Run Behavior\BuildLiteBehavior [ RunTime:0.000000s ]
INFO: [ app_init ] --END-- [ RunTime:0.000000s ]
INFO: [ app_begin ] --START--
INFO: Run Behavior\ReadHtmlCacheBehavior [ RunTime:0.000000s ]
INFO: [ app_begin ] --END-- [ RunTime:0.000000s ]
NOTIC: [8] Undefined variable: module E:\wamp64\www\muke\ThinkPHP\Common\functions.php 第 990 行.
NOTIC: [8] Undefined variable: var E:\wamp64\www\muke\ThinkPHP\Common\functions.php 第 990 行.
NOTIC: [2] array_reverse() expects parameter 1 to be array, null given E:\wamp64\www\muke\ThinkPHP\Common\functions.php 第 990 行.
NOTIC: [2] http_build_query(): Parameter 1 expected to be Array or Object.  Incorrect value given E:\wamp64\www\muke\ThinkPHP\Common\functions.php 第 990 行.

[ 2017-01-09T14:04:28+08:00 ] 127.0.0.1 /admin
INFO: [ app_init ] --START--
INFO: Run Behavior\BuildLiteBehavior [ RunTime:0.000000s ]
INFO: [ app_init ] --END-- [ RunTime:0.000000s ]
INFO: [ app_begin ] --START--
INFO: Run Behavior\ReadHtmlCacheBehavior [ RunTime:0.000000s ]
INFO: [ app_begin ] --END-- [ RunTime:0.000000s ]
NOTIC: [8] Undefined variable: module E:\wamp64\www\muke\ThinkPHP\Common\functions.php 第 990 行.
NOTIC: [8] Undefined variable: var E:\wamp64\www\muke\ThinkPHP\Common\functions.php 第 990 行.
NOTIC: [2] array_reverse() expects parameter 1 to be array, null given E:\wamp64\www\muke\ThinkPHP\Common\functions.php 第 990 行.
NOTIC: [2] http_build_query(): Parameter 1 expected to be Array or Object.  Incorrect value given E:\wamp64\www\muke\ThinkPHP\Common\functions.php 第 990 行.

[ 2017-01-09T14:04:28+08:00 ] 127.0.0.1 /admin.php?m=&&c=login
INFO: [ app_init ] --START--
INFO: Run Behavior\BuildLiteBehavior [ RunTime:0.000000s ]
INFO: [ app_init ] --END-- [ RunTime:0.000000s ]
INFO: [ app_begin ] --START--
INFO: Run Behavior\ReadHtmlCacheBehavior [ RunTime:0.000000s ]
INFO: [ app_begin ] --END-- [ RunTime:0.000000s ]
INFO: [ view_parse ] --START--
INFO: [ template_filter ] --START--
INFO: Run Behavior\ContentReplaceBehavior [ RunTime:0.000000s ]
INFO: [ template_filter ] --END-- [ RunTime:0.000000s ]
INFO: Run Behavior\ParseTemplateBehavior [ RunTime:0.031200s ]
INFO: [ view_parse ] --END-- [ RunTime:0.031200s ]
INFO: [ view_filter ] --START--
INFO: Run Behavior\WriteHtmlCacheBehavior [ RunTime:0.000000s ]
INFO: [ view_filter ] --END-- [ RunTime:0.000000s ]
INFO: [ app_end ] --START--
INFO: Run Behavior\ShowPageTraceBehavior [ RunTime:0.000000s ]
INFO: [ app_end ] --END-- [ RunTime:0.000000s ]

[ 2017-01-09T14:04:35+08:00 ] 127.0.0.1 /index.php?m=admin&c=login&a=check
INFO: [ app_init ] --START--
INFO: Run Behavior\BuildLiteBehavior [ RunTime:0.000000s ]
INFO: [ app_init ] --END-- [ RunTime:0.001000s ]
INFO: [ app_begin ] --START--
INFO: Run Behavior\ReadHtmlCacheBehavior [ RunTime:0.000000s ]
INFO: [ app_begin ] --END-- [ RunTime:0.000000s ]
SQL: SELECT * FROM `cms_admin` WHERE ( username="admin" ) LIMIT 1   [ RunTime:0.0468s ]

[ 2017-01-09T14:04:36+08:00 ] 127.0.0.1 /admin.php?m=admin&c=index
INFO: [ app_init ] --START--
INFO: Run Behavior\BuildLiteBehavior [ RunTime:0.000000s ]
INFO: [ app_init ] --END-- [ RunTime:0.001000s ]
INFO: [ app_begin ] --START--
INFO: Run Behavior\ReadHtmlCacheBehavior [ RunTime:0.001000s ]
INFO: [ app_begin ] --END-- [ RunTime:0.001000s ]
INFO: [ view_parse ] --START--
INFO: [ template_filter ] --START--
INFO: Run Behavior\ContentReplaceBehavior [ RunTime:0.000000s ]
INFO: [ template_filter ] --END-- [ RunTime:0.000000s ]
NOTIC: [2048] Declaration of Common\Model\MenuModel::find() should be compatible with Think\Model::find($options = Array) E:\wamp64\www\muke\Application\Common\Model\MenuModel.class.php 第 6 行.
SQL: SELECT * FROM `cms_menu` WHERE `status` <> -1 AND `type` = 1 ORDER BY listorder desc,menu_id desc  [ RunTime:0.0200s ]
NOTIC: [8] Array to string conversion E:\wamp64\www\muke\Application\Common\Common\function.php 第 34 行.
NOTIC: [8] Array to string conversion E:\wamp64\www\muke\Application\Common\Common\function.php 第 34 行.
NOTIC: [8] Array to string conversion E:\wamp64\www\muke\Application\Common\Common\function.php 第 34 行.
NOTIC: [8] Array to string conversion E:\wamp64\www\muke\Application\Common\Common\function.php 第 34 行.
NOTIC: [8] Array to string conversion E:\wamp64\www\muke\Application\Common\Common\function.php 第 34 行.
NOTIC: [8] Array to string conversion E:\wamp64\www\muke\Application\Common\Common\function.php 第 34 行.
NOTIC: [8] Array to string conversion E:\wamp64\www\muke\Application\Common\Common\function.php 第 34 行.
NOTIC: [8] Array to string conversion E:\wamp64\www\muke\Application\Common\Common\function.php 第 34 行.
NOTIC: [8] Array to string conversion E:\wamp64\www\muke\Application\Common\Common\function.php 第 34 行.
NOTIC: [8] Array to string conversion E:\wamp64\www\muke\Application\Common\Common\function.php 第 34 行.
NOTIC: [8] Array to string conversion E:\wamp64\www\muke\Application\Common\Common\function.php 第 34 行.
NOTIC: [8] Array to string conversion E:\wamp64\www\muke\Application\Common\Common\function.php 第 34 行.
INFO: Run Behavior\ParseTemplateBehavior [ RunTime:0.113006s ]
INFO: [ view_parse ] --END-- [ RunTime:0.113006s ]
INFO: [ view_filter ] --START--
INFO: Run Behavior\WriteHtmlCacheBehavior [ RunTime:0.000000s ]
INFO: [ view_filter ] --END-- [ RunTime:0.000000s ]
INFO: [ app_end ] --START--
INFO: Run Behavior\ShowPageTraceBehavior [ RunTime:0.001000s ]
INFO: [ app_end ] --END-- [ RunTime:0.001000s ]

[ 2017-01-09T14:04:38+08:00 ] 127.0.0.1 /admin.php?c=content
INFO: [ app_init ] --START--
INFO: Run Behavior\BuildLiteBehavior [ RunTime:0.000000s ]
INFO: [ app_init ] --END-- [ RunTime:0.001001s ]
INFO: [ app_begin ] --START--
INFO: Run Behavior\ReadHtmlCacheBehavior [ RunTime:0.000000s ]
INFO: [ app_begin ] --END-- [ RunTime:0.000000s ]
INFO: [ view_parse ] --START--
INFO: [ template_filter ] --START--
INFO: Run Behavior\ContentReplaceBehavior [ RunTime:0.000000s ]
INFO: [ template_filter ] --END-- [ RunTime:0.000000s ]
NOTIC: [2048] Declaration of Common\Model\MenuModel::find() should be compatible with Think\Model::find($options = Array) E:\wamp64\www\muke\Application\Common\Model\MenuModel.class.php 第 6 行.
SQL: SELECT * FROM `cms_menu` WHERE `status` <> -1 AND `type` = 1 ORDER BY listorder desc,menu_id desc  [ RunTime:0.0000s ]
NOTIC: [8] Array to string conversion E:\wamp64\www\muke\Application\Common\Common\function.php 第 34 行.
NOTIC: [8] Array to string conversion E:\wamp64\www\muke\Application\Common\Common\function.php 第 34 行.
NOTIC: [8] Array to string conversion E:\wamp64\www\muke\Application\Common\Common\function.php 第 34 行.
NOTIC: [8] Array to string conversion E:\wamp64\www\muke\Application\Common\Common\function.php 第 34 行.
NOTIC: [8] Array to string conversion E:\wamp64\www\muke\Application\Common\Common\function.php 第 34 行.
NOTIC: [8] Array to string conversion E:\wamp64\www\muke\Application\Common\Common\function.php 第 34 行.
NOTIC: [8] Array to string conversion E:\wamp64\www\muke\Application\Common\Common\function.php 第 34 行.
NOTIC: [8] Array to string conversion E:\wamp64\www\muke\Application\Common\Common\function.php 第 34 行.
NOTIC: [8] Array to string conversion E:\wamp64\www\muke\Application\Common\Common\function.php 第 34 行.
NOTIC: [8] Array to string conversion E:\wamp64\www\muke\Application\Common\Common\function.php 第 34 行.
NOTIC: [8] Array to string conversion E:\wamp64\www\muke\Application\Common\Common\function.php 第 34 行.
NOTIC: [8] Array to string conversion E:\wamp64\www\muke\Application\Common\Common\function.php 第 34 行.
NOTIC: [8] Undefined variable: new E:\wamp64\www\muke\Application\Runtime\Cache\Admin\ccc9ced3ad798311a07cb47b740981c5.php 第 153 行.
INFO: Run Behavior\ParseTemplateBehavior [ RunTime:0.015600s ]
INFO: [ view_parse ] --END-- [ RunTime:0.015600s ]
INFO: [ view_filter ] --START--
INFO: Run Behavior\WriteHtmlCacheBehavior [ RunTime:0.000000s ]
INFO: [ view_filter ] --END-- [ RunTime:0.000000s ]
INFO: [ app_end ] --START--
INFO: Run Behavior\ShowPageTraceBehavior [ RunTime:0.000000s ]
INFO: [ app_end ] --END-- [ RunTime:0.015600s ]

[ 2017-01-09T14:38:01+08:00 ] 127.0.0.1 /admin.php?c=content
INFO: [ app_init ] --START--
INFO: Run Behavior\BuildLiteBehavior [ RunTime:0.000000s ]
INFO: [ app_init ] --END-- [ RunTime:0.000000s ]
INFO: [ app_begin ] --START--
INFO: Run Behavior\ReadHtmlCacheBehavior [ RunTime:0.001000s ]
INFO: [ app_begin ] --END-- [ RunTime:0.001000s ]
NOTIC: [2048] Declaration of Common\Model\MenuModel::find() should be compatible with Think\Model::find($options = Array) E:\wamp64\www\muke\Application\Common\Model\MenuModel.class.php 第 6 行.
SQL: SELECT * FROM `cms_menu` WHERE `status` <> -1 AND `type` = 0 ORDER BY listorder desc,menu_id desc  [ RunTime:0.0010s ]
INFO: [ view_parse ] --START--
INFO: [ template_filter ] --START--
INFO: Run Behavior\ContentReplaceBehavior [ RunTime:0.000000s ]
INFO: [ template_filter ] --END-- [ RunTime:0.001000s ]
SQL: SELECT * FROM `cms_menu` WHERE `status` <> -1 AND `type` = 1 ORDER BY listorder desc,menu_id desc  [ RunTime:0.0010s ]
NOTIC: [8] Array to string conversion E:\wamp64\www\muke\Application\Common\Common\function.php 第 34 行.
NOTIC: [8] Array to string conversion E:\wamp64\www\muke\Application\Common\Common\function.php 第 34 行.
NOTIC: [8] Array to string conversion E:\wamp64\www\muke\Application\Common\Common\function.php 第 34 行.
NOTIC: [8] Array to string conversion E:\wamp64\www\muke\Application\Common\Common\function.php 第 34 行.
NOTIC: [8] Array to string conversion E:\wamp64\www\muke\Application\Common\Common\function.php 第 34 行.
NOTIC: [8] Array to string conversion E:\wamp64\www\muke\Application\Common\Common\function.php 第 34 行.
NOTIC: [8] Array to string conversion E:\wamp64\www\muke\Application\Common\Common\function.php 第 34 行.
NOTIC: [8] Array to string conversion E:\wamp64\www\muke\Application\Common\Common\function.php 第 34 行.
NOTIC: [8] Array to string conversion E:\wamp64\www\muke\Application\Common\Common\function.php 第 34 行.
NOTIC: [8] Array to string conversion E:\wamp64\www\muke\Application\Common\Common\function.php 第 34 行.
NOTIC: [8] Array to string conversion E:\wamp64\www\muke\Application\Common\Common\function.php 第 34 行.
NOTIC: [8] Array to string conversion E:\wamp64\www\muke\Application\Common\Common\function.php 第 34 行.
NOTIC: [8] Undefined index: menu_name E:\wamp64\www\muke\Application\Runtime\Cache\Admin\ccc9ced3ad798311a07cb47b740981c5.php 第 112 行.
NOTIC: [8] Undefined index: menu_name E:\wamp64\www\muke\Application\Runtime\Cache\Admin\ccc9ced3ad798311a07cb47b740981c5.php 第 112 行.
NOTIC: [8] Undefined index: menu_name E:\wamp64\www\muke\Application\Runtime\Cache\Admin\ccc9ced3ad798311a07cb47b740981c5.php 第 112 行.
NOTIC: [8] Undefined variable: new E:\wamp64\www\muke\Application\Runtime\Cache\Admin\ccc9ced3ad798311a07cb47b740981c5.php 第 151 行.
INFO: Run Behavior\ParseTemplateBehavior [ RunTime:0.009001s ]
INFO: [ view_parse ] --END-- [ RunTime:0.009001s ]
INFO: [ view_filter ] --START--
INFO: Run Behavior\WriteHtmlCacheBehavior [ RunTime:0.000000s ]
INFO: [ view_filter ] --END-- [ RunTime:0.000000s ]
INFO: [ app_end ] --START--
INFO: Run Behavior\ShowPageTraceBehavior [ RunTime:0.000000s ]
INFO: [ app_end ] --END-- [ RunTime:0.001000s ]

[ 2017-01-09T14:38:10+08:00 ] 127.0.0.1 /admin.php?c=content
INFO: [ app_init ] --START--
INFO: Run Behavior\BuildLiteBehavior [ RunTime:0.000000s ]
INFO: [ app_init ] --END-- [ RunTime:0.000000s ]
INFO: [ app_begin ] --START--
INFO: Run Behavior\ReadHtmlCacheBehavior [ RunTime:0.000000s ]
INFO: [ app_begin ] --END-- [ RunTime:0.000000s ]
NOTIC: [2048] Declaration of Common\Model\MenuModel::find() should be compatible with Think\Model::find($options = Array) E:\wamp64\www\muke\Application\Common\Model\MenuModel.class.php 第 6 行.
SQL: SELECT * FROM `cms_menu` WHERE `status` <> -1 AND `type` = 0 ORDER BY listorder desc,menu_id desc  [ RunTime:0.0000s ]
INFO: [ view_parse ] --START--
INFO: [ template_filter ] --START--
INFO: Run Behavior\ContentReplaceBehavior [ RunTime:0.000000s ]
INFO: [ template_filter ] --END-- [ RunTime:0.000000s ]
SQL: SELECT * FROM `cms_menu` WHERE `status` <> -1 AND `type` = 1 ORDER BY listorder desc,menu_id desc  [ RunTime:0.0000s ]
NOTIC: [8] Array to string conversion E:\wamp64\www\muke\Application\Common\Common\function.php 第 34 行.
NOTIC: [8] Array to string conversion E:\wamp64\www\muke\Application\Common\Common\function.php 第 34 行.
NOTIC: [8] Array to string conversion E:\wamp64\www\muke\Application\Common\Common\function.php 第 34 行.
NOTIC: [8] Array to string conversion E:\wamp64\www\muke\Application\Common\Common\function.php 第 34 行.
NOTIC: [8] Array to string conversion E:\wamp64\www\muke\Application\Common\Common\function.php 第 34 行.
NOTIC: [8] Array to string conversion E:\wamp64\www\muke\Application\Common\Common\function.php 第 34 行.
NOTIC: [8] Array to string conversion E:\wamp64\www\muke\Application\Common\Common\function.php 第 34 行.
NOTIC: [8] Array to string conversion E:\wamp64\www\muke\Application\Common\Common\function.php 第 34 行.
NOTIC: [8] Array to string conversion E:\wamp64\www\muke\Application\Common\Common\function.php 第 34 行.
NOTIC: [8] Array to string conversion E:\wamp64\www\muke\Application\Common\Common\function.php 第 34 行.
NOTIC: [8] Array to string conversion E:\wamp64\www\muke\Application\Common\Common\function.php 第 34 行.
NOTIC: [8] Array to string conversion E:\wamp64\www\muke\Application\Common\Common\function.php 第 34 行.
NOTIC: [8] Undefined variable: new E:\wamp64\www\muke\Application\Runtime\Cache\Admin\ccc9ced3ad798311a07cb47b740981c5.php 第 151 行.
INFO: Run Behavior\ParseTemplateBehavior [ RunTime:0.000000s ]
INFO: [ view_parse ] --END-- [ RunTime:0.000000s ]
INFO: [ view_filter ] --START--
INFO: Run Behavior\WriteHtmlCacheBehavior [ RunTime:0.000000s ]
INFO: [ view_filter ] --END-- [ RunTime:0.000000s ]
INFO: [ app_end ] --START--
INFO: Run Behavior\ShowPageTraceBehavior [ RunTime:0.010000s ]
INFO: [ app_end ] --END-- [ RunTime:0.010000s ]

