[ 2017-02-18T00:06:47+08:00 ] 127.0.0.1 /admin.php?c=content&a=add
INFO: [ app_begin ] --START--
INFO: Run Behavior\ReadHtmlCacheBehavior [ RunTime:0.001000s ]
INFO: [ app_begin ] --END-- [ RunTime:0.001000s ]

[ 2017-02-18T00:06:52+08:00 ] 127.0.0.1 /admin.php?c=content&a=add
INFO: [ app_begin ] --START--
INFO: Run Behavior\ReadHtmlCacheBehavior [ RunTime:0.001000s ]
INFO: [ app_begin ] --END-- [ RunTime:0.001000s ]

[ 2017-02-18T00:06:55+08:00 ] 127.0.0.1 /admin.php?c=content&a=add
INFO: [ app_begin ] --START--
INFO: Run Behavior\ReadHtmlCacheBehavior [ RunTime:0.000000s ]
INFO: [ app_begin ] --END-- [ RunTime:0.001000s ]

[ 2017-02-18T00:07:07+08:00 ] 127.0.0.1 /admin.php?c=content&a=add
INFO: [ app_begin ] --START--
INFO: Run Behavior\ReadHtmlCacheBehavior [ RunTime:0.000000s ]
INFO: [ app_begin ] --END-- [ RunTime:0.001000s ]

[ 2017-02-18T00:07:11+08:00 ] 127.0.0.1 /admin.php?c=content&a=add
INFO: [ app_begin ] --START--
INFO: Run Behavior\ReadHtmlCacheBehavior [ RunTime:0.001000s ]
INFO: [ app_begin ] --END-- [ RunTime:0.001000s ]

[ 2017-02-18T00:07:28+08:00 ] 127.0.0.1 /admin.php?c=content&a=add
INFO: [ app_begin ] --START--
INFO: Run Behavior\ReadHtmlCacheBehavior [ RunTime:0.000000s ]
INFO: [ app_begin ] --END-- [ RunTime:0.002001s ]

[ 2017-02-18T00:07:47+08:00 ] 127.0.0.1 /admin.php?c=menu&a=add
INFO: [ app_begin ] --START--
INFO: Run Behavior\ReadHtmlCacheBehavior [ RunTime:0.001000s ]
INFO: [ app_begin ] --END-- [ RunTime:0.002000s ]

[ 2017-02-18T00:07:49+08:00 ] 127.0.0.1 /admin.php?c=menu&a=add
INFO: [ app_begin ] --START--
INFO: Run Behavior\ReadHtmlCacheBehavior [ RunTime:0.001000s ]
INFO: [ app_begin ] --END-- [ RunTime:0.002000s ]

[ 2017-02-18T00:07:55+08:00 ] 127.0.0.1 /admin.php?c=menu&a=add
INFO: [ app_begin ] --START--
INFO: Run Behavior\ReadHtmlCacheBehavior [ RunTime:0.000000s ]
INFO: [ app_begin ] --END-- [ RunTime:0.001000s ]

[ 2017-02-18T00:08:04+08:00 ] 127.0.0.1 /admin.php?c=content&a=add
INFO: [ app_begin ] --START--
INFO: Run Behavior\ReadHtmlCacheBehavior [ RunTime:0.001000s ]
INFO: [ app_begin ] --END-- [ RunTime:0.002000s ]

[ 2017-02-18T00:08:08+08:00 ] 127.0.0.1 /admin.php?c=content&a=add
INFO: [ app_begin ] --START--
INFO: Run Behavior\ReadHtmlCacheBehavior [ RunTime:0.002000s ]
INFO: [ app_begin ] --END-- [ RunTime:0.002000s ]

[ 2017-02-18T13:22:00+08:00 ] 127.0.0.1 /index.php?m=admin&c=login&a=check
INFO: [ app_begin ] --START--
INFO: Run Behavior\ReadHtmlCacheBehavior [ RunTime:0.001000s ]
INFO: [ app_begin ] --END-- [ RunTime:0.001000s ]
SQL: SELECT * FROM `cms_admin` WHERE ( username="admin" ) LIMIT 1   [ RunTime:0.0330s ]

[ 2017-02-18T13:32:16+08:00 ] 127.0.0.1 /admin.php?c=content&a=edit&id=29
ERR: 1054:Unknown column 'new_id' in 'where clause'
 [ SQL语句 ] : SELECT * FROM `cms_news_content` WHERE ( new_id=29 ) LIMIT 1  

[ 2017-02-18T13:32:30+08:00 ] 127.0.0.1 /admin.php?c=content&a=edit&id=29
ERR: 1054:Unknown column 'new_id' in 'where clause'
 [ SQL语句 ] : SELECT * FROM `cms_news_content` WHERE ( new_id=29 ) LIMIT 1  

[ 2017-02-18T13:32:58+08:00 ] 127.0.0.1 /admin.php?c=content&a=edit&id=29
ERR: Think\Controller:assgin方法不存在！

[ 2017-02-18T13:33:00+08:00 ] 127.0.0.1 /admin.php?c=content&a=edit&id=29
ERR: Think\Controller:assgin方法不存在！

[ 2017-02-18T13:33:20+08:00 ] 127.0.0.1 /admin.php?c=content&a=edit&id=29
ERR: Think\Controller:assgin方法不存在！

[ 2017-02-18T13:33:21+08:00 ] 127.0.0.1 /admin.php?c=content&a=edit&id=29
ERR: Think\Controller:assgin方法不存在！

[ 2017-02-18T13:35:35+08:00 ] 127.0.0.1 /admin.php?c=admin
ERR: 无法加载控制器:Admin

[ 2017-02-18T14:42:07+08:00 ] 127.0.0.1 /admin.php?c=content&a=add
INFO: [ app_begin ] --START--
INFO: Run Behavior\ReadHtmlCacheBehavior [ RunTime:0.001000s ]
INFO: [ app_begin ] --END-- [ RunTime:0.001000s ]
NOTIC: [2048] Declaration of Common\Model\NewsModel::find() should be compatible with Think\Model::find($options = Array) E:\wamp64\www\muke\Application\Common\Model\NewsModel.class.php 第 6 行.
NOTIC: [2048] Declaration of Common\Model\NewsContentModel::find() should be compatible with Think\Model::find($options = Array) E:\wamp64\www\muke\Application\Common\Model\NewsContentModel.class.php 第 42 行.

[ 2017-02-18T14:43:10+08:00 ] 127.0.0.1 /admin.php?c=content&a=add
INFO: [ app_begin ] --START--
INFO: Run Behavior\ReadHtmlCacheBehavior [ RunTime:0.001000s ]
INFO: [ app_begin ] --END-- [ RunTime:0.001000s ]
NOTIC: [2048] Declaration of Common\Model\NewsModel::find() should be compatible with Think\Model::find($options = Array) E:\wamp64\www\muke\Application\Common\Model\NewsModel.class.php 第 6 行.
NOTIC: [2048] Declaration of Common\Model\NewsContentModel::find() should be compatible with Think\Model::find($options = Array) E:\wamp64\www\muke\Application\Common\Model\NewsContentModel.class.php 第 42 行.

[ 2017-02-18T14:44:01+08:00 ] 127.0.0.1 /admin.php?c=content&a=add
INFO: [ app_begin ] --START--
INFO: Run Behavior\ReadHtmlCacheBehavior [ RunTime:0.001000s ]
INFO: [ app_begin ] --END-- [ RunTime:0.001000s ]
NOTIC: [2048] Declaration of Common\Model\NewsModel::find() should be compatible with Think\Model::find($options = Array) E:\wamp64\www\muke\Application\Common\Model\NewsModel.class.php 第 6 行.
NOTIC: [2048] Declaration of Common\Model\NewsContentModel::find() should be compatible with Think\Model::find($options = Array) E:\wamp64\www\muke\Application\Common\Model\NewsContentModel.class.php 第 42 行.

[ 2017-02-18T14:44:09+08:00 ] 127.0.0.1 /admin.php?c=content&a=add
INFO: [ app_begin ] --START--
INFO: Run Behavior\ReadHtmlCacheBehavior [ RunTime:0.000000s ]
INFO: [ app_begin ] --END-- [ RunTime:0.001000s ]
NOTIC: [2048] Declaration of Common\Model\NewsModel::find() should be compatible with Think\Model::find($options = Array) E:\wamp64\www\muke\Application\Common\Model\NewsModel.class.php 第 6 行.
NOTIC: [2048] Declaration of Common\Model\NewsContentModel::find() should be compatible with Think\Model::find($options = Array) E:\wamp64\www\muke\Application\Common\Model\NewsContentModel.class.php 第 42 行.

[ 2017-02-18T14:44:55+08:00 ] 127.0.0.1 /admin.php?c=content&a=add
INFO: [ app_begin ] --START--
INFO: Run Behavior\ReadHtmlCacheBehavior [ RunTime:0.001000s ]
INFO: [ app_begin ] --END-- [ RunTime:0.001000s ]
NOTIC: [2048] Declaration of Common\Model\NewsModel::find() should be compatible with Think\Model::find($options = Array) E:\wamp64\www\muke\Application\Common\Model\NewsModel.class.php 第 6 行.
NOTIC: [2048] Declaration of Common\Model\NewsContentModel::find() should be compatible with Think\Model::find($options = Array) E:\wamp64\www\muke\Application\Common\Model\NewsContentModel.class.php 第 42 行.

[ 2017-02-18T14:45:41+08:00 ] 127.0.0.1 /admin.php?c=content&a=add
INFO: [ app_begin ] --START--
INFO: Run Behavior\ReadHtmlCacheBehavior [ RunTime:0.000000s ]
INFO: [ app_begin ] --END-- [ RunTime:0.000000s ]
NOTIC: [2048] Declaration of Common\Model\NewsModel::find() should be compatible with Think\Model::find($options = Array) E:\wamp64\www\muke\Application\Common\Model\NewsModel.class.php 第 6 行.
NOTIC: [2048] Declaration of Common\Model\NewsContentModel::find() should be compatible with Think\Model::find($options = Array) E:\wamp64\www\muke\Application\Common\Model\NewsContentModel.class.php 第 42 行.

[ 2017-02-18T14:46:37+08:00 ] 127.0.0.1 /admin.php?c=content&a=add
INFO: [ app_begin ] --START--
INFO: Run Behavior\ReadHtmlCacheBehavior [ RunTime:0.001000s ]
INFO: [ app_begin ] --END-- [ RunTime:0.001000s ]
NOTIC: [2048] Declaration of Common\Model\NewsModel::find() should be compatible with Think\Model::find($options = Array) E:\wamp64\www\muke\Application\Common\Model\NewsModel.class.php 第 6 行.
NOTIC: [2048] Declaration of Common\Model\NewsContentModel::find() should be compatible with Think\Model::find($options = Array) E:\wamp64\www\muke\Application\Common\Model\NewsContentModel.class.php 第 42 行.

[ 2017-02-18T14:47:26+08:00 ] 127.0.0.1 /admin.php?c=content&a=add
INFO: [ app_begin ] --START--
INFO: Run Behavior\ReadHtmlCacheBehavior [ RunTime:0.000000s ]
INFO: [ app_begin ] --END-- [ RunTime:0.001000s ]
NOTIC: [2048] Declaration of Common\Model\NewsModel::find() should be compatible with Think\Model::find($options = Array) E:\wamp64\www\muke\Application\Common\Model\NewsModel.class.php 第 6 行.
SQL: UPDATE `cms_news` SET `title`='a',`small_title`='asfsdf',`thumb`='',`title_font_color`='#5674ed',`catid`='3',`copyfrom`='0',`description`='asfsd',`keywords`='safsdf' WHERE ( news_id=29 ) [ RunTime:0.0010s ]
NOTIC: [2048] Declaration of Common\Model\NewsContentModel::find() should be compatible with Think\Model::find($options = Array) E:\wamp64\www\muke\Application\Common\Model\NewsContentModel.class.php 第 42 行.
SQL: UPDATE `cms_news_content` SET `content`='a' WHERE ( news_id=29 ) [ RunTime:0.0010s ]

[ 2017-02-18T14:47:52+08:00 ] 127.0.0.1 /admin.php?c=content&a=add
INFO: [ app_begin ] --START--
INFO: Run Behavior\ReadHtmlCacheBehavior [ RunTime:0.001000s ]
INFO: [ app_begin ] --END-- [ RunTime:0.001000s ]
NOTIC: [2048] Declaration of Common\Model\NewsModel::find() should be compatible with Think\Model::find($options = Array) E:\wamp64\www\muke\Application\Common\Model\NewsModel.class.php 第 6 行.
SQL: UPDATE `cms_news` SET `title`='a',`small_title`='asfsdf',`thumb`='/upload/2017/02/18/58a7ee1667905.jpg',`title_font_color`='#5674ed',`catid`='3',`copyfrom`='0',`description`='asfsd',`keywords`='safsdf' WHERE ( news_id=29 ) [ RunTime:0.0000s ]
NOTIC: [2048] Declaration of Common\Model\NewsContentModel::find() should be compatible with Think\Model::find($options = Array) E:\wamp64\www\muke\Application\Common\Model\NewsContentModel.class.php 第 42 行.
SQL: UPDATE `cms_news_content` SET `content`='a' WHERE ( news_id=29 ) [ RunTime:0.0010s ]

[ 2017-02-18T14:48:36+08:00 ] 127.0.0.1 /admin.php?c=content&a=add
INFO: [ app_begin ] --START--
INFO: Run Behavior\ReadHtmlCacheBehavior [ RunTime:0.001000s ]
INFO: [ app_begin ] --END-- [ RunTime:0.002000s ]
NOTIC: [2048] Declaration of Common\Model\NewsModel::find() should be compatible with Think\Model::find($options = Array) E:\wamp64\www\muke\Application\Common\Model\NewsModel.class.php 第 6 行.
SQL: UPDATE `cms_news` SET `title`='a',`small_title`='asfsdf',`thumb`='/upload/2017/02/18/58a7ee1667905.jpg',`title_font_color`='#5674ed',`catid`='3',`copyfrom`='0',`description`='asfsd',`keywords`='safsdf' WHERE ( news_id=29 ) [ RunTime:0.0000s ]
NOTIC: [2048] Declaration of Common\Model\NewsContentModel::find() should be compatible with Think\Model::find($options = Array) E:\wamp64\www\muke\Application\Common\Model\NewsContentModel.class.php 第 42 行.
SQL: UPDATE `cms_news_content` SET `content`='a' WHERE ( news_id=29 ) [ RunTime:0.0000s ]

[ 2017-02-18T15:09:32+08:00 ] 127.0.0.1 /admin.php?c=content&a=setStatus
INFO: [ app_begin ] --START--
INFO: Run Behavior\ReadHtmlCacheBehavior [ RunTime:0.001000s ]
INFO: [ app_begin ] --END-- [ RunTime:0.001000s ]

[ 2017-02-18T15:11:38+08:00 ] 127.0.0.1 /admin.php?c=content&a=setStatus
INFO: [ app_begin ] --START--
INFO: Run Behavior\ReadHtmlCacheBehavior [ RunTime:0.001000s ]
INFO: [ app_begin ] --END-- [ RunTime:0.001000s ]
NOTIC: [2048] Declaration of Common\Model\NewsModel::find() should be compatible with Think\Model::find($options = Array) E:\wamp64\www\muke\Application\Common\Model\NewsModel.class.php 第 6 行.
SQL: UPDATE `cms_news` SET `status`='-1' WHERE ( news_id=29 ) [ RunTime:0.0290s ]

[ 2017-02-18T15:23:17+08:00 ] 127.0.0.1 /admin.php?c=content&a=setStatus
INFO: [ app_begin ] --START--
INFO: Run Behavior\ReadHtmlCacheBehavior [ RunTime:0.001000s ]
INFO: [ app_begin ] --END-- [ RunTime:0.001000s ]
NOTIC: [2048] Declaration of Common\Model\NewsModel::find() should be compatible with Think\Model::find($options = Array) E:\wamp64\www\muke\Application\Common\Model\NewsModel.class.php 第 6 行.
NOTIC: 建议使用E方法替代throw_exception

[ 2017-02-18T15:23:19+08:00 ] 127.0.0.1 /admin.php?c=content&a=setStatus
INFO: [ app_begin ] --START--
INFO: Run Behavior\ReadHtmlCacheBehavior [ RunTime:0.001000s ]
INFO: [ app_begin ] --END-- [ RunTime:0.002000s ]
NOTIC: [2048] Declaration of Common\Model\NewsModel::find() should be compatible with Think\Model::find($options = Array) E:\wamp64\www\muke\Application\Common\Model\NewsModel.class.php 第 6 行.
NOTIC: 建议使用E方法替代throw_exception

[ 2017-02-18T15:23:31+08:00 ] 127.0.0.1 /admin.php?c=content&a=setStatus
INFO: [ app_begin ] --START--
INFO: Run Behavior\ReadHtmlCacheBehavior [ RunTime:0.001000s ]
INFO: [ app_begin ] --END-- [ RunTime:0.001000s ]
NOTIC: [2048] Declaration of Common\Model\NewsModel::find() should be compatible with Think\Model::find($options = Array) E:\wamp64\www\muke\Application\Common\Model\NewsModel.class.php 第 6 行.
NOTIC: 建议使用E方法替代throw_exception

[ 2017-02-18T15:23:55+08:00 ] 127.0.0.1 /admin.php?c=content&a=setStatus
INFO: [ app_begin ] --START--
INFO: Run Behavior\ReadHtmlCacheBehavior [ RunTime:0.001000s ]
INFO: [ app_begin ] --END-- [ RunTime:0.001000s ]
NOTIC: [2048] Declaration of Common\Model\NewsModel::find() should be compatible with Think\Model::find($options = Array) E:\wamp64\www\muke\Application\Common\Model\NewsModel.class.php 第 6 行.
NOTIC: 建议使用E方法替代throw_exception

[ 2017-02-18T15:25:26+08:00 ] 127.0.0.1 /admin.php?c=content&a=setStatus
INFO: [ app_begin ] --START--
INFO: Run Behavior\ReadHtmlCacheBehavior [ RunTime:0.000000s ]
INFO: [ app_begin ] --END-- [ RunTime:0.001000s ]
NOTIC: [2048] Declaration of Common\Model\NewsModel::find() should be compatible with Think\Model::find($options = Array) E:\wamp64\www\muke\Application\Common\Model\NewsModel.class.php 第 6 行.
NOTIC: 建议使用E方法替代throw_exception

[ 2017-02-18T15:27:39+08:00 ] 127.0.0.1 /index.php?m=admin&c=login&a=check
INFO: [ app_begin ] --START--
INFO: Run Behavior\ReadHtmlCacheBehavior [ RunTime:0.001000s ]
INFO: [ app_begin ] --END-- [ RunTime:0.001000s ]
SQL: SELECT * FROM `cms_admin` WHERE ( username="admin" ) LIMIT 1   [ RunTime:0.0010s ]

[ 2017-02-18T15:27:45+08:00 ] 127.0.0.1 /admin.php?c=content&a=setStatus
INFO: [ app_begin ] --START--
INFO: Run Behavior\ReadHtmlCacheBehavior [ RunTime:0.001000s ]
INFO: [ app_begin ] --END-- [ RunTime:0.001000s ]
NOTIC: [2048] Declaration of Common\Model\NewsModel::find() should be compatible with Think\Model::find($options = Array) E:\wamp64\www\muke\Application\Common\Model\NewsModel.class.php 第 6 行.
NOTIC: 建议使用E方法替代throw_exception

[ 2017-02-18T15:27:46+08:00 ] 127.0.0.1 /admin.php?c=content&a=setStatus
INFO: [ app_begin ] --START--
INFO: Run Behavior\ReadHtmlCacheBehavior [ RunTime:0.000000s ]
INFO: [ app_begin ] --END-- [ RunTime:0.001000s ]
NOTIC: [2048] Declaration of Common\Model\NewsModel::find() should be compatible with Think\Model::find($options = Array) E:\wamp64\www\muke\Application\Common\Model\NewsModel.class.php 第 6 行.
NOTIC: 建议使用E方法替代throw_exception

[ 2017-02-18T15:27:46+08:00 ] 127.0.0.1 /admin.php?c=content&a=setStatus
INFO: [ app_begin ] --START--
INFO: Run Behavior\ReadHtmlCacheBehavior [ RunTime:0.001000s ]
INFO: [ app_begin ] --END-- [ RunTime:0.002000s ]
NOTIC: [2048] Declaration of Common\Model\NewsModel::find() should be compatible with Think\Model::find($options = Array) E:\wamp64\www\muke\Application\Common\Model\NewsModel.class.php 第 6 行.
NOTIC: 建议使用E方法替代throw_exception

[ 2017-02-18T15:27:46+08:00 ] 127.0.0.1 /admin.php?c=content&a=setStatus
INFO: [ app_begin ] --START--
INFO: Run Behavior\ReadHtmlCacheBehavior [ RunTime:0.001000s ]
INFO: [ app_begin ] --END-- [ RunTime:0.001000s ]
NOTIC: [2048] Declaration of Common\Model\NewsModel::find() should be compatible with Think\Model::find($options = Array) E:\wamp64\www\muke\Application\Common\Model\NewsModel.class.php 第 6 行.
NOTIC: 建议使用E方法替代throw_exception

[ 2017-02-18T15:27:46+08:00 ] 127.0.0.1 /admin.php?c=content&a=setStatus
INFO: [ app_begin ] --START--
INFO: Run Behavior\ReadHtmlCacheBehavior [ RunTime:0.001000s ]
INFO: [ app_begin ] --END-- [ RunTime:0.002000s ]
NOTIC: [2048] Declaration of Common\Model\NewsModel::find() should be compatible with Think\Model::find($options = Array) E:\wamp64\www\muke\Application\Common\Model\NewsModel.class.php 第 6 行.
NOTIC: 建议使用E方法替代throw_exception

[ 2017-02-18T15:27:57+08:00 ] 127.0.0.1 /admin.php?c=content&a=setStatus
INFO: [ app_begin ] --START--
INFO: Run Behavior\ReadHtmlCacheBehavior [ RunTime:0.001000s ]
INFO: [ app_begin ] --END-- [ RunTime:0.001000s ]
NOTIC: [2048] Declaration of Common\Model\NewsModel::find() should be compatible with Think\Model::find($options = Array) E:\wamp64\www\muke\Application\Common\Model\NewsModel.class.php 第 6 行.
NOTIC: 建议使用E方法替代throw_exception

[ 2017-02-18T15:30:32+08:00 ] 127.0.0.1 /admin.php?c=content&a=setStatus
INFO: [ app_begin ] --START--
INFO: Run Behavior\ReadHtmlCacheBehavior [ RunTime:0.001000s ]
INFO: [ app_begin ] --END-- [ RunTime:0.001000s ]
NOTIC: [2048] Declaration of Common\Model\NewsModel::find() should be compatible with Think\Model::find($options = Array) E:\wamp64\www\muke\Application\Common\Model\NewsModel.class.php 第 6 行.
NOTIC: 建议使用E方法替代throw_exception

[ 2017-02-18T15:31:34+08:00 ] 127.0.0.1 /admin.php?c=content&a=setStatus
INFO: [ app_begin ] --START--
INFO: Run Behavior\ReadHtmlCacheBehavior [ RunTime:0.000000s ]
INFO: [ app_begin ] --END-- [ RunTime:0.001000s ]
NOTIC: [2048] Declaration of Common\Model\NewsModel::find() should be compatible with Think\Model::find($options = Array) E:\wamp64\www\muke\Application\Common\Model\NewsModel.class.php 第 6 行.
NOTIC: 建议使用E方法替代throw_exception

[ 2017-02-18T15:31:51+08:00 ] 127.0.0.1 /admin.php?c=content&a=setStatus
INFO: [ app_begin ] --START--
INFO: Run Behavior\ReadHtmlCacheBehavior [ RunTime:0.001000s ]
INFO: [ app_begin ] --END-- [ RunTime:0.001000s ]
NOTIC: [2048] Declaration of Common\Model\NewsModel::find() should be compatible with Think\Model::find($options = Array) E:\wamp64\www\muke\Application\Common\Model\NewsModel.class.php 第 6 行.
SQL: UPDATE `cms_news` SET `status`='0' WHERE ( news_id=28 ) [ RunTime:0.0010s ]

[ 2017-02-18T15:44:46+08:00 ] 127.0.0.1 /admin.php?c=content&a=listorder
INFO: [ app_begin ] --START--
INFO: Run Behavior\ReadHtmlCacheBehavior [ RunTime:0.000000s ]
INFO: [ app_begin ] --END-- [ RunTime:0.001000s ]
NOTIC: [8] Undefined index: listorder E:\wamp64\www\muke\Application\Admin\Controller\ContentController.class.php 第 148 行.

[ 2017-02-18T15:44:48+08:00 ] 127.0.0.1 /admin.php?c=content&a=listorder
INFO: [ app_begin ] --START--
INFO: Run Behavior\ReadHtmlCacheBehavior [ RunTime:0.001000s ]
INFO: [ app_begin ] --END-- [ RunTime:0.002000s ]
NOTIC: [8] Undefined index: listorder E:\wamp64\www\muke\Application\Admin\Controller\ContentController.class.php 第 148 行.

[ 2017-02-18T15:45:03+08:00 ] 127.0.0.1 /admin.php?c=content&a=listorder
INFO: [ app_begin ] --START--
INFO: Run Behavior\ReadHtmlCacheBehavior [ RunTime:0.001000s ]
INFO: [ app_begin ] --END-- [ RunTime:0.001000s ]
NOTIC: [8] Undefined index: listorder E:\wamp64\www\muke\Application\Admin\Controller\ContentController.class.php 第 148 行.

[ 2017-02-18T15:45:18+08:00 ] 127.0.0.1 /admin.php?c=content&a=listorder
INFO: [ app_begin ] --START--
INFO: Run Behavior\ReadHtmlCacheBehavior [ RunTime:0.001000s ]
INFO: [ app_begin ] --END-- [ RunTime:0.001000s ]
NOTIC: [8] Undefined index: listorder E:\wamp64\www\muke\Application\Admin\Controller\ContentController.class.php 第 148 行.

[ 2017-02-18T15:45:20+08:00 ] 127.0.0.1 /admin.php?c=content&a=listorder
INFO: [ app_begin ] --START--
INFO: Run Behavior\ReadHtmlCacheBehavior [ RunTime:0.001000s ]
INFO: [ app_begin ] --END-- [ RunTime:0.001000s ]
NOTIC: [8] Undefined index: listorder E:\wamp64\www\muke\Application\Admin\Controller\ContentController.class.php 第 148 行.

[ 2017-02-18T15:45:47+08:00 ] 127.0.0.1 /admin.php?c=content&a=listorder
INFO: [ app_begin ] --START--
INFO: Run Behavior\ReadHtmlCacheBehavior [ RunTime:0.000000s ]
INFO: [ app_begin ] --END-- [ RunTime:0.001000s ]
NOTIC: [8] Undefined index: listorder E:\wamp64\www\muke\Application\Admin\Controller\ContentController.class.php 第 148 行.

[ 2017-02-18T15:49:30+08:00 ] 127.0.0.1 /admin.php?c=content&a=listorder
INFO: [ app_begin ] --START--
INFO: Run Behavior\ReadHtmlCacheBehavior [ RunTime:0.000000s ]
INFO: [ app_begin ] --END-- [ RunTime:0.001000s ]
NOTIC: [8] Undefined index: listorder E:\wamp64\www\muke\Application\Admin\Controller\ContentController.class.php 第 148 行.

[ 2017-02-18T15:49:45+08:00 ] 127.0.0.1 /admin.php?c=content&a=listorder
INFO: [ app_begin ] --START--
INFO: Run Behavior\ReadHtmlCacheBehavior [ RunTime:0.001000s ]
INFO: [ app_begin ] --END-- [ RunTime:0.001000s ]
NOTIC: [8] Undefined index: listorder E:\wamp64\www\muke\Application\Admin\Controller\ContentController.class.php 第 148 行.

[ 2017-02-18T15:50:18+08:00 ] 127.0.0.1 /admin.php?c=content&a=listorder
INFO: [ app_begin ] --START--
INFO: Run Behavior\ReadHtmlCacheBehavior [ RunTime:0.001000s ]
INFO: [ app_begin ] --END-- [ RunTime:0.001000s ]
NOTIC: [8] Undefined index: listorder E:\wamp64\www\muke\Application\Admin\Controller\ContentController.class.php 第 148 行.

[ 2017-02-18T15:50:22+08:00 ] 127.0.0.1 /admin.php?c=content&a=listorder
INFO: [ app_begin ] --START--
INFO: Run Behavior\ReadHtmlCacheBehavior [ RunTime:0.000000s ]
INFO: [ app_begin ] --END-- [ RunTime:0.003001s ]
NOTIC: [8] Undefined index: listorder E:\wamp64\www\muke\Application\Admin\Controller\ContentController.class.php 第 148 行.

[ 2017-02-18T15:50:39+08:00 ] 127.0.0.1 /admin.php?c=content&a=listorder
INFO: [ app_begin ] --START--
INFO: Run Behavior\ReadHtmlCacheBehavior [ RunTime:0.000000s ]
INFO: [ app_begin ] --END-- [ RunTime:0.001000s ]
NOTIC: [8] Undefined index: listorder E:\wamp64\www\muke\Application\Admin\Controller\ContentController.class.php 第 148 行.

[ 2017-02-18T15:50:42+08:00 ] 127.0.0.1 /admin.php?c=content&a=listorder
INFO: [ app_begin ] --START--
INFO: Run Behavior\ReadHtmlCacheBehavior [ RunTime:0.001000s ]
INFO: [ app_begin ] --END-- [ RunTime:0.001000s ]
NOTIC: [8] Undefined index: listorder E:\wamp64\www\muke\Application\Admin\Controller\ContentController.class.php 第 148 行.

[ 2017-02-18T15:51:31+08:00 ] 127.0.0.1 /admin.php?c=content&a=listorder
INFO: [ app_begin ] --START--
INFO: Run Behavior\ReadHtmlCacheBehavior [ RunTime:0.000000s ]
INFO: [ app_begin ] --END-- [ RunTime:0.001000s ]
NOTIC: [8] Undefined index: listorder E:\wamp64\www\muke\Application\Admin\Controller\ContentController.class.php 第 148 行.

[ 2017-02-18T15:51:57+08:00 ] 127.0.0.1 /admin.php?c=menu&a=listorder
INFO: [ app_begin ] --START--
INFO: Run Behavior\ReadHtmlCacheBehavior [ RunTime:0.001001s ]
INFO: [ app_begin ] --END-- [ RunTime:0.002001s ]
NOTIC: [2048] Declaration of Common\Model\MenuModel::find() should be compatible with Think\Model::find($options = Array) E:\wamp64\www\muke\Application\Common\Model\MenuModel.class.php 第 6 行.
SQL: UPDATE `cms_menu` SET `listorder`='1' WHERE ( menu_id=1 ) [ RunTime:0.0000s ]
SQL: UPDATE `cms_menu` SET `listorder`='11' WHERE ( menu_id=11 ) [ RunTime:0.0010s ]
SQL: UPDATE `cms_menu` SET `listorder`='10' WHERE ( menu_id=13 ) [ RunTime:0.0000s ]

[ 2017-02-18T15:52:52+08:00 ] 127.0.0.1 /admin.php?c=content&a=listorder
INFO: [ app_begin ] --START--
INFO: Run Behavior\ReadHtmlCacheBehavior [ RunTime:0.002000s ]
INFO: [ app_begin ] --END-- [ RunTime:0.002000s ]
NOTIC: [8] Undefined index: listorder E:\wamp64\www\muke\Application\Admin\Controller\ContentController.class.php 第 148 行.

[ 2017-02-18T15:53:26+08:00 ] 127.0.0.1 /admin.php?c=content&a=listorder
INFO: [ app_begin ] --START--
INFO: Run Behavior\ReadHtmlCacheBehavior [ RunTime:0.000000s ]
INFO: [ app_begin ] --END-- [ RunTime:0.000000s ]
NOTIC: [8] Undefined index: listorder E:\wamp64\www\muke\Application\Admin\Controller\ContentController.class.php 第 148 行.

[ 2017-02-18T15:53:34+08:00 ] 127.0.0.1 /admin.php?c=content&a=listorder
INFO: [ app_begin ] --START--
INFO: Run Behavior\ReadHtmlCacheBehavior [ RunTime:0.000000s ]
INFO: [ app_begin ] --END-- [ RunTime:0.001000s ]
NOTIC: [8] Undefined index: listorder E:\wamp64\www\muke\Application\Admin\Controller\ContentController.class.php 第 148 行.

[ 2017-02-18T15:53:35+08:00 ] 127.0.0.1 /admin.php?c=content&a=listorder
INFO: [ app_begin ] --START--
INFO: Run Behavior\ReadHtmlCacheBehavior [ RunTime:0.001000s ]
INFO: [ app_begin ] --END-- [ RunTime:0.002000s ]
NOTIC: [8] Undefined index: listorder E:\wamp64\www\muke\Application\Admin\Controller\ContentController.class.php 第 148 行.

[ 2017-02-18T15:54:22+08:00 ] 127.0.0.1 /admin.php?c=content&a=listorder
INFO: [ app_begin ] --START--
INFO: Run Behavior\ReadHtmlCacheBehavior [ RunTime:0.000000s ]
INFO: [ app_begin ] --END-- [ RunTime:0.001000s ]
NOTIC: [8] Undefined index: listorder E:\wamp64\www\muke\Application\Admin\Controller\ContentController.class.php 第 148 行.

[ 2017-02-18T15:54:25+08:00 ] 127.0.0.1 /admin.php?c=content&a=listorder
INFO: [ app_begin ] --START--
INFO: Run Behavior\ReadHtmlCacheBehavior [ RunTime:0.001000s ]
INFO: [ app_begin ] --END-- [ RunTime:0.003000s ]
NOTIC: [8] Undefined index: listorder E:\wamp64\www\muke\Application\Admin\Controller\ContentController.class.php 第 148 行.

[ 2017-02-18T15:56:22+08:00 ] 127.0.0.1 /admin.php?c=content&a=listorder
INFO: [ app_begin ] --START--
INFO: Run Behavior\ReadHtmlCacheBehavior [ RunTime:0.001000s ]
INFO: [ app_begin ] --END-- [ RunTime:0.002000s ]
NOTIC: [8] Undefined index: listorder E:\wamp64\www\muke\Application\Admin\Controller\ContentController.class.php 第 148 行.

[ 2017-02-18T15:57:33+08:00 ] 127.0.0.1 /admin.php?c=content&a=listorder
INFO: [ app_begin ] --START--
INFO: Run Behavior\ReadHtmlCacheBehavior [ RunTime:0.001000s ]
INFO: [ app_begin ] --END-- [ RunTime:0.002000s ]
NOTIC: [8] Undefined index: listorder E:\wamp64\www\muke\Application\Admin\Controller\ContentController.class.php 第 148 行.

[ 2017-02-18T15:58:24+08:00 ] 127.0.0.1 /admin.php?c=basic
ERR: 无法加载控制器:Basic

[ 2017-02-18T15:58:26+08:00 ] 127.0.0.1 /admin.php?c=admin
ERR: 无法加载控制器:Admin

[ 2017-02-18T15:58:41+08:00 ] 127.0.0.1 /admin.php?c=menu&a=listorder
INFO: [ app_begin ] --START--
INFO: Run Behavior\ReadHtmlCacheBehavior [ RunTime:0.001000s ]
INFO: [ app_begin ] --END-- [ RunTime:0.001000s ]
NOTIC: [2048] Declaration of Common\Model\MenuModel::find() should be compatible with Think\Model::find($options = Array) E:\wamp64\www\muke\Application\Common\Model\MenuModel.class.php 第 6 行.
SQL: UPDATE `cms_menu` SET `listorder`='1' WHERE ( menu_id=1 ) [ RunTime:0.0000s ]
SQL: UPDATE `cms_menu` SET `listorder`='0' WHERE ( menu_id=12 ) [ RunTime:0.0010s ]
SQL: UPDATE `cms_menu` SET `listorder`='99' WHERE ( menu_id=8 ) [ RunTime:0.0000s ]

[ 2017-02-18T15:58:56+08:00 ] 127.0.0.1 /admin.php?c=content&a=listorder
INFO: [ app_begin ] --START--
INFO: Run Behavior\ReadHtmlCacheBehavior [ RunTime:0.001000s ]
INFO: [ app_begin ] --END-- [ RunTime:0.002000s ]
NOTIC: [8] Undefined index: listorder E:\wamp64\www\muke\Application\Admin\Controller\ContentController.class.php 第 148 行.

[ 2017-02-18T15:59:59+08:00 ] 127.0.0.1 /admin.php?c=content&a=listorder
INFO: [ app_begin ] --START--
INFO: Run Behavior\ReadHtmlCacheBehavior [ RunTime:0.001000s ]
INFO: [ app_begin ] --END-- [ RunTime:0.002000s ]
NOTIC: [8] Undefined index: listorder E:\wamp64\www\muke\Application\Admin\Controller\ContentController.class.php 第 148 行.

[ 2017-02-18T16:00:01+08:00 ] 127.0.0.1 /admin.php?c=content&a=listorder
INFO: [ app_begin ] --START--
INFO: Run Behavior\ReadHtmlCacheBehavior [ RunTime:0.001000s ]
INFO: [ app_begin ] --END-- [ RunTime:0.002000s ]
NOTIC: [8] Undefined index: listorder E:\wamp64\www\muke\Application\Admin\Controller\ContentController.class.php 第 148 行.

[ 2017-02-18T16:01:07+08:00 ] 127.0.0.1 /admin.php?c=content&a=listorder
INFO: [ app_begin ] --START--
INFO: Run Behavior\ReadHtmlCacheBehavior [ RunTime:0.001000s ]
INFO: [ app_begin ] --END-- [ RunTime:0.001000s ]
NOTIC: [8] Undefined index: listorder E:\wamp64\www\muke\Application\Admin\Controller\ContentController.class.php 第 148 行.

[ 2017-02-18T16:01:07+08:00 ] 127.0.0.1 /admin.php?c=content&a=listorder
INFO: [ app_begin ] --START--
INFO: Run Behavior\ReadHtmlCacheBehavior [ RunTime:0.001001s ]
INFO: [ app_begin ] --END-- [ RunTime:0.001001s ]
NOTIC: [8] Undefined index: listorder E:\wamp64\www\muke\Application\Admin\Controller\ContentController.class.php 第 148 行.

[ 2017-02-18T16:01:10+08:00 ] 127.0.0.1 /admin.php?c=menu&a=listorder
INFO: [ app_begin ] --START--
INFO: Run Behavior\ReadHtmlCacheBehavior [ RunTime:0.000000s ]
INFO: [ app_begin ] --END-- [ RunTime:0.001000s ]
NOTIC: [2048] Declaration of Common\Model\MenuModel::find() should be compatible with Think\Model::find($options = Array) E:\wamp64\www\muke\Application\Common\Model\MenuModel.class.php 第 6 行.
SQL: UPDATE `cms_menu` SET `listorder`='99' WHERE ( menu_id=8 ) [ RunTime:0.0000s ]
SQL: UPDATE `cms_menu` SET `listorder`='11' WHERE ( menu_id=11 ) [ RunTime:0.0000s ]
SQL: UPDATE `cms_menu` SET `listorder`='10' WHERE ( menu_id=13 ) [ RunTime:0.0010s ]

[ 2017-02-18T16:01:14+08:00 ] 127.0.0.1 /admin.php?c=menu&a=listorder
INFO: [ app_begin ] --START--
INFO: Run Behavior\ReadHtmlCacheBehavior [ RunTime:0.000000s ]
INFO: [ app_begin ] --END-- [ RunTime:0.001000s ]
NOTIC: [2048] Declaration of Common\Model\MenuModel::find() should be compatible with Think\Model::find($options = Array) E:\wamp64\www\muke\Application\Common\Model\MenuModel.class.php 第 6 行.
SQL: UPDATE `cms_menu` SET `listorder`='99' WHERE ( menu_id=8 ) [ RunTime:0.0000s ]
SQL: UPDATE `cms_menu` SET `listorder`='11' WHERE ( menu_id=11 ) [ RunTime:0.0000s ]
SQL: UPDATE `cms_menu` SET `listorder`='10' WHERE ( menu_id=13 ) [ RunTime:0.0000s ]

[ 2017-02-18T16:02:55+08:00 ] 127.0.0.1 /admin.php?c=content&a=listorder
INFO: [ app_begin ] --START--
INFO: Run Behavior\ReadHtmlCacheBehavior [ RunTime:0.000000s ]
INFO: [ app_begin ] --END-- [ RunTime:0.001000s ]
NOTIC: [8] Undefined index: listorder E:\wamp64\www\muke\Application\Admin\Controller\ContentController.class.php 第 148 行.

[ 2017-02-18T16:03:00+08:00 ] 127.0.0.1 /admin.php?c=content&a=listorder
INFO: [ app_begin ] --START--
INFO: Run Behavior\ReadHtmlCacheBehavior [ RunTime:0.002000s ]
INFO: [ app_begin ] --END-- [ RunTime:0.003000s ]
NOTIC: [8] Undefined index: listorder E:\wamp64\www\muke\Application\Admin\Controller\ContentController.class.php 第 148 行.

[ 2017-02-18T16:03:24+08:00 ] 127.0.0.1 /admin.php?c=content&a=listorder
INFO: [ app_begin ] --START--
INFO: Run Behavior\ReadHtmlCacheBehavior [ RunTime:0.001001s ]
INFO: [ app_begin ] --END-- [ RunTime:0.001001s ]
NOTIC: [8] Undefined index: listorder E:\wamp64\www\muke\Application\Admin\Controller\ContentController.class.php 第 148 行.

[ 2017-02-18T16:04:07+08:00 ] 127.0.0.1 /admin.php?c=content&a=listorder
INFO: [ app_begin ] --START--
INFO: Run Behavior\ReadHtmlCacheBehavior [ RunTime:0.000000s ]
INFO: [ app_begin ] --END-- [ RunTime:0.001000s ]
NOTIC: [8] Undefined index: listorder E:\wamp64\www\muke\Application\Admin\Controller\ContentController.class.php 第 148 行.

[ 2017-02-18T16:04:11+08:00 ] 127.0.0.1 /admin.php?c=content&a=listorder
INFO: [ app_begin ] --START--
INFO: Run Behavior\ReadHtmlCacheBehavior [ RunTime:0.001000s ]
INFO: [ app_begin ] --END-- [ RunTime:0.002000s ]
NOTIC: [8] Undefined index: listorder E:\wamp64\www\muke\Application\Admin\Controller\ContentController.class.php 第 148 行.

[ 2017-02-18T16:04:38+08:00 ] 127.0.0.1 /admin.php?c=content&a=listorder
INFO: [ app_begin ] --START--
INFO: Run Behavior\ReadHtmlCacheBehavior [ RunTime:0.000000s ]
INFO: [ app_begin ] --END-- [ RunTime:0.000000s ]
NOTIC: [8] Undefined index: listorder E:\wamp64\www\muke\Application\Admin\Controller\ContentController.class.php 第 148 行.

[ 2017-02-18T16:05:39+08:00 ] 127.0.0.1 /admin.php?c=content&a=listorder
INFO: [ app_begin ] --START--
INFO: Run Behavior\ReadHtmlCacheBehavior [ RunTime:0.000000s ]
INFO: [ app_begin ] --END-- [ RunTime:0.001000s ]
NOTIC: [8] Undefined index: listorder E:\wamp64\www\muke\Application\Admin\Controller\ContentController.class.php 第 148 行.

[ 2017-02-18T16:05:43+08:00 ] 127.0.0.1 /admin.php?c=content&a=listorder
INFO: [ app_begin ] --START--
INFO: Run Behavior\ReadHtmlCacheBehavior [ RunTime:0.001000s ]
INFO: [ app_begin ] --END-- [ RunTime:0.002000s ]
NOTIC: [8] Undefined index: listorder E:\wamp64\www\muke\Application\Admin\Controller\ContentController.class.php 第 148 行.

[ 2017-02-18T16:07:06+08:00 ] 127.0.0.1 /admin.php?c=content&a=listorder
INFO: [ app_begin ] --START--
INFO: Run Behavior\ReadHtmlCacheBehavior [ RunTime:0.000000s ]
INFO: [ app_begin ] --END-- [ RunTime:0.001001s ]
NOTIC: [8] Undefined index: listorder E:\wamp64\www\muke\Application\Admin\Controller\ContentController.class.php 第 148 行.

[ 2017-02-18T16:07:58+08:00 ] 127.0.0.1 /admin.php?c=content&a=listorder
INFO: [ app_begin ] --START--
INFO: Run Behavior\ReadHtmlCacheBehavior [ RunTime:0.001000s ]
INFO: [ app_begin ] --END-- [ RunTime:0.001000s ]
NOTIC: [8] Undefined index: listorder E:\wamp64\www\muke\Application\Admin\Controller\ContentController.class.php 第 148 行.

[ 2017-02-18T16:08:13+08:00 ] 127.0.0.1 /admin.php?c=content&a=listorder
INFO: [ app_begin ] --START--
INFO: Run Behavior\ReadHtmlCacheBehavior [ RunTime:0.001000s ]
INFO: [ app_begin ] --END-- [ RunTime:0.001000s ]
NOTIC: [8] Undefined index: listorder E:\wamp64\www\muke\Application\Admin\Controller\ContentController.class.php 第 148 行.

[ 2017-02-18T16:08:30+08:00 ] 127.0.0.1 /index.php?m=admin&c=login&a=check
INFO: [ app_begin ] --START--
INFO: Run Behavior\ReadHtmlCacheBehavior [ RunTime:0.000000s ]
INFO: [ app_begin ] --END-- [ RunTime:0.001000s ]
SQL: SELECT * FROM `cms_admin` WHERE ( username="admin" ) LIMIT 1   [ RunTime:0.0010s ]

[ 2017-02-18T16:08:38+08:00 ] 127.0.0.1 /admin.php?c=content&a=listorder
INFO: [ app_begin ] --START--
INFO: Run Behavior\ReadHtmlCacheBehavior [ RunTime:0.001000s ]
INFO: [ app_begin ] --END-- [ RunTime:0.001000s ]
NOTIC: [8] Undefined index: listorder E:\wamp64\www\muke\Application\Admin\Controller\ContentController.class.php 第 148 行.

[ 2017-02-18T16:09:31+08:00 ] 127.0.0.1 /admin.php?c=menu&a=listorder
INFO: [ app_begin ] --START--
INFO: Run Behavior\ReadHtmlCacheBehavior [ RunTime:0.000000s ]
INFO: [ app_begin ] --END-- [ RunTime:0.001000s ]
NOTIC: [2048] Declaration of Common\Model\MenuModel::find() should be compatible with Think\Model::find($options = Array) E:\wamp64\www\muke\Application\Common\Model\MenuModel.class.php 第 6 行.
SQL: UPDATE `cms_menu` SET `listorder`='99' WHERE ( menu_id=8 ) [ RunTime:0.0000s ]
SQL: UPDATE `cms_menu` SET `listorder`='11' WHERE ( menu_id=11 ) [ RunTime:0.0000s ]
SQL: UPDATE `cms_menu` SET `listorder`='10' WHERE ( menu_id=13 ) [ RunTime:0.0000s ]

[ 2017-02-18T16:09:57+08:00 ] 127.0.0.1 /admin.php?c=content&a=listorder
INFO: [ app_begin ] --START--
INFO: Run Behavior\ReadHtmlCacheBehavior [ RunTime:0.001000s ]
INFO: [ app_begin ] --END-- [ RunTime:0.001000s ]
NOTIC: [8] Undefined index: listorder E:\wamp64\www\muke\Application\Admin\Controller\ContentController.class.php 第 148 行.

[ 2017-02-18T16:10:01+08:00 ] 127.0.0.1 /admin.php?c=content&a=listorder
INFO: [ app_begin ] --START--
INFO: Run Behavior\ReadHtmlCacheBehavior [ RunTime:0.001000s ]
INFO: [ app_begin ] --END-- [ RunTime:0.001000s ]
NOTIC: [8] Undefined index: listorder E:\wamp64\www\muke\Application\Admin\Controller\ContentController.class.php 第 148 行.

[ 2017-02-18T16:12:04+08:00 ] 127.0.0.1 /admin.php?c=content&a=listorder
INFO: [ app_begin ] --START--
INFO: Run Behavior\ReadHtmlCacheBehavior [ RunTime:0.000000s ]
INFO: [ app_begin ] --END-- [ RunTime:0.001000s ]
NOTIC: [8] Undefined index: listorder E:\wamp64\www\muke\Application\Admin\Controller\ContentController.class.php 第 148 行.

[ 2017-02-18T16:12:20+08:00 ] 127.0.0.1 /admin.php?c=content&a=listorder
INFO: [ app_begin ] --START--
INFO: Run Behavior\ReadHtmlCacheBehavior [ RunTime:0.000000s ]
INFO: [ app_begin ] --END-- [ RunTime:0.001000s ]
NOTIC: [8] Undefined index: listorder E:\wamp64\www\muke\Application\Admin\Controller\ContentController.class.php 第 148 行.

[ 2017-02-18T16:12:25+08:00 ] 127.0.0.1 /admin.php?c=content&a=listorder
INFO: [ app_begin ] --START--
INFO: Run Behavior\ReadHtmlCacheBehavior [ RunTime:0.001000s ]
INFO: [ app_begin ] --END-- [ RunTime:0.002000s ]
NOTIC: [8] Undefined index: listorder E:\wamp64\www\muke\Application\Admin\Controller\ContentController.class.php 第 148 行.

[ 2017-02-18T16:12:27+08:00 ] 127.0.0.1 /admin.php?c=content&a=listorder
INFO: [ app_begin ] --START--
INFO: Run Behavior\ReadHtmlCacheBehavior [ RunTime:0.001000s ]
INFO: [ app_begin ] --END-- [ RunTime:0.002000s ]
NOTIC: [8] Undefined index: listorder E:\wamp64\www\muke\Application\Admin\Controller\ContentController.class.php 第 148 行.

[ 2017-02-18T16:12:47+08:00 ] 127.0.0.1 /admin.php?c=content&a=listorder
INFO: [ app_begin ] --START--
INFO: Run Behavior\ReadHtmlCacheBehavior [ RunTime:0.001000s ]
INFO: [ app_begin ] --END-- [ RunTime:0.001000s ]
NOTIC: [8] Undefined index: listorder E:\wamp64\www\muke\Application\Admin\Controller\ContentController.class.php 第 148 行.

[ 2017-02-18T16:14:04+08:00 ] 127.0.0.1 /admin.php?c=content&a=listorder
INFO: [ app_begin ] --START--
INFO: Run Behavior\ReadHtmlCacheBehavior [ RunTime:0.000000s ]
INFO: [ app_begin ] --END-- [ RunTime:0.001000s ]
NOTIC: [8] Undefined index: listorder E:\wamp64\www\muke\Application\Admin\Controller\ContentController.class.php 第 148 行.

[ 2017-02-18T16:14:42+08:00 ] 127.0.0.1 /admin.php?c=content&a=listorder
INFO: [ app_begin ] --START--
INFO: Run Behavior\ReadHtmlCacheBehavior [ RunTime:0.001000s ]
INFO: [ app_begin ] --END-- [ RunTime:0.001000s ]
NOTIC: [8] Undefined index: listorder E:\wamp64\www\muke\Application\Admin\Controller\ContentController.class.php 第 148 行.

[ 2017-02-18T16:15:48+08:00 ] 127.0.0.1 /admin.php?c=content&a=listorder
INFO: [ app_begin ] --START--
INFO: Run Behavior\ReadHtmlCacheBehavior [ RunTime:0.001000s ]
INFO: [ app_begin ] --END-- [ RunTime:0.001000s ]
NOTIC: [8] Undefined index: listorder E:\wamp64\www\muke\Application\Admin\Controller\ContentController.class.php 第 148 行.

[ 2017-02-18T16:16:08+08:00 ] 127.0.0.1 /admin.php?c=content&a=listorder
INFO: [ app_begin ] --START--
INFO: Run Behavior\ReadHtmlCacheBehavior [ RunTime:0.001000s ]
INFO: [ app_begin ] --END-- [ RunTime:0.001000s ]
NOTIC: [8] Undefined index: listorder E:\wamp64\www\muke\Application\Admin\Controller\ContentController.class.php 第 148 行.

[ 2017-02-18T16:16:48+08:00 ] 127.0.0.1 /admin.php?c=content&a=listorder
INFO: [ app_begin ] --START--
INFO: Run Behavior\ReadHtmlCacheBehavior [ RunTime:0.000000s ]
INFO: [ app_begin ] --END-- [ RunTime:0.001000s ]

[ 2017-02-18T16:17:26+08:00 ] 127.0.0.1 /admin.php?c=content&a=listorder
INFO: [ app_begin ] --START--
INFO: Run Behavior\ReadHtmlCacheBehavior [ RunTime:0.001000s ]
INFO: [ app_begin ] --END-- [ RunTime:0.001000s ]

[ 2017-02-18T16:17:43+08:00 ] 127.0.0.1 /admin.php?c=content&a=listorder
INFO: [ app_begin ] --START--
INFO: Run Behavior\ReadHtmlCacheBehavior [ RunTime:0.000000s ]
INFO: [ app_begin ] --END-- [ RunTime:0.001000s ]

[ 2017-02-18T16:17:56+08:00 ] 127.0.0.1 /admin.php?c=content&a=listorder
INFO: [ app_begin ] --START--
INFO: Run Behavior\ReadHtmlCacheBehavior [ RunTime:0.001000s ]
INFO: [ app_begin ] --END-- [ RunTime:0.002000s ]

[ 2017-02-18T16:19:23+08:00 ] 127.0.0.1 /admin.php?c=content&a=listorder
INFO: [ app_begin ] --START--
INFO: Run Behavior\ReadHtmlCacheBehavior [ RunTime:0.001000s ]
INFO: [ app_begin ] --END-- [ RunTime:0.002000s ]

[ 2017-02-18T16:31:52+08:00 ] 127.0.0.1 /admin.php?c=content&a=listorder
INFO: [ app_begin ] --START--
INFO: Run Behavior\ReadHtmlCacheBehavior [ RunTime:0.001000s ]
INFO: [ app_begin ] --END-- [ RunTime:0.002000s ]
NOTIC: [2048] Declaration of Common\Model\NewsModel::find() should be compatible with Think\Model::find($options = Array) E:\wamp64\www\muke\Application\Common\Model\NewsModel.class.php 第 6 行.
ERR: 1054:Unknown column 'new_id' in 'where clause'
 [ SQL语句 ] : UPDATE `cms_news` SET `listorder`='0' WHERE ( new_id=28 )
ERR: 1054:Unknown column 'new_id' in 'where clause'
 [ SQL语句 ] : UPDATE `cms_news` SET `listorder`='0' WHERE ( new_id=28 )

[ 2017-02-18T16:31:58+08:00 ] 127.0.0.1 /admin.php?c=content&a=listorder
INFO: [ app_begin ] --START--
INFO: Run Behavior\ReadHtmlCacheBehavior [ RunTime:0.001000s ]
INFO: [ app_begin ] --END-- [ RunTime:0.001000s ]
NOTIC: [2048] Declaration of Common\Model\NewsModel::find() should be compatible with Think\Model::find($options = Array) E:\wamp64\www\muke\Application\Common\Model\NewsModel.class.php 第 6 行.
ERR: 1054:Unknown column 'new_id' in 'where clause'
 [ SQL语句 ] : UPDATE `cms_news` SET `listorder`='0' WHERE ( new_id=28 )
ERR: 1054:Unknown column 'new_id' in 'where clause'
 [ SQL语句 ] : UPDATE `cms_news` SET `listorder`='0' WHERE ( new_id=28 )

[ 2017-02-18T16:32:51+08:00 ] 127.0.0.1 /index.php?m=admin&c=login&a=check
INFO: [ app_begin ] --START--
INFO: Run Behavior\ReadHtmlCacheBehavior [ RunTime:0.001000s ]
INFO: [ app_begin ] --END-- [ RunTime:0.001000s ]
SQL: SELECT * FROM `cms_admin` WHERE ( username="admin" ) LIMIT 1   [ RunTime:0.0010s ]

[ 2017-02-18T16:33:04+08:00 ] 127.0.0.1 /admin.php?c=content&a=listorder
INFO: [ app_begin ] --START--
INFO: Run Behavior\ReadHtmlCacheBehavior [ RunTime:0.001000s ]
INFO: [ app_begin ] --END-- [ RunTime:0.001000s ]
NOTIC: [2048] Declaration of Common\Model\NewsModel::find() should be compatible with Think\Model::find($options = Array) E:\wamp64\www\muke\Application\Common\Model\NewsModel.class.php 第 6 行.
ERR: 1054:Unknown column 'new_id' in 'where clause'
 [ SQL语句 ] : UPDATE `cms_news` SET `listorder`='0' WHERE ( new_id=28 )
ERR: 1054:Unknown column 'new_id' in 'where clause'
 [ SQL语句 ] : UPDATE `cms_news` SET `listorder`='0' WHERE ( new_id=28 )

[ 2017-02-18T16:33:34+08:00 ] 127.0.0.1 /admin.php?c=content&a=listorder
INFO: [ app_begin ] --START--
INFO: Run Behavior\ReadHtmlCacheBehavior [ RunTime:0.001000s ]
INFO: [ app_begin ] --END-- [ RunTime:0.001000s ]
NOTIC: [2048] Declaration of Common\Model\NewsModel::find() should be compatible with Think\Model::find($options = Array) E:\wamp64\www\muke\Application\Common\Model\NewsModel.class.php 第 6 行.
SQL: UPDATE `cms_news` SET `listorder`='0' WHERE ( news_id=28 ) [ RunTime:0.0000s ]
SQL: UPDATE `cms_news` SET `listorder`='0' WHERE ( news_id=27 ) [ RunTime:0.0010s ]
SQL: UPDATE `cms_news` SET `listorder`='0' WHERE ( news_id=26 ) [ RunTime:0.0000s ]
SQL: UPDATE `cms_news` SET `listorder`='0' WHERE ( news_id=25 ) [ RunTime:0.0000s ]
SQL: UPDATE `cms_news` SET `listorder`='0' WHERE ( news_id=24 ) [ RunTime:0.0000s ]
SQL: UPDATE `cms_news` SET `listorder`='0' WHERE ( news_id=23 ) [ RunTime:0.0000s ]
SQL: UPDATE `cms_news` SET `listorder`='0' WHERE ( news_id=22 ) [ RunTime:0.0000s ]
SQL: UPDATE `cms_news` SET `listorder`='0' WHERE ( news_id=21 ) [ RunTime:0.0000s ]
SQL: UPDATE `cms_news` SET `listorder`='1' WHERE ( news_id=20 ) [ RunTime:0.0000s ]
SQL: UPDATE `cms_news` SET `listorder`='0' WHERE ( news_id=19 ) [ RunTime:0.0000s ]

[ 2017-02-18T16:33:42+08:00 ] 127.0.0.1 /admin.php?c=content&a=listorder
INFO: [ app_begin ] --START--
INFO: Run Behavior\ReadHtmlCacheBehavior [ RunTime:0.000000s ]
INFO: [ app_begin ] --END-- [ RunTime:0.001000s ]
NOTIC: [2048] Declaration of Common\Model\NewsModel::find() should be compatible with Think\Model::find($options = Array) E:\wamp64\www\muke\Application\Common\Model\NewsModel.class.php 第 6 行.
SQL: UPDATE `cms_news` SET `listorder`='1' WHERE ( news_id=20 ) [ RunTime:0.0000s ]
SQL: UPDATE `cms_news` SET `listorder`='0' WHERE ( news_id=28 ) [ RunTime:0.0000s ]
SQL: UPDATE `cms_news` SET `listorder`='0' WHERE ( news_id=27 ) [ RunTime:0.0010s ]
SQL: UPDATE `cms_news` SET `listorder`='0' WHERE ( news_id=26 ) [ RunTime:0.0000s ]
SQL: UPDATE `cms_news` SET `listorder`='0' WHERE ( news_id=25 ) [ RunTime:0.0000s ]
SQL: UPDATE `cms_news` SET `listorder`='0' WHERE ( news_id=24 ) [ RunTime:0.0000s ]
SQL: UPDATE `cms_news` SET `listorder`='0' WHERE ( news_id=23 ) [ RunTime:0.0000s ]
SQL: UPDATE `cms_news` SET `listorder`='7' WHERE ( news_id=22 ) [ RunTime:0.0000s ]
SQL: UPDATE `cms_news` SET `listorder`='8' WHERE ( news_id=21 ) [ RunTime:0.0000s ]
SQL: UPDATE `cms_news` SET `listorder`='44' WHERE ( news_id=19 ) [ RunTime:0.0010s ]

[ 2017-02-18T17:36:35+08:00 ] 127.0.0.1 /index.php?m=admin&c=login&a=check
INFO: [ app_begin ] --START--
INFO: Run Behavior\ReadHtmlCacheBehavior [ RunTime:0.000000s ]
INFO: [ app_begin ] --END-- [ RunTime:0.000000s ]
SQL: SELECT * FROM `cms_admin` WHERE ( username="admin" ) LIMIT 1   [ RunTime:0.0010s ]

[ 2017-02-18T18:27:06+08:00 ] 127.0.0.1 /index.php?m=admin&c=login&a=check
INFO: [ app_begin ] --START--
INFO: Run Behavior\ReadHtmlCacheBehavior [ RunTime:0.000000s ]
INFO: [ app_begin ] --END-- [ RunTime:0.000000s ]
SQL: SELECT * FROM `cms_admin` WHERE ( username="admin" ) LIMIT 1   [ RunTime:0.0010s ]

[ 2017-02-18T22:34:56+08:00 ] 127.0.0.1 /index.php?m=admin&c=login&a=check
INFO: [ app_begin ] --START--
INFO: Run Behavior\ReadHtmlCacheBehavior [ RunTime:0.000000s ]
INFO: [ app_begin ] --END-- [ RunTime:0.000000s ]
SQL: SELECT * FROM `cms_admin` WHERE ( username="admin" ) LIMIT 1   [ RunTime:0.0000s ]

[ 2017-02-18T22:35:00+08:00 ] 127.0.0.1 /admin.php?c=basic
ERR: 无法加载控制器:Basic

[ 2017-02-18T22:35:15+08:00 ] 127.0.0.1 /admin.php?c=position
ERR: 无法加载控制器:Position

[ 2017-02-18T22:35:26+08:00 ] 127.0.0.1 /admin.php?c=content&a=setStatus
INFO: [ app_begin ] --START--
INFO: Run Behavior\ReadHtmlCacheBehavior [ RunTime:0.001000s ]
INFO: [ app_begin ] --END-- [ RunTime:0.002000s ]
NOTIC: [2048] Declaration of Common\Model\NewsModel::find() should be compatible with Think\Model::find($options = Array) E:\wamp64\www\muke\Application\Common\Model\NewsModel.class.php 第 6 行.
SQL: UPDATE `cms_news` SET `status`='0' WHERE ( news_id=19 ) [ RunTime:0.0000s ]

[ 2017-02-18T22:38:07+08:00 ] 127.0.0.1 /admin.php?c=admin
ERR: 无法加载控制器:Admin

[ 2017-02-18T22:38:11+08:00 ] 127.0.0.1 /admin.php?c=position
ERR: 无法加载控制器:Position

[ 2017-02-18T22:38:13+08:00 ] 127.0.0.1 /admin.php?c=basic
ERR: 无法加载控制器:Basic

