[ 2017-03-01T09:38:38+08:00 ] 127.0.0.1 /index.php?m=admin&c=login&a=check
INFO: [ app_begin ] --START--
INFO: Run Behavior\ReadHtmlCacheBehavior [ RunTime:0.001000s ]
INFO: [ app_begin ] --END-- [ RunTime:0.001000s ]
SQL: SELECT * FROM `cms_admin` WHERE ( username="admin" ) LIMIT 1   [ RunTime:0.0200s ]

[ 2017-03-01T09:49:31+08:00 ] 127.0.0.1 /admin.php?c=admin
ERR: 无法加载控制器:Admin

[ 2017-03-01T10:03:36+08:00 ] 127.0.0.1 /admin.php?c=admin
ERR: 无法加载控制器:Admin

[ 2017-03-01T10:04:00+08:00 ] 127.0.0.1 /admin.php?c=admin
ERR: 无法加载控制器:Admin

[ 2017-03-01T10:09:18+08:00 ] 127.0.0.1 /admin.php?c=admin
ERR: 无法加载控制器:Admin

[ 2017-03-01T10:09:25+08:00 ] 127.0.0.1 /admin.php?c=admin
ERR: 无法加载控制器:Admin

[ 2017-03-01T10:09:44+08:00 ] 127.0.0.1 /admin.php?c=admin
ERR: 无法加载控制器:Admin

[ 2017-03-01T10:10:27+08:00 ] 127.0.0.1 /admin.php?c=admin
ERR: 无法加载控制器:Admin

[ 2017-03-01T10:15:17+08:00 ] 127.0.0.1 /admin.php?c=admin
ERR: 无法加载控制器:Admin

[ 2017-03-01T10:49:14+08:00 ] 127.0.0.1 /index.php?m=admin&c=login&a=check
INFO: [ app_begin ] --START--
INFO: Run Behavior\ReadHtmlCacheBehavior [ RunTime:0.000000s ]
INFO: [ app_begin ] --END-- [ RunTime:0.001000s ]
SQL: SELECT * FROM `cms_admin` WHERE ( username="admin" ) LIMIT 1   [ RunTime:0.0000s ]

[ 2017-03-01T11:00:19+08:00 ] 127.0.0.1 /index.php?m=admin&c=login&a=check
INFO: [ app_begin ] --START--
INFO: Run Behavior\ReadHtmlCacheBehavior [ RunTime:0.001000s ]
INFO: [ app_begin ] --END-- [ RunTime:0.001000s ]
SQL: SELECT * FROM `cms_admin` WHERE ( username="admin" ) LIMIT 1   [ RunTime:0.0010s ]

[ 2017-03-01T11:09:32+08:00 ] 127.0.0.1 /admin.php?c=admin
ERR: 无法加载控制器:Admin

[ 2017-03-01T11:11:25+08:00 ] 127.0.0.1 /admin.php?c=admin
ERR: 无法加载控制器:Admin

[ 2017-03-01T11:11:42+08:00 ] 127.0.0.1 /admin.php?c=admin
ERR: 无法加载控制器:Admin

[ 2017-03-01T11:12:05+08:00 ] 127.0.0.1 /admin.php?c=admin
ERR: 无法加载控制器:Admin

[ 2017-03-01T11:55:54+08:00 ] 127.0.0.1 /index.php?m=admin&c=login&a=check
INFO: [ app_begin ] --START--
INFO: Run Behavior\ReadHtmlCacheBehavior [ RunTime:0.001000s ]
INFO: [ app_begin ] --END-- [ RunTime:0.001000s ]
SQL: SELECT * FROM `cms_admin` WHERE ( username="admin" ) LIMIT 1   [ RunTime:0.0010s ]

[ 2017-03-01T11:56:01+08:00 ] 127.0.0.1 /admin.php?c=basic&a=add
INFO: [ app_begin ] --START--
INFO: Run Behavior\ReadHtmlCacheBehavior [ RunTime:0.000000s ]
INFO: [ app_begin ] --END-- [ RunTime:0.000000s ]

[ 2017-03-01T11:57:08+08:00 ] 127.0.0.1 /admin.php?c=basic&a=add
INFO: [ app_begin ] --START--
INFO: Run Behavior\ReadHtmlCacheBehavior [ RunTime:0.001000s ]
INFO: [ app_begin ] --END-- [ RunTime:0.001000s ]

[ 2017-03-01T11:57:11+08:00 ] 127.0.0.1 /admin.php?c=basic&a=add
INFO: [ app_begin ] --START--
INFO: Run Behavior\ReadHtmlCacheBehavior [ RunTime:0.000000s ]
INFO: [ app_begin ] --END-- [ RunTime:0.001000s ]
NOTIC: [2048] Declaration of Common\Model\BasicModel::save() should be compatible with Think\Model::save($data = '', $options = Array) D:\wamp64\www\muke\Application\Common\Model\BasicModel.class.php 第 8 行.
NOTIC: [2048] Declaration of Common\Model\BasicModel::select() should be compatible with Think\Model::select($options = Array) D:\wamp64\www\muke\Application\Common\Model\BasicModel.class.php 第 8 行.

[ 2017-03-01T11:57:38+08:00 ] 127.0.0.1 /admin.php?c=basic&a=add
INFO: [ app_begin ] --START--
INFO: Run Behavior\ReadHtmlCacheBehavior [ RunTime:0.001000s ]
INFO: [ app_begin ] --END-- [ RunTime:0.002001s ]
NOTIC: [2048] Declaration of Common\Model\BasicModel::save() should be compatible with Think\Model::save($data = '', $options = Array) D:\wamp64\www\muke\Application\Common\Model\BasicModel.class.php 第 8 行.
NOTIC: [2048] Declaration of Common\Model\BasicModel::select() should be compatible with Think\Model::select($options = Array) D:\wamp64\www\muke\Application\Common\Model\BasicModel.class.php 第 8 行.

[ 2017-03-01T11:57:59+08:00 ] 127.0.0.1 /admin.php?c=basic&a=add
INFO: [ app_begin ] --START--
INFO: Run Behavior\ReadHtmlCacheBehavior [ RunTime:0.001000s ]
INFO: [ app_begin ] --END-- [ RunTime:0.001000s ]
NOTIC: [2048] Declaration of Common\Model\BasicModel::save() should be compatible with Think\Model::save($data = '', $options = Array) D:\wamp64\www\muke\Application\Common\Model\BasicModel.class.php 第 8 行.
NOTIC: [2048] Declaration of Common\Model\BasicModel::select() should be compatible with Think\Model::select($options = Array) D:\wamp64\www\muke\Application\Common\Model\BasicModel.class.php 第 8 行.

[ 2017-03-01T12:00:34+08:00 ] 127.0.0.1 /admin.php?c=basic&a=add
INFO: [ app_begin ] --START--
INFO: Run Behavior\ReadHtmlCacheBehavior [ RunTime:0.001000s ]
INFO: [ app_begin ] --END-- [ RunTime:0.001000s ]
NOTIC: [2048] Declaration of Common\Model\BasicModel::save() should be compatible with Think\Model::save($data = '', $options = Array) D:\wamp64\www\muke\Application\Common\Model\BasicModel.class.php 第 8 行.
NOTIC: [2048] Declaration of Common\Model\BasicModel::select() should be compatible with Think\Model::select($options = Array) D:\wamp64\www\muke\Application\Common\Model\BasicModel.class.php 第 8 行.

[ 2017-03-01T12:00:49+08:00 ] 127.0.0.1 /admin.php?c=basic&a=add
INFO: [ app_begin ] --START--
INFO: Run Behavior\ReadHtmlCacheBehavior [ RunTime:0.001000s ]
INFO: [ app_begin ] --END-- [ RunTime:0.001000s ]
NOTIC: [2048] Declaration of Common\Model\BasicModel::save() should be compatible with Think\Model::save($data = '', $options = Array) D:\wamp64\www\muke\Application\Common\Model\BasicModel.class.php 第 8 行.
NOTIC: [2048] Declaration of Common\Model\BasicModel::select() should be compatible with Think\Model::select($options = Array) D:\wamp64\www\muke\Application\Common\Model\BasicModel.class.php 第 8 行.

[ 2017-03-01T13:29:56+08:00 ] 127.0.0.1 /admin.php?c=admin
ERR: 无法加载控制器:Admin

[ 2017-03-01T13:30:06+08:00 ] 127.0.0.1 /admin.php?c=admin
ERR: 无法加载控制器:Admin

[ 2017-03-01T13:51:47+08:00 ] 127.0.0.1 /admin.php?c=admin
ERR: 无法加载控制器:Admin

[ 2017-03-01T14:00:19+08:00 ] 127.0.0.1 /admin.php?c=content&a=add
INFO: [ app_begin ] --START--
INFO: Run Behavior\ReadHtmlCacheBehavior [ RunTime:0.000000s ]
INFO: [ app_begin ] --END-- [ RunTime:0.001000s ]
NOTIC: [2048] Declaration of Admin\Controller\ContentController::setStatus() should be compatible with Admin\Controller\CommonController::setStatus($data, $models) D:\wamp64\www\muke\Application\Admin\Controller\ContentController.class.php 第 7 行.
NOTIC: [2048] Declaration of Admin\Controller\ContentController::listorder() should be compatible with Admin\Controller\CommonController::listorder($model = '') D:\wamp64\www\muke\Application\Admin\Controller\ContentController.class.php 第 7 行.

[ 2017-03-01T14:17:18+08:00 ] 127.0.0.1 /admin.php?c=admin
ERR: 无法加载控制器:Admin

[ 2017-03-01T14:18:32+08:00 ] 127.0.0.1 /admin.php?c=admin
ERR: 无法加载控制器:Admin

[ 2017-03-01T14:28:50+08:00 ] 127.0.0.1 /admin.php?c=position&a=setStatus
INFO: [ app_begin ] --START--
INFO: Run Behavior\ReadHtmlCacheBehavior [ RunTime:0.001000s ]
INFO: [ app_begin ] --END-- [ RunTime:0.002000s ]
NOTIC: [2048] Declaration of Admin\Controller\PositionController::setStatus() should be compatible with Admin\Controller\CommonController::setStatus($data, $models) D:\wamp64\www\muke\Application\Admin\Controller\PositionController.class.php 第 7 行.
NOTIC: [2048] Declaration of Common\Model\PositionModel::find() should be compatible with Think\Model::find($options = Array) D:\wamp64\www\muke\Application\Common\Model\PositionModel.class.php 第 6 行.
SQL: UPDATE `cms_position` SET `status`='-1' WHERE ( id=6 ) [ RunTime:0.0000s ]

[ 2017-03-01T14:43:37+08:00 ] 127.0.0.1 /admin.php?c=admin
ERR: 无法加载控制器:Admin

[ 2017-03-01T15:19:36+08:00 ] 127.0.0.1 /admin.php?c=admin&a=personal
ERR: 无法加载控制器:Admin

[ 2017-03-01T15:27:32+08:00 ] 127.0.0.1 /admin.php?c=admin
ERR: 无法加载控制器:Admin

[ 2017-03-01T15:40:10+08:00 ] 127.0.0.1 /admin.php?c=admin
ERR: 1054:Unknown column 'name' in 'field list'
 [ SQL语句 ] : SELECT `admin_id`,`name`,`lastlogintime`,`status` FROM `cms_admin` WHERE ( `status` = null  ) 

[ 2017-03-01T16:02:09+08:00 ] 127.0.0.1 /admin.php?c=admin&a=setStatus
INFO: [ app_begin ] --START--
INFO: Run Behavior\ReadHtmlCacheBehavior [ RunTime:0.001000s ]
INFO: [ app_begin ] --END-- [ RunTime:0.002000s ]
ERR: 参数错误或者未定义:data

[ 2017-03-01T16:02:10+08:00 ] 127.0.0.1 /admin.php?c=admin&a=setStatus
INFO: [ app_begin ] --START--
INFO: Run Behavior\ReadHtmlCacheBehavior [ RunTime:0.001000s ]
INFO: [ app_begin ] --END-- [ RunTime:0.001000s ]
ERR: 参数错误或者未定义:data

[ 2017-03-01T16:02:11+08:00 ] 127.0.0.1 /admin.php?c=admin&a=setStatus
INFO: [ app_begin ] --START--
INFO: Run Behavior\ReadHtmlCacheBehavior [ RunTime:0.001000s ]
INFO: [ app_begin ] --END-- [ RunTime:0.002000s ]
ERR: 参数错误或者未定义:data

[ 2017-03-01T16:02:11+08:00 ] 127.0.0.1 /admin.php?c=admin&a=setStatus
INFO: [ app_begin ] --START--
INFO: Run Behavior\ReadHtmlCacheBehavior [ RunTime:0.000000s ]
INFO: [ app_begin ] --END-- [ RunTime:0.001000s ]
ERR: 参数错误或者未定义:data

[ 2017-03-01T16:12:51+08:00 ] 127.0.0.1 /admin.php?c=admin&a=add
INFO: [ app_begin ] --START--
INFO: Run Behavior\ReadHtmlCacheBehavior [ RunTime:0.001000s ]
INFO: [ app_begin ] --END-- [ RunTime:0.001000s ]
INFO: [ app_end ] --START--
INFO: Run Behavior\ShowPageTraceBehavior [ RunTime:0.001000s ]
INFO: [ app_end ] --END-- [ RunTime:0.001000s ]

[ 2017-03-01T16:12:53+08:00 ] 127.0.0.1 /admin.php?c=admin&a=add
INFO: [ app_begin ] --START--
INFO: Run Behavior\ReadHtmlCacheBehavior [ RunTime:0.001000s ]
INFO: [ app_begin ] --END-- [ RunTime:0.002001s ]
INFO: [ app_end ] --START--
INFO: Run Behavior\ShowPageTraceBehavior [ RunTime:0.001000s ]
INFO: [ app_end ] --END-- [ RunTime:0.002000s ]

[ 2017-03-01T16:12:54+08:00 ] 127.0.0.1 /admin.php?c=admin&a=add
INFO: [ app_begin ] --START--
INFO: Run Behavior\ReadHtmlCacheBehavior [ RunTime:0.001001s ]
INFO: [ app_begin ] --END-- [ RunTime:0.002001s ]
INFO: [ app_end ] --START--
INFO: Run Behavior\ShowPageTraceBehavior [ RunTime:0.002000s ]
INFO: [ app_end ] --END-- [ RunTime:0.002000s ]

[ 2017-03-01T16:12:58+08:00 ] 127.0.0.1 /admin.php?c=admin&a=add
INFO: [ app_begin ] --START--
INFO: Run Behavior\ReadHtmlCacheBehavior [ RunTime:0.000000s ]
INFO: [ app_begin ] --END-- [ RunTime:0.001000s ]
INFO: [ app_end ] --START--
INFO: Run Behavior\ShowPageTraceBehavior [ RunTime:0.001000s ]
INFO: [ app_end ] --END-- [ RunTime:0.001000s ]

[ 2017-03-01T16:13:00+08:00 ] 127.0.0.1 /admin.php?c=admin&a=add
INFO: [ app_begin ] --START--
INFO: Run Behavior\ReadHtmlCacheBehavior [ RunTime:0.001000s ]
INFO: [ app_begin ] --END-- [ RunTime:0.001000s ]
INFO: [ app_end ] --START--
INFO: Run Behavior\ShowPageTraceBehavior [ RunTime:0.001000s ]
INFO: [ app_end ] --END-- [ RunTime:0.001000s ]

[ 2017-03-01T16:13:01+08:00 ] 127.0.0.1 /admin.php?c=admin&a=add
INFO: [ app_begin ] --START--
INFO: Run Behavior\ReadHtmlCacheBehavior [ RunTime:0.000000s ]
INFO: [ app_begin ] --END-- [ RunTime:0.002000s ]
INFO: [ app_end ] --START--
INFO: Run Behavior\ShowPageTraceBehavior [ RunTime:0.001000s ]
INFO: [ app_end ] --END-- [ RunTime:0.001000s ]

[ 2017-03-01T16:13:02+08:00 ] 127.0.0.1 /admin.php?c=admin&a=add
INFO: [ app_begin ] --START--
INFO: Run Behavior\ReadHtmlCacheBehavior [ RunTime:0.000000s ]
INFO: [ app_begin ] --END-- [ RunTime:0.001000s ]
INFO: [ app_end ] --START--
INFO: Run Behavior\ShowPageTraceBehavior [ RunTime:0.000000s ]
INFO: [ app_end ] --END-- [ RunTime:0.000000s ]

[ 2017-03-01T16:13:02+08:00 ] 127.0.0.1 /admin.php?c=admin&a=add
INFO: [ app_begin ] --START--
INFO: Run Behavior\ReadHtmlCacheBehavior [ RunTime:0.001000s ]
INFO: [ app_begin ] --END-- [ RunTime:0.001000s ]
INFO: [ app_end ] --START--
INFO: Run Behavior\ShowPageTraceBehavior [ RunTime:0.001000s ]
INFO: [ app_end ] --END-- [ RunTime:0.001000s ]

[ 2017-03-01T16:13:02+08:00 ] 127.0.0.1 /admin.php?c=admin&a=add
INFO: [ app_begin ] --START--
INFO: Run Behavior\ReadHtmlCacheBehavior [ RunTime:0.000000s ]
INFO: [ app_begin ] --END-- [ RunTime:0.001000s ]
INFO: [ app_end ] --START--
INFO: Run Behavior\ShowPageTraceBehavior [ RunTime:0.000000s ]
INFO: [ app_end ] --END-- [ RunTime:0.000000s ]

[ 2017-03-01T16:13:02+08:00 ] 127.0.0.1 /admin.php?c=admin&a=add
INFO: [ app_begin ] --START--
INFO: Run Behavior\ReadHtmlCacheBehavior [ RunTime:0.000000s ]
INFO: [ app_begin ] --END-- [ RunTime:0.001000s ]
INFO: [ app_end ] --START--
INFO: Run Behavior\ShowPageTraceBehavior [ RunTime:0.001000s ]
INFO: [ app_end ] --END-- [ RunTime:0.001000s ]

[ 2017-03-01T16:13:02+08:00 ] 127.0.0.1 /admin.php?c=admin&a=add
INFO: [ app_begin ] --START--
INFO: Run Behavior\ReadHtmlCacheBehavior [ RunTime:0.000000s ]
INFO: [ app_begin ] --END-- [ RunTime:0.002000s ]
INFO: [ app_end ] --START--
INFO: Run Behavior\ShowPageTraceBehavior [ RunTime:0.001000s ]
INFO: [ app_end ] --END-- [ RunTime:0.001000s ]

[ 2017-03-01T16:13:23+08:00 ] 127.0.0.1 /admin.php?c=admin&a=add
INFO: [ app_begin ] --START--
INFO: Run Behavior\ReadHtmlCacheBehavior [ RunTime:0.000000s ]
INFO: [ app_begin ] --END-- [ RunTime:0.002000s ]
INFO: [ app_end ] --START--
INFO: Run Behavior\ShowPageTraceBehavior [ RunTime:0.001000s ]
INFO: [ app_end ] --END-- [ RunTime:0.001000s ]

[ 2017-03-01T16:13:45+08:00 ] 127.0.0.1 /admin.php?c=admin&a=add
INFO: [ app_begin ] --START--
INFO: Run Behavior\ReadHtmlCacheBehavior [ RunTime:0.001000s ]
INFO: [ app_begin ] --END-- [ RunTime:0.002000s ]
INFO: [ app_end ] --START--
INFO: Run Behavior\ShowPageTraceBehavior [ RunTime:0.001000s ]
INFO: [ app_end ] --END-- [ RunTime:0.001000s ]

[ 2017-03-01T16:13:47+08:00 ] 127.0.0.1 /admin.php?c=admin&a=add
INFO: [ app_begin ] --START--
INFO: Run Behavior\ReadHtmlCacheBehavior [ RunTime:0.001000s ]
INFO: [ app_begin ] --END-- [ RunTime:0.001000s ]
INFO: [ app_end ] --START--
INFO: Run Behavior\ShowPageTraceBehavior [ RunTime:0.001000s ]
INFO: [ app_end ] --END-- [ RunTime:0.001000s ]

[ 2017-03-01T16:13:50+08:00 ] 127.0.0.1 /admin.php?c=admin&a=add
INFO: [ app_begin ] --START--
INFO: Run Behavior\ReadHtmlCacheBehavior [ RunTime:0.001000s ]
INFO: [ app_begin ] --END-- [ RunTime:0.002000s ]
INFO: [ app_end ] --START--
INFO: Run Behavior\ShowPageTraceBehavior [ RunTime:0.001000s ]
INFO: [ app_end ] --END-- [ RunTime:0.002000s ]

[ 2017-03-01T16:13:51+08:00 ] 127.0.0.1 /admin.php?c=admin&a=add
INFO: [ app_begin ] --START--
INFO: Run Behavior\ReadHtmlCacheBehavior [ RunTime:0.001000s ]
INFO: [ app_begin ] --END-- [ RunTime:0.001000s ]
INFO: [ app_end ] --START--
INFO: Run Behavior\ShowPageTraceBehavior [ RunTime:0.002000s ]
INFO: [ app_end ] --END-- [ RunTime:0.002000s ]

[ 2017-03-01T16:14:07+08:00 ] 127.0.0.1 /index.php?m=admin&c=login&a=check
INFO: [ app_begin ] --START--
INFO: Run Behavior\ReadHtmlCacheBehavior [ RunTime:0.000000s ]
INFO: [ app_begin ] --END-- [ RunTime:0.001000s ]
NOTIC: [2048] Declaration of Common\Model\AdminModel::select() should be compatible with Think\Model::select($options = Array) D:\wamp64\www\muke\Application\Common\Model\AdminModel.class.php 第 4 行.
SQL: SELECT * FROM `cms_admin` WHERE ( username="admin" ) LIMIT 1   [ RunTime:0.0010s ]

[ 2017-03-01T16:14:24+08:00 ] 127.0.0.1 /admin.php?c=admin&a=add
INFO: [ app_begin ] --START--
INFO: Run Behavior\ReadHtmlCacheBehavior [ RunTime:0.001000s ]
INFO: [ app_begin ] --END-- [ RunTime:0.001000s ]
INFO: [ app_end ] --START--
INFO: Run Behavior\ShowPageTraceBehavior [ RunTime:0.001000s ]
INFO: [ app_end ] --END-- [ RunTime:0.001000s ]

[ 2017-03-01T16:17:13+08:00 ] 127.0.0.1 /admin.php?c=admin&a=add
INFO: [ app_begin ] --START--
INFO: Run Behavior\ReadHtmlCacheBehavior [ RunTime:0.000000s ]
INFO: [ app_begin ] --END-- [ RunTime:0.001000s ]

[ 2017-03-01T16:17:16+08:00 ] 127.0.0.1 /admin.php?c=admin&a=add
INFO: [ app_begin ] --START--
INFO: Run Behavior\ReadHtmlCacheBehavior [ RunTime:0.001000s ]
INFO: [ app_begin ] --END-- [ RunTime:0.001000s ]

[ 2017-03-01T16:17:18+08:00 ] 127.0.0.1 /admin.php?c=admin&a=add
INFO: [ app_begin ] --START--
INFO: Run Behavior\ReadHtmlCacheBehavior [ RunTime:0.001000s ]
INFO: [ app_begin ] --END-- [ RunTime:0.001000s ]

[ 2017-03-01T16:19:46+08:00 ] 127.0.0.1 /admin.php?c=admin&a=add
INFO: [ app_begin ] --START--
INFO: Run Behavior\ReadHtmlCacheBehavior [ RunTime:0.000000s ]
INFO: [ app_begin ] --END-- [ RunTime:0.000000s ]

[ 2017-03-01T16:19:51+08:00 ] 127.0.0.1 /admin.php?c=admin&a=add
INFO: [ app_begin ] --START--
INFO: Run Behavior\ReadHtmlCacheBehavior [ RunTime:0.001000s ]
INFO: [ app_begin ] --END-- [ RunTime:0.001000s ]
NOTIC: [2048] Declaration of Common\Model\AdminModel::select() should be compatible with Think\Model::select($options = Array) D:\wamp64\www\muke\Application\Common\Model\AdminModel.class.php 第 4 行.
SQL: SELECT * FROM `cms_admin` WHERE ( username="admin" ) LIMIT 1   [ RunTime:0.0000s ]

[ 2017-03-01T16:19:53+08:00 ] 127.0.0.1 /admin.php?c=admin&a=add
INFO: [ app_begin ] --START--
INFO: Run Behavior\ReadHtmlCacheBehavior [ RunTime:0.001000s ]
INFO: [ app_begin ] --END-- [ RunTime:0.001000s ]
NOTIC: [2048] Declaration of Common\Model\AdminModel::select() should be compatible with Think\Model::select($options = Array) D:\wamp64\www\muke\Application\Common\Model\AdminModel.class.php 第 4 行.
SQL: SELECT * FROM `cms_admin` WHERE ( username="admin" ) LIMIT 1   [ RunTime:0.0000s ]

[ 2017-03-01T16:19:55+08:00 ] 127.0.0.1 /admin.php?c=admin&a=add
INFO: [ app_begin ] --START--
INFO: Run Behavior\ReadHtmlCacheBehavior [ RunTime:0.001000s ]
INFO: [ app_begin ] --END-- [ RunTime:0.002000s ]
NOTIC: [2048] Declaration of Common\Model\AdminModel::select() should be compatible with Think\Model::select($options = Array) D:\wamp64\www\muke\Application\Common\Model\AdminModel.class.php 第 4 行.
SQL: SELECT * FROM `cms_admin` WHERE ( username="admin" ) LIMIT 1   [ RunTime:0.0000s ]

[ 2017-03-01T16:19:59+08:00 ] 127.0.0.1 /admin.php?c=admin&a=add
INFO: [ app_begin ] --START--
INFO: Run Behavior\ReadHtmlCacheBehavior [ RunTime:0.001000s ]
INFO: [ app_begin ] --END-- [ RunTime:0.001000s ]
NOTIC: [2048] Declaration of Common\Model\AdminModel::select() should be compatible with Think\Model::select($options = Array) D:\wamp64\www\muke\Application\Common\Model\AdminModel.class.php 第 4 行.
SQL: SELECT * FROM `cms_admin` WHERE ( username="admin2" ) LIMIT 1   [ RunTime:0.0000s ]

[ 2017-03-01T16:27:43+08:00 ] 127.0.0.1 /admin.php?c=admin&a=add
INFO: [ app_begin ] --START--
INFO: Run Behavior\ReadHtmlCacheBehavior [ RunTime:0.001000s ]
INFO: [ app_begin ] --END-- [ RunTime:0.001000s ]
NOTIC: [2048] Declaration of Common\Model\AdminModel::select() should be compatible with Think\Model::select($options = Array) D:\wamp64\www\muke\Application\Common\Model\AdminModel.class.php 第 4 行.
SQL: SELECT * FROM `cms_admin` WHERE ( username="123" ) LIMIT 1   [ RunTime:0.0000s ]
NOTIC: [8] Undefined index: validate D:\wamp64\www\muke\ThinkPHP\Library\Think\Model.class.php 第 1185 行.
NOTIC: [8] Undefined index: auto D:\wamp64\www\muke\ThinkPHP\Library\Think\Model.class.php 第 1128 行.

[ 2017-03-01T16:27:48+08:00 ] 127.0.0.1 /admin.php?c=admin&a=add
INFO: [ app_begin ] --START--
INFO: Run Behavior\ReadHtmlCacheBehavior [ RunTime:0.000000s ]
INFO: [ app_begin ] --END-- [ RunTime:0.002000s ]
NOTIC: [2048] Declaration of Common\Model\AdminModel::select() should be compatible with Think\Model::select($options = Array) D:\wamp64\www\muke\Application\Common\Model\AdminModel.class.php 第 4 行.
SQL: SELECT * FROM `cms_admin` WHERE ( username="123" ) LIMIT 1   [ RunTime:0.0000s ]
NOTIC: [8] Undefined index: validate D:\wamp64\www\muke\ThinkPHP\Library\Think\Model.class.php 第 1185 行.
NOTIC: [8] Undefined index: auto D:\wamp64\www\muke\ThinkPHP\Library\Think\Model.class.php 第 1128 行.

[ 2017-03-01T16:28:19+08:00 ] 127.0.0.1 /admin.php?c=admin&a=add
INFO: [ app_begin ] --START--
INFO: Run Behavior\ReadHtmlCacheBehavior [ RunTime:0.000000s ]
INFO: [ app_begin ] --END-- [ RunTime:0.001000s ]
NOTIC: [2048] Declaration of Common\Model\AdminModel::select() should be compatible with Think\Model::select($options = Array) D:\wamp64\www\muke\Application\Common\Model\AdminModel.class.php 第 4 行.
SQL: SELECT * FROM `cms_admin` WHERE ( username="123" ) LIMIT 1   [ RunTime:0.0000s ]
NOTIC: [8] Undefined index: validate D:\wamp64\www\muke\ThinkPHP\Library\Think\Model.class.php 第 1185 行.
NOTIC: [8] Undefined index: auto D:\wamp64\www\muke\ThinkPHP\Library\Think\Model.class.php 第 1128 行.

[ 2017-03-01T16:28:26+08:00 ] 127.0.0.1 /admin.php?c=admin&a=add
INFO: [ app_begin ] --START--
INFO: Run Behavior\ReadHtmlCacheBehavior [ RunTime:0.001000s ]
INFO: [ app_begin ] --END-- [ RunTime:0.001000s ]
NOTIC: [2048] Declaration of Common\Model\AdminModel::select() should be compatible with Think\Model::select($options = Array) D:\wamp64\www\muke\Application\Common\Model\AdminModel.class.php 第 4 行.
SQL: SELECT * FROM `cms_admin` WHERE ( username="123" ) LIMIT 1   [ RunTime:0.0010s ]
NOTIC: [8] Undefined index: validate D:\wamp64\www\muke\ThinkPHP\Library\Think\Model.class.php 第 1185 行.
NOTIC: [8] Undefined index: auto D:\wamp64\www\muke\ThinkPHP\Library\Think\Model.class.php 第 1128 行.

[ 2017-03-01T16:29:07+08:00 ] 127.0.0.1 /admin.php?c=admin&a=add
INFO: [ app_begin ] --START--
INFO: Run Behavior\ReadHtmlCacheBehavior [ RunTime:0.001000s ]
INFO: [ app_begin ] --END-- [ RunTime:0.001000s ]
NOTIC: [2048] Declaration of Common\Model\AdminModel::select() should be compatible with Think\Model::select($options = Array) D:\wamp64\www\muke\Application\Common\Model\AdminModel.class.php 第 4 行.
SQL: SELECT * FROM `cms_admin` WHERE ( username="123" ) LIMIT 1   [ RunTime:0.0000s ]
NOTIC: [8] Undefined index: validate D:\wamp64\www\muke\ThinkPHP\Library\Think\Model.class.php 第 1185 行.
NOTIC: [8] Undefined index: auto D:\wamp64\www\muke\ThinkPHP\Library\Think\Model.class.php 第 1128 行.

[ 2017-03-01T16:29:22+08:00 ] 127.0.0.1 /admin.php?c=admin&a=add
INFO: [ app_begin ] --START--
INFO: Run Behavior\ReadHtmlCacheBehavior [ RunTime:0.000000s ]
INFO: [ app_begin ] --END-- [ RunTime:0.000000s ]
NOTIC: [2048] Declaration of Common\Model\AdminModel::select() should be compatible with Think\Model::select($options = Array) D:\wamp64\www\muke\Application\Common\Model\AdminModel.class.php 第 4 行.
SQL: SELECT * FROM `cms_admin` WHERE ( username="123" ) LIMIT 1   [ RunTime:0.0000s ]
NOTIC: [8] Undefined index: validate D:\wamp64\www\muke\ThinkPHP\Library\Think\Model.class.php 第 1185 行.
NOTIC: [8] Undefined index: auto D:\wamp64\www\muke\ThinkPHP\Library\Think\Model.class.php 第 1128 行.

[ 2017-03-01T16:29:59+08:00 ] 127.0.0.1 /admin.php?c=admin&a=add
INFO: [ app_begin ] --START--
INFO: Run Behavior\ReadHtmlCacheBehavior [ RunTime:0.000000s ]
INFO: [ app_begin ] --END-- [ RunTime:0.001000s ]
NOTIC: [2048] Declaration of Common\Model\AdminModel::select() should be compatible with Think\Model::select($options = Array) D:\wamp64\www\muke\Application\Common\Model\AdminModel.class.php 第 4 行.
SQL: SELECT * FROM `cms_admin` WHERE ( username="123" ) LIMIT 1   [ RunTime:0.0000s ]
NOTIC: [8] Undefined index: validate D:\wamp64\www\muke\ThinkPHP\Library\Think\Model.class.php 第 1185 行.
NOTIC: [8] Undefined index: auto D:\wamp64\www\muke\ThinkPHP\Library\Think\Model.class.php 第 1128 行.

[ 2017-03-01T16:33:56+08:00 ] 127.0.0.1 /admin.php?c=admin&a=add
INFO: [ app_begin ] --START--
INFO: Run Behavior\ReadHtmlCacheBehavior [ RunTime:0.001000s ]
INFO: [ app_begin ] --END-- [ RunTime:0.001000s ]
NOTIC: [2048] Declaration of Common\Model\AdminModel::select() should be compatible with Think\Model::select($options = Array) D:\wamp64\www\muke\Application\Common\Model\AdminModel.class.php 第 4 行.
SQL: SELECT * FROM `cms_admin` WHERE ( username="天堂" ) LIMIT 1   [ RunTime:0.0000s ]
NOTIC: [8] Undefined index: validate D:\wamp64\www\muke\ThinkPHP\Library\Think\Model.class.php 第 1185 行.
NOTIC: [8] Undefined index: auto D:\wamp64\www\muke\ThinkPHP\Library\Think\Model.class.php 第 1128 行.
SQL: INSERT INTO `cms_admin` (`username`,`password`,`realname`) VALUES ('天堂','52c066cfbab1372cdb450a93ac5d1952','郑保坤') [ RunTime:0.0000s ]

[ 2017-03-01T16:34:46+08:00 ] 127.0.0.1 /admin.php?c=admin&a=add
INFO: [ app_begin ] --START--
INFO: Run Behavior\ReadHtmlCacheBehavior [ RunTime:0.000000s ]
INFO: [ app_begin ] --END-- [ RunTime:0.000000s ]
NOTIC: [2048] Declaration of Common\Model\AdminModel::select() should be compatible with Think\Model::select($options = Array) D:\wamp64\www\muke\Application\Common\Model\AdminModel.class.php 第 4 行.
SQL: SELECT * FROM `cms_admin` WHERE ( username="暗影" ) LIMIT 1   [ RunTime:0.0000s ]
NOTIC: [8] Undefined index: validate D:\wamp64\www\muke\ThinkPHP\Library\Think\Model.class.php 第 1185 行.
NOTIC: [8] Undefined index: auto D:\wamp64\www\muke\ThinkPHP\Library\Think\Model.class.php 第 1128 行.
SQL: INSERT INTO `cms_admin` (`username`,`password`,`realname`) VALUES ('暗影','3b774df4e728776b3195355531a27996','金色暗影') [ RunTime:0.0000s ]

[ 2017-03-01T16:35:02+08:00 ] 127.0.0.1 /index.php?m=admin&c=login&a=check
INFO: [ app_begin ] --START--
INFO: Run Behavior\ReadHtmlCacheBehavior [ RunTime:0.001000s ]
INFO: [ app_begin ] --END-- [ RunTime:0.001000s ]
NOTIC: [2048] Declaration of Common\Model\AdminModel::select() should be compatible with Think\Model::select($options = Array) D:\wamp64\www\muke\Application\Common\Model\AdminModel.class.php 第 4 行.
SQL: SELECT * FROM `cms_admin` WHERE ( username="暗影" ) LIMIT 1   [ RunTime:0.0000s ]

[ 2017-03-01T16:35:12+08:00 ] 127.0.0.1 /index.php?m=admin&c=login&a=check
INFO: [ app_begin ] --START--
INFO: Run Behavior\ReadHtmlCacheBehavior [ RunTime:0.000000s ]
INFO: [ app_begin ] --END-- [ RunTime:0.001000s ]
NOTIC: [2048] Declaration of Common\Model\AdminModel::select() should be compatible with Think\Model::select($options = Array) D:\wamp64\www\muke\Application\Common\Model\AdminModel.class.php 第 4 行.
SQL: SELECT * FROM `cms_admin` WHERE ( username="天堂" ) LIMIT 1   [ RunTime:0.0000s ]

[ 2017-03-01T16:35:16+08:00 ] 127.0.0.1 /index.php?m=admin&c=login&a=check
INFO: [ app_begin ] --START--
INFO: Run Behavior\ReadHtmlCacheBehavior [ RunTime:0.001000s ]
INFO: [ app_begin ] --END-- [ RunTime:0.001000s ]
NOTIC: [2048] Declaration of Common\Model\AdminModel::select() should be compatible with Think\Model::select($options = Array) D:\wamp64\www\muke\Application\Common\Model\AdminModel.class.php 第 4 行.
SQL: SELECT * FROM `cms_admin` WHERE ( username="天堂" ) LIMIT 1   [ RunTime:0.0000s ]

[ 2017-03-01T16:50:38+08:00 ] 127.0.0.1 /admin.php?c=admin&a=save
INFO: [ app_begin ] --START--
INFO: Run Behavior\ReadHtmlCacheBehavior [ RunTime:0.000000s ]
INFO: [ app_begin ] --END-- [ RunTime:0.000000s ]
ERR: 非法操作:save

[ 2017-03-01T16:50:40+08:00 ] 127.0.0.1 /admin.php?c=admin&a=save
INFO: [ app_begin ] --START--
INFO: Run Behavior\ReadHtmlCacheBehavior [ RunTime:0.001000s ]
INFO: [ app_begin ] --END-- [ RunTime:0.001000s ]
ERR: 非法操作:save

[ 2017-03-01T16:50:42+08:00 ] 127.0.0.1 /admin.php?c=admin&a=save
INFO: [ app_begin ] --START--
INFO: Run Behavior\ReadHtmlCacheBehavior [ RunTime:0.000000s ]
INFO: [ app_begin ] --END-- [ RunTime:0.001000s ]
ERR: 非法操作:save

[ 2017-03-01T17:15:39+08:00 ] 127.0.0.1 /index.php?m=admin&c=login&a=check
INFO: [ app_begin ] --START--
INFO: Run Behavior\ReadHtmlCacheBehavior [ RunTime:0.001000s ]
INFO: [ app_begin ] --END-- [ RunTime:0.001000s ]
NOTIC: [2048] Declaration of Common\Model\AdminModel::select() should be compatible with Think\Model::select($options = Array) D:\wamp64\www\muke\Application\Common\Model\AdminModel.class.php 第 4 行.
SQL: SELECT * FROM `cms_admin` WHERE ( username="admin" ) LIMIT 1   [ RunTime:0.0010s ]

[ 2017-03-01T17:15:52+08:00 ] 127.0.0.1 /index.php?m=admin&c=login&a=check
INFO: [ app_begin ] --START--
INFO: Run Behavior\ReadHtmlCacheBehavior [ RunTime:0.001000s ]
INFO: [ app_begin ] --END-- [ RunTime:0.001000s ]
NOTIC: [2048] Declaration of Common\Model\AdminModel::select() should be compatible with Think\Model::select($options = Array) D:\wamp64\www\muke\Application\Common\Model\AdminModel.class.php 第 4 行.
SQL: SELECT * FROM `cms_admin` WHERE ( username="admin" ) LIMIT 1   [ RunTime:0.0000s ]

